[0.011s] Invoking command in '/home/tony/webots_ws/build/traj_publish': /usr/bin/cmake --build /home/tony/webots_ws/build/traj_publish -- -j16 -l16
[0.041s] -- Found ament_cmake: 0.9.12 (/opt/ros/foxy/share/ament_cmake/cmake)
[0.065s] -- Using PYTHON_EXECUTABLE: /usr/bin/python3
[0.209s] -- Found rclcpp: 2.4.3 (/opt/ros/foxy/share/rclcpp/cmake)
[0.234s] -- Using all available rosidl_typesupport_c: rosidl_typesupport_fastrtps_c;rosidl_typesupport_introspection_c
[0.237s] -- Found rosidl_adapter: 1.3.1 (/opt/ros/foxy/share/rosidl_adapter/cmake)
[0.350s] -- Using all available rosidl_typesupport_cpp: rosidl_typesupport_fastrtps_cpp;rosidl_typesupport_introspection_cpp
[0.389s] -- Found rmw_implementation_cmake: 1.0.4 (/opt/ros/foxy/share/rmw_implementation_cmake/cmake)
[0.390s] -- Using RMW implementation 'rmw_fastrtps_cpp' as default
[0.492s] -- Found nav_msgs: 2.0.5 (/opt/ros/foxy/share/nav_msgs/cmake)
[0.570s] -- Found ament_lint_auto: 0.9.8 (/opt/ros/foxy/share/ament_lint_auto/cmake)
[0.610s] Error parsing '/home/tony/webots_ws/src/traj_publish/package.xml':
[0.756s] Traceback (most recent call last):
[0.756s]   File "/opt/ros/foxy/share/ament_cmake_core/cmake/core/package_xml_2_cmake.py", line 143, in <module>
[0.756s]     main()
[0.756s]   File "/opt/ros/foxy/share/ament_cmake_core/cmake/core/package_xml_2_cmake.py", line 52, in main
[0.756s]     raise e
[0.757s]   File "/opt/ros/foxy/share/ament_cmake_core/cmake/core/package_xml_2_cmake.py", line 48, in main
[0.757s]     package = parse_package_string(
[0.757s]   File "/usr/lib/python3/dist-packages/catkin_pkg/package.py", line 788, in parse_package_string
[0.757s]     pkg.validate(warnings=warnings)
[0.757s]   File "/usr/lib/python3/dist-packages/catkin_pkg/package.py", line 330, in validate
[0.757s]     raise InvalidPackage('\n'.join(errors), self.filename)
[0.757s] catkin_pkg.package.InvalidPackage: Error(s) in package '/home/tony/webots_ws/src/traj_publish/package.xml':
[0.757s] The package "traj_publish" must not "build_depend" on a package with the same name as this package
[0.757s] The package "traj_publish" must not "build_export_depend" on a package with the same name as this package
[0.757s] The package "traj_publish" must not "exec_depend" on a package with the same name as this package
[0.774s] CMake Error at /opt/ros/foxy/share/ament_cmake_core/cmake/core/ament_package_xml.cmake:94 (message):
[0.775s]   execute_process(/usr/bin/python3
[0.775s]   /opt/ros/foxy/share/ament_cmake_core/cmake/core/package_xml_2_cmake.py
[0.775s]   /home/tony/webots_ws/src/traj_publish/package.xml
[0.775s]   /home/tony/webots_ws/build/traj_publish/ament_cmake_core/package.cmake)
[0.775s]   returned error code 1
[0.775s] Call Stack (most recent call first):
[0.775s]   /opt/ros/foxy/share/ament_cmake_core/cmake/core/ament_package_xml.cmake:49 (_ament_package_xml)
[0.775s]   /opt/ros/foxy/share/ament_lint_auto/cmake/ament_lint_auto_find_test_dependencies.cmake:31 (ament_package_xml)
[0.775s]   CMakeLists.txt:32 (ament_lint_auto_find_test_dependencies)
[0.775s] 
[0.775s] 
[0.776s] -- Configuring incomplete, errors occurred!
[0.776s] See also "/home/tony/webots_ws/build/traj_publish/CMakeFiles/CMakeOutput.log".
[0.776s] See also "/home/tony/webots_ws/build/traj_publish/CMakeFiles/CMakeError.log".
[0.782s] make: *** [Makefile:266: cmake_check_build_system] Error 1
[0.785s] Invoked command in '/home/tony/webots_ws/build/traj_publish' returned '2': /usr/bin/cmake --build /home/tony/webots_ws/build/traj_publish -- -j16 -l16
