[35m[1mScanning dependencies of target traj_pub[0m
[ 66%] [32mBuilding CXX object CMakeFiles/traj_pub.dir/src/traj_visualization.cpp.o[0m
[ 66%] [32mBuilding CXX object CMakeFiles/traj_pub.dir/src/traj_pub.cpp.o[0m
[01m[K/home/tony/webots_ws/src/traj_publish/src/traj_pub.cpp:[m[K In member function â€˜[01m[Kvoid TrajectoryPublisher::publishBspline()[m[Kâ€™:
[01m[K/home/tony/webots_ws/src/traj_publish/src/traj_pub.cpp:69:46:[m[K [01;31m[Kerror: [m[Kinvalid use of non-static member function â€˜[01m[Kconstexpr Eigen::EigenBase<Derived>::Index Eigen::EigenBase<Derived>::size() const [with Derived = Eigen::Matrix<double, -1, -1>; Eigen::EigenBase<Derived>::Index = long int][m[Kâ€™
   69 |         [01;31m[Kstd::cout << "Control Points Size: " << control_points.size[m[K << std::endl;
      |         [01;31m[K~~~~~~~~~~~~~~~~~~~~~~~~~~~~~~~~~~~~~^~~~~~~~~~~~~~~~~~~~~~[m[K
In file included from [01m[K/usr/local/include/eigen3/Eigen/Core:274[m[K,
                 from [01m[K/usr/local/include/eigen3/Eigen/Dense:1[m[K,
                 from [01m[K/usr/local/include/eigen3/Eigen/Eigen:1[m[K,
                 from [01m[K/home/tony/webots_ws/src/traj_publish/include/traj_visualization.hpp:3[m[K,
                 from [01m[K/home/tony/webots_ws/src/traj_publish/include/traj_publish/traj_pub.hpp:7[m[K,
                 from [01m[K/home/tony/webots_ws/src/traj_publish/src/traj_pub.cpp:1[m[K:
[01m[K/usr/local/include/eigen3/Eigen/src/Core/EigenBase.h:67:16:[m[K [01;36m[Knote: [m[Kdeclared here
   67 |   inline Index [01;36m[Ksize[m[K() const EIGEN_NOEXCEPT { return rows() * cols(); }
      |                [01;36m[K^~~~[m[K
make[2]: *** [CMakeFiles/traj_pub.dir/build.make:63: CMakeFiles/traj_pub.dir/src/traj_pub.cpp.o] Error 1
make[2]: *** Waiting for unfinished jobs....
make[1]: *** [CMakeFiles/Makefile2:78: CMakeFiles/traj_pub.dir/all] Error 2
make: *** [Makefile:141: all] Error 2
