[35m[1mScanning dependencies of target control_node[0m
[ 25%] [32mBuilding CXX object CMakeFiles/control_node.dir/src/control_node.cpp.o[0m
In file included from [01m[K/home/tony/webots_ws/src/qpOASES/include/qpOASES/QProblemB.hpp:1014[m[K,
                 from [01m[K/home/tony/webots_ws/src/qpOASES/include/qpOASES.hpp:66[m[K,
                 from [01m[K/home/tony/webots_ws/src/mpc_controller/include/mpc_controller/mpc_controller.hpp:4[m[K,
                 from [01m[K/home/tony/webots_ws/src/mpc_controller/src/control_node.cpp:5[m[K:
[01m[K/home/tony/webots_ws/src/qpOASES/include/qpOASES/QProblemB.ipp:[m[K In member function â€˜[01m[Kvoid qpOASES::QProblemB::applyGivens(qpOASES::real_t, qpOASES::real_t, qpOASES::real_t, qpOASES::real_t, qpOASES::real_t, qpOASES::real_t&, qpOASES::real_t&) const[m[Kâ€™:
[01m[K/home/tony/webots_ws/src/qpOASES/include/qpOASES/QProblemB.ipp:447:64:[m[K [01;35m[Kwarning: [m[Kunused parameter â€˜[01m[Knu[m[Kâ€™ [[01;35m[K-Wunused-parameter[m[K]
  447 | inline void QProblemB::applyGivens( real_t c, real_t s, [01;35m[Kreal_t nu[m[K, real_t xold, real_t yold,
      |                                                         [01;35m[K~~~~~~~^~[m[K
In file included from [01m[K/home/tony/webots_ws/src/qpOASES/include/qpOASES/QProblem.hpp:43[m[K,
                 from [01m[K/home/tony/webots_ws/src/qpOASES/include/qpOASES.hpp:67[m[K,
                 from [01m[K/home/tony/webots_ws/src/mpc_controller/include/mpc_controller/mpc_controller.hpp:4[m[K,
                 from [01m[K/home/tony/webots_ws/src/mpc_controller/src/control_node.cpp:5[m[K:
[01m[K/home/tony/webots_ws/src/qpOASES/include/qpOASES/ConstraintProduct.hpp:[m[K In copy constructor â€˜[01m[KqpOASES::ConstraintProduct::ConstraintProduct(const qpOASES::ConstraintProduct&)[m[Kâ€™:
[01m[K/home/tony/webots_ws/src/qpOASES/include/qpOASES/ConstraintProduct.hpp:64:47:[m[K [01;35m[Kwarning: [m[Kunused parameter â€˜[01m[KtoCopy[m[Kâ€™ [[01;35m[K-Wunused-parameter[m[K]
   64 |   ConstraintProduct( [01;35m[Kconst ConstraintProduct &toCopy[m[K /**< Rhs object. */
      |                      [01;35m[K~~~~~~~~~~~~~~~~~~~~~~~~~^~~~~~[m[K
[01m[K/home/tony/webots_ws/src/qpOASES/include/qpOASES/ConstraintProduct.hpp:[m[K In member function â€˜[01m[KqpOASES::ConstraintProduct& qpOASES::ConstraintProduct::operator=(const qpOASES::ConstraintProduct&)[m[Kâ€™:
[01m[K/home/tony/webots_ws/src/qpOASES/include/qpOASES/ConstraintProduct.hpp:71:58:[m[K [01;35m[Kwarning: [m[Kunused parameter â€˜[01m[KtoCopy[m[Kâ€™ [[01;35m[K-Wunused-parameter[m[K]
   71 |   ConstraintProduct &operator=( [01;35m[Kconst ConstraintProduct &toCopy[m[K /**< Rhs object. */
      |                                 [01;35m[K~~~~~~~~~~~~~~~~~~~~~~~~~^~~~~~[m[K
[01m[K/home/tony/webots_ws/src/mpc_controller/src/control_node.cpp:[m[K In lambda function:
[01m[K/home/tony/webots_ws/src/mpc_controller/src/control_node.cpp:70:208:[m[K [01;31m[Kerror: [m[Kcannot convert â€˜[01m[Kshared_ptr<[01;32m[Kstd_msgs::msg::UInt8_<std::allocator<void> >[m[K>[m[Kâ€™ to â€˜[01m[Kshared_ptr<[01;32m[Knav_msgs::msg::Odometry_<std::allocator<void> >[m[K>[m[Kâ€™
   70 | 1), 10, [this, i](const std_msgs::msg::UInt8::SharedPtr msg) {this->odom_callback([01;31m[Kmsg[m[K, i);});
      |                                                                                   [01;31m[K^~~[m[K
      |                                                                                   [01;31m[K|[m[K
      |                                                                                   [01;31m[Kshared_ptr<std_msgs::msg::UInt8_<std::allocator<void> >>[m[K

[01m[K/home/tony/webots_ws/src/mpc_controller/src/control_node.cpp:201:65:[m[K [01;36m[Knote: [m[K  initializing argument 1 of â€˜[01m[Kvoid control_node::odom_callback(nav_msgs::msg::Odometry_<std::allocator<void> >::SharedPtr, int)[m[Kâ€™
  201 |     void odom_callback([01;36m[Kconst nav_msgs::msg::Odometry::SharedPtr msg[m[K, int robot_id)
      |                        [01;36m[K~~~~~~~~~~~~~~~~~~~~~~~~~~~~~~~~~~~~~~~~~^~~[m[K
[01m[K/home/tony/webots_ws/src/mpc_controller/src/control_node.cpp:[m[K In lambda function:
[01m[K/home/tony/webots_ws/src/mpc_controller/src/control_node.cpp:72:233:[m[K [01;31m[Kerror: [m[Kcannot convert â€˜[01m[Kshared_ptr<[01;32m[Ktraj_interfaces::msg::Bspline_<std::allocator<void> >[m[K>[m[Kâ€™ to â€˜[01m[Kshared_ptr<[01;32m[Knav_msgs::msg::Odometry_<std::allocator<void> >[m[K>[m[Kâ€™
   72 | this, i](const traj_interfaces::msg::Bspline::SharedPtr msg) {this->odom_callback([01;31m[Kmsg[m[K, i);});
      |                                                                                   [01;31m[K^~~[m[K
      |                                                                                   [01;31m[K|[m[K
      |                                                                                   [01;31m[Kshared_ptr<traj_interfaces::msg::Bspline_<std::allocator<void> >>[m[K

[01m[K/home/tony/webots_ws/src/mpc_controller/src/control_node.cpp:201:65:[m[K [01;36m[Knote: [m[K  initializing argument 1 of â€˜[01m[Kvoid control_node::odom_callback(nav_msgs::msg::Odometry_<std::allocator<void> >::SharedPtr, int)[m[Kâ€™
  201 |     void odom_callback([01;36m[Kconst nav_msgs::msg::Odometry::SharedPtr msg[m[K, int robot_id)
      |                        [01;36m[K~~~~~~~~~~~~~~~~~~~~~~~~~~~~~~~~~~~~~~~~~^~~[m[K
[01m[K/home/tony/webots_ws/src/mpc_controller/src/control_node.cpp:[m[K In lambda function:
[01m[K/home/tony/webots_ws/src/mpc_controller/src/control_node.cpp:74:204:[m[K [01;31m[Kerror: [m[Kcannot convert â€˜[01m[Kshared_ptr<[01;32m[Kstd_msgs::msg::UInt8_<std::allocator<void> >[m[K>[m[Kâ€™ to â€˜[01m[Kshared_ptr<[01;32m[Knav_msgs::msg::Odometry_<std::allocator<void> >[m[K>[m[Kâ€™
   74 | 1), 10, [this, i](const std_msgs::msg::UInt8::SharedPtr msg) {this->odom_callback([01;31m[Kmsg[m[K, i);});
      |                                                                                   [01;31m[K^~~[m[K
      |                                                                                   [01;31m[K|[m[K
      |                                                                                   [01;31m[Kshared_ptr<std_msgs::msg::UInt8_<std::allocator<void> >>[m[K

[01m[K/home/tony/webots_ws/src/mpc_controller/src/control_node.cpp:201:65:[m[K [01;36m[Knote: [m[K  initializing argument 1 of â€˜[01m[Kvoid control_node::odom_callback(nav_msgs::msg::Odometry_<std::allocator<void> >::SharedPtr, int)[m[Kâ€™
  201 |     void odom_callback([01;36m[Kconst nav_msgs::msg::Odometry::SharedPtr msg[m[K, int robot_id)
      |                        [01;36m[K~~~~~~~~~~~~~~~~~~~~~~~~~~~~~~~~~~~~~~~~~^~~[m[K
[01m[K/home/tony/webots_ws/src/mpc_controller/src/control_node.cpp:[m[K In member function â€˜[01m[Kvoid control_node::cmdCallback(int)[m[Kâ€™:
[01m[K/home/tony/webots_ws/src/mpc_controller/src/control_node.cpp:121:27:[m[K [01;31m[Kerror: [m[Kâ€˜[01m[Ktraj_duration_[m[Kâ€™ was not declared in this scope; did you mean â€˜[01m[Ktraj_duration[m[Kâ€™?
  121 |         else if (t_cur >= [01;31m[Ktraj_duration_[m[K)
      |                           [01;31m[K^~~~~~~~~~~~~~[m[K
      |                           [32m[Ktraj_duration[m[K
[01m[K/home/tony/webots_ws/src/mpc_controller/src/control_node.cpp:125:27:[m[K [01;31m[Kerror: [m[Kbase operand of â€˜[01m[K->[m[Kâ€™ has non-pointer type â€˜[01m[Kstd::vector<std::shared_ptr<rclcpp::Publisher<motor_interfaces::msg::Motor_<std::allocator<void> > > > >[m[Kâ€™
  125 |             pub_robot_cmds[01;31m[K->[m[Kpublish(motor_cmd);
      |                           [01;31m[K^~[m[K
[01m[K/home/tony/webots_ws/src/mpc_controller/src/control_node.cpp:[m[K In member function â€˜[01m[Kvoid control_node::MPC_calculate(double&, int)[m[Kâ€™:
[01m[K/home/tony/webots_ws/src/mpc_controller/src/control_node.cpp:384:54:[m[K [01;31m[Kerror: [m[Kâ€˜[01m[Ktraj_duration_[m[Kâ€™ was not declared in this scope; did you mean â€˜[01m[Ktraj_duration[m[Kâ€™?
  384 |         pos_final = traj[robot_id][0].evaluateDeBoor([01;31m[Ktraj_duration_[m[K);
      |                                                      [01;31m[K^~~~~~~~~~~~~~[m[K
      |                                                      [32m[Ktraj_duration[m[K
[01m[K/home/tony/webots_ws/src/mpc_controller/src/control_node.cpp:503:31:[m[K [01;35m[Kwarning: [m[Kcomparison of integer expressions of different signedness: â€˜[01m[Kint[m[Kâ€™ and â€˜[01m[Kstd::vector<Eigen::Matrix<double, 2, 1> >::size_type[m[Kâ€™ {aka â€˜[01m[Klong unsigned int[m[Kâ€™} [[01;35m[K-Wsign-compare[m[K]
  503 |             for (int i = 0; [01;35m[Ki < U_r.size()[m[K; i++)
      |                             [01;35m[K~~^~~~~~~~~~~~[m[K
[01m[K/home/tony/webots_ws/src/mpc_controller/src/control_node.cpp:381:16:[m[K [01;35m[Kwarning: [m[Kunused variable â€˜[01m[Kyaw_start[m[Kâ€™ [[01;35m[K-Wunused-variable[m[K]
  381 |         double [01;35m[Kyaw_start[m[K = atan2(vel_start(1), vel_start(0));       // åˆå§‹èˆªå‘è§’
      |                [01;35m[K^~~~~~~~~[m[K
[01m[K/home/tony/webots_ws/src/mpc_controller/src/control_node.cpp:[m[K In function â€˜[01m[Kint main(int, char**)[m[Kâ€™:
[01m[K/home/tony/webots_ws/src/mpc_controller/src/control_node.cpp:535:151:[m[K [01;31m[Kerror: [m[Kno matching function for call to â€˜[01m[Kcontrol_node::create_wall_timer(std::chrono::milliseconds, std::_Bind_helper<false, void (control_node::*)(int), std::shared_ptr<control_node>&, int&>::type)[m[Kâ€™
  535 | d::chrono::milliseconds(30), std::bind(&control_node::cmdCallback, node, i)[01;31m[K)[m[K;
      |                                                                            [01;31m[K^[m[K

In file included from [01m[K/opt/ros/foxy/include/rclcpp/executors/single_threaded_executor.hpp:28[m[K,
                 from [01m[K/opt/ros/foxy/include/rclcpp/executors.hpp:22[m[K,
                 from [01m[K/opt/ros/foxy/include/rclcpp/rclcpp.hpp:146[m[K,
                 from [01m[K/home/tony/webots_ws/src/mpc_controller/src/control_node.cpp:4[m[K:
[01m[K/opt/ros/foxy/include/rclcpp/node.hpp:232:3:[m[K [01;36m[Knote: [m[Kcandidate: â€˜[01m[Ktemplate<class DurationRepT, class DurationT, class CallbackT> typename rclcpp::WallTimer<CallbackT>::SharedPtr rclcpp::Node::create_wall_timer(std::chrono::duration<_Rep1, _Period1>, CallbackT, rclcpp::CallbackGroup::SharedPtr)[m[Kâ€™
  232 |   [01;36m[Kcreate_wall_timer[m[K(
      |   [01;36m[K^~~~~~~~~~~~~~~~~[m[K
[01m[K/opt/ros/foxy/include/rclcpp/node.hpp:232:3:[m[K [01;36m[Knote: [m[K  template argument deduction/substitution failed:
In file included from [01m[K/opt/ros/foxy/include/rclcpp/node.hpp:1224[m[K,
                 from [01m[K/opt/ros/foxy/include/rclcpp/executors/single_threaded_executor.hpp:28[m[K,
                 from [01m[K/opt/ros/foxy/include/rclcpp/executors.hpp:22[m[K,
                 from [01m[K/opt/ros/foxy/include/rclcpp/rclcpp.hpp:146[m[K,
                 from [01m[K/home/tony/webots_ws/src/mpc_controller/src/control_node.cpp:4[m[K:
/opt/ros/foxy/include/rclcpp/node_impl.hpp: In substitution of â€˜[01m[Ktemplate<class DurationRepT, class DurationT, class CallbackT> typename rclcpp::WallTimer<CallbackT>::SharedPtr rclcpp::Node::create_wall_timer(std::chrono::duration<_Rep1, _Period1>, CallbackT, rclcpp::CallbackGroup::SharedPtr) [with DurationRepT = long int; DurationT = std::ratio<1, 1000>; CallbackT = std::_Bind<void (control_node::*(std::shared_ptr<control_node>, int))(int)>][m[Kâ€™:
[01m[K/home/tony/webots_ws/src/mpc_controller/src/control_node.cpp:535:151:[m[K   required from here
[01m[K/opt/ros/foxy/include/rclcpp/node_impl.hpp:109:1:[m[K [01;31m[Kerror: [m[Kno type named â€˜[01m[Ktype[m[Kâ€™ in â€˜[01m[Kstruct std::enable_if<false, void>[m[Kâ€™
  109 | [01;31m[KNode[m[K::create_wall_timer(
      | [01;31m[K^~~~[m[K
[01m[K/opt/ros/foxy/include/rclcpp/node_impl.hpp:109:1:[m[K [01;31m[Kerror: [m[Kno type named â€˜[01m[Ktype[m[Kâ€™ in â€˜[01m[Kstruct std::enable_if<false, void>[m[Kâ€™
[01m[K/opt/ros/foxy/include/rclcpp/node_impl.hpp:109:1:[m[K [01;36m[Knote: [m[Kinvalid template non-type parameter
make[2]: *** [CMakeFiles/control_node.dir/build.make:63: CMakeFiles/control_node.dir/src/control_node.cpp.o] Error 1
make[1]: *** [CMakeFiles/Makefile2:78: CMakeFiles/control_node.dir/all] Error 2
make: *** [Makefile:141: all] Error 2
