[35m[1mScanning dependencies of target traj_pub[0m
[ 66%] [32mBuilding CXX object CMakeFiles/traj_pub.dir/src/traj_pub.cpp.o[0m
[ 66%] [32mBuilding CXX object CMakeFiles/traj_pub.dir/src/traj_visualization.cpp.o[0m
[01m[K/home/tony/webots_ws/src/traj_publish/src/traj_pub.cpp:[m[K In member function â€˜[01m[Kvoid TrajectoryPublisher::publishTrajectory()[m[Kâ€™:
[01m[K/home/tony/webots_ws/src/traj_publish/src/traj_pub.cpp:155:9:[m[K [01;31m[Kerror: [m[Kâ€˜[01m[Ktraj_publisher_[m[Kâ€™ was not declared in this scope; did you mean â€˜[01m[Kdir_publisher_[m[Kâ€™?
  155 |         [01;31m[Ktraj_publisher_[m[K->publish(trajectory);
      |         [01;31m[K^~~~~~~~~~~~~~~[m[K
      |         [32m[Kdir_publisher_[m[K
make[2]: *** [CMakeFiles/traj_pub.dir/build.make:63: CMakeFiles/traj_pub.dir/src/traj_pub.cpp.o] Error 1
make[2]: *** Waiting for unfinished jobs....
make[1]: *** [CMakeFiles/Makefile2:78: CMakeFiles/traj_pub.dir/all] Error 2
make: *** [Makefile:141: all] Error 2
