[0.019s] Invoking command in '/home/tony/webots_ws/build/mpc_controller': CMAKE_PREFIX_PATH=/home/tony/webots_ws/install/traj_interfaces:/home/tony/webots_ws/install/motor_interfaces:/home/tony/webots_ws/install/traj_publish:/home/tony/webots_ws/install/my_package:/home/tony/webots_ws/install/my_mir_package:/opt/ros/foxy PYTHONPATH=/home/tony/webots_ws/install/traj_interfaces/lib/python3.8/site-packages:/home/tony/webots_ws/install/motor_interfaces/lib/python3.8/site-packages:/home/tony/webots_ws/install/my_package/lib/python3.8/site-packages:/home/tony/webots_ws/install/my_mir_package/lib/python3.8/site-packages:/opt/ros/foxy/lib/python3.8/site-packages /usr/bin/cmake --build /home/tony/webots_ws/build/mpc_controller -- -j16 -l16
[0.087s] [35m[1mScanning dependencies of target control_node[0m
[0.142s] [ 50%] [32mBuilding CXX object CMakeFiles/control_node.dir/src/control_node.cpp.o[0m
[1.200s] In file included from [01m[K/home/tony/webots_ws/src/qpOASES/include/qpOASES/QProblemB.hpp:1014[m[K,
[1.201s]                  from [01m[K/home/tony/webots_ws/src/qpOASES/include/qpOASES.hpp:66[m[K,
[1.201s]                  from [01m[K/home/tony/webots_ws/src/mpc_controller/include/mpc_controller/mpc_controller.hpp:4[m[K,
[1.201s]                  from [01m[K/home/tony/webots_ws/src/mpc_controller/src/control_node.cpp:5[m[K:
[1.201s] [01m[K/home/tony/webots_ws/src/qpOASES/include/qpOASES/QProblemB.ipp:[m[K In member function ‘[01m[Kvoid qpOASES::QProblemB::applyGivens(qpOASES::real_t, qpOASES::real_t, qpOASES::real_t, qpOASES::real_t, qpOASES::real_t, qpOASES::real_t&, qpOASES::real_t&) const[m[K’:
[1.201s] [01m[K/home/tony/webots_ws/src/qpOASES/include/qpOASES/QProblemB.ipp:447:64:[m[K [01;35m[Kwarning: [m[Kunused parameter ‘[01m[Knu[m[K’ [[01;35m[K-Wunused-parameter[m[K]
[1.201s]   447 | inline void QProblemB::applyGivens( real_t c, real_t s, [01;35m[Kreal_t nu[m[K, real_t xold, real_t yold,
[1.201s]       |                                                         [01;35m[K~~~~~~~^~[m[K
[1.201s] In file included from [01m[K/home/tony/webots_ws/src/qpOASES/include/qpOASES/QProblem.hpp:43[m[K,
[1.201s]                  from [01m[K/home/tony/webots_ws/src/qpOASES/include/qpOASES.hpp:67[m[K,
[1.201s]                  from [01m[K/home/tony/webots_ws/src/mpc_controller/include/mpc_controller/mpc_controller.hpp:4[m[K,
[1.202s]                  from [01m[K/home/tony/webots_ws/src/mpc_controller/src/control_node.cpp:5[m[K:
[1.202s] [01m[K/home/tony/webots_ws/src/qpOASES/include/qpOASES/ConstraintProduct.hpp:[m[K In copy constructor ‘[01m[KqpOASES::ConstraintProduct::ConstraintProduct(const qpOASES::ConstraintProduct&)[m[K’:
[1.202s] [01m[K/home/tony/webots_ws/src/qpOASES/include/qpOASES/ConstraintProduct.hpp:64:47:[m[K [01;35m[Kwarning: [m[Kunused parameter ‘[01m[KtoCopy[m[K’ [[01;35m[K-Wunused-parameter[m[K]
[1.202s]    64 |   ConstraintProduct( [01;35m[Kconst ConstraintProduct &toCopy[m[K /**< Rhs object. */
[1.202s]       |                      [01;35m[K~~~~~~~~~~~~~~~~~~~~~~~~~^~~~~~[m[K
[1.202s] [01m[K/home/tony/webots_ws/src/qpOASES/include/qpOASES/ConstraintProduct.hpp:[m[K In member function ‘[01m[KqpOASES::ConstraintProduct& qpOASES::ConstraintProduct::operator=(const qpOASES::ConstraintProduct&)[m[K’:
[1.202s] [01m[K/home/tony/webots_ws/src/qpOASES/include/qpOASES/ConstraintProduct.hpp:71:58:[m[K [01;35m[Kwarning: [m[Kunused parameter ‘[01m[KtoCopy[m[K’ [[01;35m[K-Wunused-parameter[m[K]
[1.202s]    71 |   ConstraintProduct &operator=( [01;35m[Kconst ConstraintProduct &toCopy[m[K /**< Rhs object. */
[1.202s]       |                                 [01;35m[K~~~~~~~~~~~~~~~~~~~~~~~~~^~~~~~[m[K
[1.992s] [01m[K/home/tony/webots_ws/src/mpc_controller/src/control_node.cpp:[m[K In constructor ‘[01m[Kcontrol_node::control_node(std::string)[m[K’:
[1.992s] [01m[K/home/tony/webots_ws/src/mpc_controller/src/control_node.cpp:53:9:[m[K [01;31m[Kerror: [m[K‘[01m[Ksub_stop_msg[m[K’ was not declared in this scope; did you mean ‘[01m[Ksub_odom_msg[m[K’?
[1.992s]    53 |         [01;31m[Ksub_stop_msg[m[K = this->create_subscription<std_msgs::msg::UInt8>("/traj_pub/stop", 10, std::bind(&control_node::stop_callback, this, std::placeholders::_1));
[1.992s]       |         [01;31m[K^~~~~~~~~~~~[m[K
[1.992s]       |         [32m[Ksub_odom_msg[m[K
[1.992s] [01m[K/home/tony/webots_ws/src/mpc_controller/src/control_node.cpp:53:119:[m[K [01;31m[Kerror: [m[K‘[01m[Kstop_callback[m[K’ is not a member of ‘[01m[Kcontrol_node[m[K’
[1.992s]    53 | ption<std_msgs::msg::UInt8>("/traj_pub/stop", 10, std::bind(&control_node::[01;31m[Kstop_callback[m[K, this, std::placeholders::_1));
[1.992s]       |                                                                            [01;31m[K^~~~~~~~~~~~~[m[K
[1.993s] 
[2.046s] [01m[K/home/tony/webots_ws/src/mpc_controller/src/control_node.cpp:[m[K In member function ‘[01m[Kvoid control_node::MPC_calculate(double&)[m[K’:
[2.046s] [01m[K/home/tony/webots_ws/src/mpc_controller/src/control_node.cpp:280:31:[m[K [01;35m[Kwarning: [m[Kcomparison of integer expressions of different signedness: ‘[01m[Kint[m[K’ and ‘[01m[Kstd::vector<Eigen::Matrix<double, 2, 1> >::size_type[m[K’ {aka ‘[01m[Klong unsigned int[m[K’} [[01;35m[K-Wsign-compare[m[K]
[2.046s]   280 |             for (int i = 0; [01;35m[Ki < U_r.size()[m[K; i++)
[2.046s]       |                             [01;35m[K~~^~~~~~~~~~~~[m[K
[2.054s] [01m[K/home/tony/webots_ws/src/mpc_controller/src/control_node.cpp:158:16:[m[K [01;35m[Kwarning: [m[Kunused variable ‘[01m[Kyaw_start[m[K’ [[01;35m[K-Wunused-variable[m[K]
[2.054s]   158 |         double [01;35m[Kyaw_start[m[K = atan2(vel_start(1), vel_start(0));       // 初始航向角
[2.054s]       |                [01;35m[K^~~~~~~~~[m[K
[2.057s] [01m[K/home/tony/webots_ws/src/mpc_controller/src/control_node.cpp:[m[K In member function ‘[01m[Kvoid control_node::cmdCallback()[m[K’:
[2.057s] [01m[K/home/tony/webots_ws/src/mpc_controller/src/control_node.cpp:308:13:[m[K [01;31m[Kerror: [m[K‘[01m[Kvel_cmd_pub[m[K’ was not declared in this scope
[2.058s]   308 |             [01;31m[Kvel_cmd_pub[m[K.publish(motor_cmd);
[2.058s]       |             [01;31m[K^~~~~~~~~~~[m[K
[2.058s] [01m[K/home/tony/webots_ws/src/mpc_controller/src/control_node.cpp:317:47:[m[K [01;31m[Kerror: [m[K‘[01m[Kclass rclcpp::Duration[m[K’ has no member named ‘[01m[KtoSec[m[K’
[2.058s]   317 |         double t_cur = (time_s - start_time_).[01;31m[KtoSec[m[K();
[2.058s]       |                                               [01;31m[K^~~~~[m[K
[2.061s] [01m[K/home/tony/webots_ws/src/mpc_controller/src/control_node.cpp:[m[K In function ‘[01m[Kint main(int, char**)[m[K’:
[2.061s] [01m[K/home/tony/webots_ws/src/mpc_controller/src/control_node.cpp:351:139:[m[K [01;31m[Kerror: [m[Kinvalid use of ‘[01m[Kthis[m[K’ in non-member function
[2.061s]   351 | timer(std::chrono::milliseconds(30), std::bind(&control_node::cmdCallback, [01;31m[Kthis[m[K));
[2.061s]       |                                                                            [01;31m[K^~~~[m[K
[2.061s] 
[2.686s] In file included from [01m[K/usr/include/x86_64-linux-gnu/c++/9/bits/c++allocator.h:33[m[K,
[2.686s]                  from [01m[K/usr/include/c++/9/bits/allocator.h:46[m[K,
[2.686s]                  from [01m[K/usr/include/c++/9/memory:63[m[K,
[2.687s]                  from [01m[K/opt/ros/foxy/include/rosidl_runtime_cpp/bounded_vector.hpp:19[m[K,
[2.687s]                  from [01m[K/opt/ros/foxy/include/std_msgs/msg/detail/u_int8__struct.hpp:8[m[K,
[2.687s]                  from [01m[K/opt/ros/foxy/include/std_msgs/msg/u_int8.hpp:7[m[K,
[2.687s]                  from [01m[K/home/tony/webots_ws/src/mpc_controller/src/control_node.cpp:3[m[K:
[2.687s] /usr/include/c++/9/ext/new_allocator.h: In instantiation of ‘[01m[Kvoid __gnu_cxx::new_allocator<_Tp>::construct(_Up*, _Args&& ...) [with _Up = control_node; _Args = {const char (&)[13]}; _Tp = control_node][m[K’:
[2.687s] [01m[K/usr/include/c++/9/bits/alloc_traits.h:483:4:[m[K   required from ‘[01m[Kstatic void std::allocator_traits<std::allocator<_Tp> >::construct(std::allocator_traits<std::allocator<_Tp> >::allocator_type&, _Up*, _Args&& ...) [with _Up = control_node; _Args = {const char (&)[13]}; _Tp = control_node; std::allocator_traits<std::allocator<_Tp> >::allocator_type = std::allocator<control_node>][m[K’
[2.687s] [01m[K/usr/include/c++/9/bits/shared_ptr_base.h:548:39:[m[K   required from ‘[01m[Kstd::_Sp_counted_ptr_inplace<_Tp, _Alloc, _Lp>::_Sp_counted_ptr_inplace(_Alloc, _Args&& ...) [with _Args = {const char (&)[13]}; _Tp = control_node; _Alloc = std::allocator<control_node>; __gnu_cxx::_Lock_policy _Lp = __gnu_cxx::_S_atomic][m[K’
[2.687s] [01m[K/usr/include/c++/9/bits/shared_ptr_base.h:679:16:[m[K   required from ‘[01m[Kstd::__shared_count<_Lp>::__shared_count(_Tp*&, std::_Sp_alloc_shared_tag<_Alloc>, _Args&& ...) [with _Tp = control_node; _Alloc = std::allocator<control_node>; _Args = {const char (&)[13]}; __gnu_cxx::_Lock_policy _Lp = __gnu_cxx::_S_atomic][m[K’
[2.687s] [01m[K/usr/include/c++/9/bits/shared_ptr_base.h:1344:71:[m[K   required from ‘[01m[Kstd::__shared_ptr<_Tp, _Lp>::__shared_ptr(std::_Sp_alloc_shared_tag<_Tp>, _Args&& ...) [with _Alloc = std::allocator<control_node>; _Args = {const char (&)[13]}; _Tp = control_node; __gnu_cxx::_Lock_policy _Lp = __gnu_cxx::_S_atomic][m[K’
[2.687s] [01m[K/usr/include/c++/9/bits/shared_ptr.h:359:59:[m[K   required from ‘[01m[Kstd::shared_ptr<_Tp>::shared_ptr(std::_Sp_alloc_shared_tag<_Tp>, _Args&& ...) [with _Alloc = std::allocator<control_node>; _Args = {const char (&)[13]}; _Tp = control_node][m[K’
[2.687s] [01m[K/usr/include/c++/9/bits/shared_ptr.h:701:14:[m[K   required from ‘[01m[Kstd::shared_ptr<_Tp> std::allocate_shared(const _Alloc&, _Args&& ...) [with _Tp = control_node; _Alloc = std::allocator<control_node>; _Args = {const char (&)[13]}][m[K’
[2.687s] [01m[K/usr/include/c++/9/bits/shared_ptr.h:717:39:[m[K   required from ‘[01m[Kstd::shared_ptr<_Tp> std::make_shared(_Args&& ...) [with _Tp = control_node; _Args = {const char (&)[13]}][m[K’
[2.687s] [01m[K/home/tony/webots_ws/src/mpc_controller/src/control_node.cpp:349:62:[m[K   required from here
[2.687s] [01m[K/usr/include/c++/9/ext/new_allocator.h:146:4:[m[K [01;31m[Kerror: [m[K‘[01m[Kcontrol_node::control_node(std::string)[m[K’ is private within this context
[2.687s]   146 |  { [01;31m[K::new((void *)__p) _Up(std::forward<_Args>(__args)...)[m[K; }
[2.688s]       |    [01;31m[K^~~~~~~~~~~~~~~~~~~~~~~~~~~~~~~~~~~~~~~~~~~~~~~~~~~~~~[m[K
[2.688s] [01m[K/home/tony/webots_ws/src/mpc_controller/src/control_node.cpp:48:5:[m[K [01;36m[Knote: [m[Kdeclared private here
[2.688s]    48 |     [01;36m[Kcontrol_node[m[K(std::string node_name) : Node(node_name)
[2.688s]       |     [01;36m[K^~~~~~~~~~~~[m[K
[4.228s] make[2]: *** [CMakeFiles/control_node.dir/build.make:63: CMakeFiles/control_node.dir/src/control_node.cpp.o] Error 1
[4.228s] make[1]: *** [CMakeFiles/Makefile2:78: CMakeFiles/control_node.dir/all] Error 2
[4.229s] make: *** [Makefile:141: all] Error 2
[4.231s] Invoked command in '/home/tony/webots_ws/build/mpc_controller' returned '2': CMAKE_PREFIX_PATH=/home/tony/webots_ws/install/traj_interfaces:/home/tony/webots_ws/install/motor_interfaces:/home/tony/webots_ws/install/traj_publish:/home/tony/webots_ws/install/my_package:/home/tony/webots_ws/install/my_mir_package:/opt/ros/foxy PYTHONPATH=/home/tony/webots_ws/install/traj_interfaces/lib/python3.8/site-packages:/home/tony/webots_ws/install/motor_interfaces/lib/python3.8/site-packages:/home/tony/webots_ws/install/my_package/lib/python3.8/site-packages:/home/tony/webots_ws/install/my_mir_package/lib/python3.8/site-packages:/opt/ros/foxy/lib/python3.8/site-packages /usr/bin/cmake --build /home/tony/webots_ws/build/mpc_controller -- -j16 -l16
