In file included from [01m[K/home/tony/webots_ws/src/qpOASES/include/qpOASES/QProblemB.hpp:1014[m[K,
                 from [01m[K/home/tony/webots_ws/src/qpOASES/include/qpOASES.hpp:66[m[K,
                 from [01m[K/home/tony/webots_ws/src/mpc_controller/include/mpc_controller/mpc_controller.hpp:4[m[K,
                 from [01m[K/home/tony/webots_ws/src/mpc_controller/src/control_node.cpp:5[m[K:
[01m[K/home/tony/webots_ws/src/qpOASES/include/qpOASES/QProblemB.ipp:[m[K In member function â€˜[01m[Kvoid qpOASES::QProblemB::applyGivens(qpOASES::real_t, qpOASES::real_t, qpOASES::real_t, qpOASES::real_t, qpOASES::real_t, qpOASES::real_t&, qpOASES::real_t&) const[m[Kâ€™:
[01m[K/home/tony/webots_ws/src/qpOASES/include/qpOASES/QProblemB.ipp:447:64:[m[K [01;35m[Kwarning: [m[Kunused parameter â€˜[01m[Knu[m[Kâ€™ [[01;35m[K-Wunused-parameter[m[K]
  447 | inline void QProblemB::applyGivens( real_t c, real_t s, [01;35m[Kreal_t nu[m[K, real_t xold, real_t yold,
      |                                                         [01;35m[K~~~~~~~^~[m[K
In file included from [01m[K/home/tony/webots_ws/src/qpOASES/include/qpOASES/QProblem.hpp:43[m[K,
                 from [01m[K/home/tony/webots_ws/src/qpOASES/include/qpOASES.hpp:67[m[K,
                 from [01m[K/home/tony/webots_ws/src/mpc_controller/include/mpc_controller/mpc_controller.hpp:4[m[K,
                 from [01m[K/home/tony/webots_ws/src/mpc_controller/src/control_node.cpp:5[m[K:
[01m[K/home/tony/webots_ws/src/qpOASES/include/qpOASES/ConstraintProduct.hpp:[m[K In copy constructor â€˜[01m[KqpOASES::ConstraintProduct::ConstraintProduct(const qpOASES::ConstraintProduct&)[m[Kâ€™:
[01m[K/home/tony/webots_ws/src/qpOASES/include/qpOASES/ConstraintProduct.hpp:64:47:[m[K [01;35m[Kwarning: [m[Kunused parameter â€˜[01m[KtoCopy[m[Kâ€™ [[01;35m[K-Wunused-parameter[m[K]
   64 |   ConstraintProduct( [01;35m[Kconst ConstraintProduct &toCopy[m[K /**< Rhs object. */
      |                      [01;35m[K~~~~~~~~~~~~~~~~~~~~~~~~~^~~~~~[m[K
[01m[K/home/tony/webots_ws/src/qpOASES/include/qpOASES/ConstraintProduct.hpp:[m[K In member function â€˜[01m[KqpOASES::ConstraintProduct& qpOASES::ConstraintProduct::operator=(const qpOASES::ConstraintProduct&)[m[Kâ€™:
[01m[K/home/tony/webots_ws/src/qpOASES/include/qpOASES/ConstraintProduct.hpp:71:58:[m[K [01;35m[Kwarning: [m[Kunused parameter â€˜[01m[KtoCopy[m[Kâ€™ [[01;35m[K-Wunused-parameter[m[K]
   71 |   ConstraintProduct &operator=( [01;35m[Kconst ConstraintProduct &toCopy[m[K /**< Rhs object. */
      |                                 [01;35m[K~~~~~~~~~~~~~~~~~~~~~~~~~^~~~~~[m[K
[01m[K/home/tony/webots_ws/src/mpc_controller/src/control_node.cpp:[m[K In lambda function:
[01m[K/home/tony/webots_ws/src/mpc_controller/src/control_node.cpp:70:208:[m[K [01;31m[Kerror: [m[Kcannot convert â€˜[01m[Kshared_ptr<[01;32m[Kstd_msgs::msg::UInt8_<std::allocator<void> >[m[K>[m[Kâ€™ to â€˜[01m[Kshared_ptr<[01;32m[Knav_msgs::msg::Odometry_<std::allocator<void> >[m[K>[m[Kâ€™
   70 | 1), 10, [this, i](const std_msgs::msg::UInt8::SharedPtr msg) {this->odom_callback([01;31m[Kmsg[m[K, i);});
      |                                                                                   [01;31m[K^~~[m[K
      |                                                                                   [01;31m[K|[m[K
      |                                                                                   [01;31m[Kshared_ptr<std_msgs::msg::UInt8_<std::allocator<void> >>[m[K

[01m[K/home/tony/webots_ws/src/mpc_controller/src/control_node.cpp:201:65:[m[K [01;36m[Knote: [m[K  initializing argument 1 of â€˜[01m[Kvoid control_node::odom_callback(nav_msgs::msg::Odometry_<std::allocator<void> >::SharedPtr, int)[m[Kâ€™
  201 |     void odom_callback([01;36m[Kconst nav_msgs::msg::Odometry::SharedPtr msg[m[K, int robot_id)
      |                        [01;36m[K~~~~~~~~~~~~~~~~~~~~~~~~~~~~~~~~~~~~~~~~~^~~[m[K
[01m[K/home/tony/webots_ws/src/mpc_controller/src/control_node.cpp:[m[K In lambda function:
[01m[K/home/tony/webots_ws/src/mpc_controller/src/control_node.cpp:72:233:[m[K [01;31m[Kerror: [m[Kcannot convert â€˜[01m[Kshared_ptr<[01;32m[Ktraj_interfaces::msg::Bspline_<std::allocator<void> >[m[K>[m[Kâ€™ to â€˜[01m[Kshared_ptr<[01;32m[Knav_msgs::msg::Odometry_<std::allocator<void> >[m[K>[m[Kâ€™
   72 | this, i](const traj_interfaces::msg::Bspline::SharedPtr msg) {this->odom_callback([01;31m[Kmsg[m[K, i);});
      |                                                                                   [01;31m[K^~~[m[K
      |                                                                                   [01;31m[K|[m[K
      |                                                                                   [01;31m[Kshared_ptr<traj_interfaces::msg::Bspline_<std::allocator<void> >>[m[K

[01m[K/home/tony/webots_ws/src/mpc_controller/src/control_node.cpp:201:65:[m[K [01;36m[Knote: [m[K  initializing argument 1 of â€˜[01m[Kvoid control_node::odom_callback(nav_msgs::msg::Odometry_<std::allocator<void> >::SharedPtr, int)[m[Kâ€™
  201 |     void odom_callback([01;36m[Kconst nav_msgs::msg::Odometry::SharedPtr msg[m[K, int robot_id)
      |                        [01;36m[K~~~~~~~~~~~~~~~~~~~~~~~~~~~~~~~~~~~~~~~~~^~~[m[K
[01m[K/home/tony/webots_ws/src/mpc_controller/src/control_node.cpp:[m[K In lambda function:
[01m[K/home/tony/webots_ws/src/mpc_controller/src/control_node.cpp:74:204:[m[K [01;31m[Kerror: [m[Kcannot convert â€˜[01m[Kshared_ptr<[01;32m[Kstd_msgs::msg::UInt8_<std::allocator<void> >[m[K>[m[Kâ€™ to â€˜[01m[Kshared_ptr<[01;32m[Knav_msgs::msg::Odometry_<std::allocator<void> >[m[K>[m[Kâ€™
   74 | 1), 10, [this, i](const std_msgs::msg::UInt8::SharedPtr msg) {this->odom_callback([01;31m[Kmsg[m[K, i);});
      |                                                                                   [01;31m[K^~~[m[K
      |                                                                                   [01;31m[K|[m[K
      |                                                                                   [01;31m[Kshared_ptr<std_msgs::msg::UInt8_<std::allocator<void> >>[m[K

[01m[K/home/tony/webots_ws/src/mpc_controller/src/control_node.cpp:201:65:[m[K [01;36m[Knote: [m[K  initializing argument 1 of â€˜[01m[Kvoid control_node::odom_callback(nav_msgs::msg::Odometry_<std::allocator<void> >::SharedPtr, int)[m[Kâ€™
  201 |     void odom_callback([01;36m[Kconst nav_msgs::msg::Odometry::SharedPtr msg[m[K, int robot_id)
      |                        [01;36m[K~~~~~~~~~~~~~~~~~~~~~~~~~~~~~~~~~~~~~~~~~^~~[m[K
[01m[K/home/tony/webots_ws/src/mpc_controller/src/control_node.cpp:[m[K In member function â€˜[01m[Kvoid control_node::cmdCallback(int)[m[Kâ€™:
[01m[K/home/tony/webots_ws/src/mpc_controller/src/control_node.cpp:99:13:[m[K [01;31m[Kerror: [m[Kâ€˜[01m[Kpub_robot_cmd[m[Kâ€™ was not declared in this scope; did you mean â€˜[01m[Kpub_robot_cmds[m[Kâ€™?
   99 |             [01;31m[Kpub_robot_cmd[m[K[robot_id]->publish(motor_cmd);
      |             [01;31m[K^~~~~~~~~~~~~[m[K
      |             [32m[Kpub_robot_cmds[m[K
[01m[K/home/tony/webots_ws/src/mpc_controller/src/control_node.cpp:103:14:[m[K [01;31m[Kerror: [m[Kâ€˜[01m[Kreceive_traj_[m[Kâ€™ was not declared in this scope; did you mean â€˜[01m[Kreceive_traj[m[Kâ€™?
  103 |         if (![01;31m[Kreceive_traj_[m[K)
      |              [01;31m[K^~~~~~~~~~~~~[m[K
      |              [32m[Kreceive_traj[m[K
[01m[K/home/tony/webots_ws/src/mpc_controller/src/control_node.cpp:107:14:[m[K [01;31m[Kerror: [m[Kâ€˜[01m[Ktime_s[m[Kâ€™ declared as array of â€˜[01m[Kauto[m[Kâ€™
  107 |         auto [01;31m[Ktime_s[m[K[robot_id] = this->get_clock()->now();
      |              [01;31m[K^~~~~~[m[K
[01m[K/home/tony/webots_ws/src/mpc_controller/src/control_node.cpp:111:21:[m[K [01;31m[Kerror: [m[Kâ€˜[01m[Ktraj_duration_[m[Kâ€™ was not declared in this scope; did you mean â€˜[01m[Ktraj_duration[m[Kâ€™?
  111 |         if (t_cur < [01;31m[Ktraj_duration_[m[K && t_cur >= 0.0)
      |                     [01;31m[K^~~~~~~~~~~~~~[m[K
      |                     [32m[Ktraj_duration[m[K
[01m[K/home/tony/webots_ws/src/mpc_controller/src/control_node.cpp:115:32:[m[K [01;31m[Kerror: [m[Kno matching function for call to â€˜[01m[Kcontrol_node::MPC_calculate(double&)[m[Kâ€™
  115 |             MPC_calculate(t_cur[01;31m[K)[m[K;
      |                                [01;31m[K^[m[K
[01m[K/home/tony/webots_ws/src/mpc_controller/src/control_node.cpp:364:10:[m[K [01;36m[Knote: [m[Kcandidate: â€˜[01m[Kvoid control_node::MPC_calculate(double&, int)[m[Kâ€™
  364 |     void [01;36m[KMPC_calculate[m[K(double &t_cur, int robot_id)
      |          [01;36m[K^~~~~~~~~~~~~[m[K
[01m[K/home/tony/webots_ws/src/mpc_controller/src/control_node.cpp:364:10:[m[K [01;36m[Knote: [m[K  candidate expects 2 arguments, 1 provided
[01m[K/home/tony/webots_ws/src/mpc_controller/src/control_node.cpp:116:50:[m[K [01;31m[Kerror: [m[Kno matching function for call to â€˜[01m[Kcontrol_node::publish_bspline_tracking_points(double&)[m[Kâ€™
  116 |             publish_bspline_tracking_points(t_cur[01;31m[K)[m[K;
      |                                                  [01;31m[K^[m[K
[01m[K/home/tony/webots_ws/src/mpc_controller/src/control_node.cpp:345:10:[m[K [01;36m[Knote: [m[Kcandidate: â€˜[01m[Kvoid control_node::publish_bspline_tracking_points(double&, int)[m[Kâ€™
  345 |     void [01;36m[Kpublish_bspline_tracking_points[m[K(double &t_cur, int robot_id)
      |          [01;36m[K^~~~~~~~~~~~~~~~~~~~~~~~~~~~~~~[m[K
[01m[K/home/tony/webots_ws/src/mpc_controller/src/control_node.cpp:345:10:[m[K [01;36m[Knote: [m[K  candidate expects 2 arguments, 1 provided
[01m[K/home/tony/webots_ws/src/mpc_controller/src/control_node.cpp:125:13:[m[K [01;31m[Kerror: [m[Kâ€˜[01m[Kpub_robot_1_cmd[m[Kâ€™ was not declared in this scope; did you mean â€˜[01m[Kpub_robot_cmds[m[Kâ€™?
  125 |             [01;31m[Kpub_robot_1_cmd[m[K->publish(motor_cmd);
      |             [01;31m[K^~~~~~~~~~~~~~~[m[K
      |             [32m[Kpub_robot_cmds[m[K
[01m[K/home/tony/webots_ws/src/mpc_controller/src/control_node.cpp:132:21:[m[K [01;31m[Kerror: [m[Kno match for â€˜[01m[Koperator=[m[Kâ€™ (operand types are â€˜[01m[Krclcpp::Time[m[Kâ€™ and â€˜[01m[Kstd::vector<rclcpp::Time>[m[Kâ€™)
  132 |         time_last = [01;31m[Ktime_s[m[K;
      |                     [01;31m[K^~~~~~[m[K
In file included from [01m[K/opt/ros/foxy/include/rclcpp/clock.hpp:23[m[K,
                 from [01m[K/opt/ros/foxy/include/rclcpp/timer.hpp:27[m[K,
                 from [01m[K/opt/ros/foxy/include/rclcpp/callback_group.hpp:27[m[K,
                 from [01m[K/opt/ros/foxy/include/rclcpp/any_executable.hpp:20[m[K,
                 from [01m[K/opt/ros/foxy/include/rclcpp/memory_strategy.hpp:24[m[K,
                 from [01m[K/opt/ros/foxy/include/rclcpp/memory_strategies.hpp:18[m[K,
                 from [01m[K/opt/ros/foxy/include/rclcpp/executor_options.hpp:20[m[K,
                 from [01m[K/opt/ros/foxy/include/rclcpp/executor.hpp:33[m[K,
                 from [01m[K/opt/ros/foxy/include/rclcpp/executors/multi_threaded_executor.hpp:26[m[K,
                 from [01m[K/opt/ros/foxy/include/rclcpp/executors.hpp:21[m[K,
                 from [01m[K/opt/ros/foxy/include/rclcpp/rclcpp.hpp:146[m[K,
                 from [01m[K/home/tony/webots_ws/src/mpc_controller/src/control_node.cpp:4[m[K:
[01m[K/opt/ros/foxy/include/rclcpp/time.hpp:91:3:[m[K [01;36m[Knote: [m[Kcandidate: â€˜[01m[Krclcpp::Time& rclcpp::Time::operator=(const rclcpp::Time&)[m[Kâ€™
   91 |   [01;36m[Koperator[m[K=(const Time & rhs);
      |   [01;36m[K^~~~~~~~[m[K
[01m[K/opt/ros/foxy/include/rclcpp/time.hpp:91:26:[m[K [01;36m[Knote: [m[K  no known conversion for argument 1 from â€˜[01m[Kstd::vector<rclcpp::Time>[m[Kâ€™ to â€˜[01m[Kconst rclcpp::Time&[m[Kâ€™
   91 |   operator=([01;36m[Kconst Time & rhs[m[K);
      |             [01;36m[K~~~~~~~~~~~~~^~~[m[K
[01m[K/opt/ros/foxy/include/rclcpp/time.hpp:101:3:[m[K [01;36m[Knote: [m[Kcandidate: â€˜[01m[Krclcpp::Time& rclcpp::Time::operator=(const Time&)[m[Kâ€™
  101 |   [01;36m[Koperator[m[K=(const builtin_interfaces::msg::Time & time_msg);
      |   [01;36m[K^~~~~~~~[m[K
[01m[K/opt/ros/foxy/include/rclcpp/time.hpp:101:51:[m[K [01;36m[Knote: [m[K  no known conversion for argument 1 from â€˜[01m[Kstd::vector<rclcpp::Time>[m[Kâ€™ to â€˜[01m[Kconst Time&[m[Kâ€™ {aka â€˜[01m[Kconst builtin_interfaces::msg::Time_<std::allocator<void> >&[m[Kâ€™}
  101 |   operator=([01;36m[Kconst builtin_interfaces::msg::Time & time_msg[m[K);
      |             [01;36m[K~~~~~~~~~~~~~~~~~~~~~~~~~~~~~~~~~~~~~~^~~~~~~~[m[K
[01m[K/home/tony/webots_ws/src/mpc_controller/src/control_node.cpp:[m[K In member function â€˜[01m[Kvoid control_node::MPC_calculate(double&, int)[m[Kâ€™:
[01m[K/home/tony/webots_ws/src/mpc_controller/src/control_node.cpp:384:54:[m[K [01;31m[Kerror: [m[Kâ€˜[01m[Ktraj_duration_[m[Kâ€™ was not declared in this scope; did you mean â€˜[01m[Ktraj_duration[m[Kâ€™?
  384 |         pos_final = traj[robot_id][0].evaluateDeBoor([01;31m[Ktraj_duration_[m[K);
      |                                                      [01;31m[K^~~~~~~~~~~~~~[m[K
      |                                                      [32m[Ktraj_duration[m[K
[01m[K/home/tony/webots_ws/src/mpc_controller/src/control_node.cpp:503:31:[m[K [01;35m[Kwarning: [m[Kcomparison of integer expressions of different signedness: â€˜[01m[Kint[m[Kâ€™ and â€˜[01m[Kstd::vector<Eigen::Matrix<double, 2, 1> >::size_type[m[Kâ€™ {aka â€˜[01m[Klong unsigned int[m[Kâ€™} [[01;35m[K-Wsign-compare[m[K]
  503 |             for (int i = 0; [01;35m[Ki < U_r.size()[m[K; i++)
      |                             [01;35m[K~~^~~~~~~~~~~~[m[K
[01m[K/home/tony/webots_ws/src/mpc_controller/src/control_node.cpp:381:16:[m[K [01;35m[Kwarning: [m[Kunused variable â€˜[01m[Kyaw_start[m[Kâ€™ [[01;35m[K-Wunused-variable[m[K]
  381 |         double [01;35m[Kyaw_start[m[K = atan2(vel_start(1), vel_start(0));       // åˆå§‹èˆªå‘è§’
      |                [01;35m[K^~~~~~~~~[m[K
[01m[K/home/tony/webots_ws/src/mpc_controller/src/control_node.cpp:[m[K In function â€˜[01m[Kint main(int, char**)[m[Kâ€™:
[01m[K/home/tony/webots_ws/src/mpc_controller/src/control_node.cpp:533:14:[m[K [01;31m[Kerror: [m[Kexpected â€˜[01m[K;[m[Kâ€™ before â€˜[01m[K==[m[Kâ€™ token
  533 |     for(int i[01;31m[K [m[K[32m[K==[m[K 0 ; i < robot_num; ++i)
      |              [01;31m[K^[m[K[32m[K~~[m[K
      |              [32m[K;[m[K
[01m[K/home/tony/webots_ws/src/mpc_controller/src/control_node.cpp:533:15:[m[K [01;31m[Kerror: [m[Kexpected primary-expression before â€˜[01m[K==[m[Kâ€™ token
  533 |     for(int i [01;31m[K==[m[K 0 ; i < robot_num; ++i)
      |               [01;31m[K^~[m[K
[01m[K/home/tony/webots_ws/src/mpc_controller/src/control_node.cpp:533:24:[m[K [01;35m[Kwarning: [m[Kfor increment expression has no effect [[01;35m[K-Wunused-value[m[K]
  533 |     for(int i == 0 ; [01;35m[Ki < robot_num[m[K; ++i)
      |                      [01;35m[K~~^~~~~~~~~~~[m[K
[01m[K/home/tony/webots_ws/src/mpc_controller/src/control_node.cpp:533:35:[m[K [01;31m[Kerror: [m[Kexpected â€˜[01m[K)[m[Kâ€™ before â€˜[01m[K;[m[Kâ€™ token
  533 |     for[34m[K([m[Kint i == 0 ; i < robot_num[01;31m[K;[m[K ++i)
      |        [34m[K~[m[K                          [01;31m[K^[m[K
      |                                   [32m[K)[m[K
[01m[K/home/tony/webots_ws/src/mpc_controller/src/control_node.cpp:533:5:[m[K [01;35m[Kwarning: [m[Kthis â€˜[01m[Kfor[m[Kâ€™ clause does not guard... [[01;35m[K-Wmisleading-indentation[m[K]
  533 |     [01;35m[Kfor[m[K(int i == 0 ; i < robot_num; ++i)
      |     [01;35m[K^~~[m[K
[01m[K/home/tony/webots_ws/src/mpc_controller/src/control_node.cpp:533:37:[m[K [01;36m[Knote: [m[K...this statement, but the latter is misleadingly indented as if it were guarded by the â€˜[01m[Kfor[m[Kâ€™
  533 |     for(int i == 0 ; i < robot_num; [01;36m[K++[m[Ki)
      |                                     [01;36m[K^~[m[K
[01m[K/home/tony/webots_ws/src/mpc_controller/src/control_node.cpp:533:39:[m[K [01;31m[Kerror: [m[Kâ€˜[01m[Ki[m[Kâ€™ was not declared in this scope
  533 |     for(int i == 0 ; i < robot_num; ++[01;31m[Ki[m[K)
      |                                       [01;31m[K^[m[K
make[2]: *** [CMakeFiles/control_node.dir/build.make:63: CMakeFiles/control_node.dir/src/control_node.cpp.o] Error 1
make[1]: *** [CMakeFiles/Makefile2:78: CMakeFiles/control_node.dir/all] Error 2
make: *** [Makefile:141: all] Error 2
