[01m[K/home/tony/webots_ws/src/traj_publish/src/traj_visualization.cpp:3:1:[m[K [01;31m[Kerror: [m[Kredefinition of â€˜[01m[KPlanningVisualization::PlanningVisualization(const rclcpp::NodeOptions&)[m[Kâ€™
    3 | [01;31m[KPlanningVisualization[m[K::PlanningVisualization(const rclcpp::NodeOptions & options) : Node("planning_visualization", options)
      | [01;31m[K^~~~~~~~~~~~~~~~~~~~~[m[K
In file included from [01m[K/home/tony/webots_ws/src/traj_publish/src/traj_visualization.cpp:1[m[K:
[01m[K/home/tony/webots_ws/src/traj_publish/include/traj_visualization.hpp:10:9:[m[K [01;36m[Knote: [m[Kâ€˜[01m[KPlanningVisualization::PlanningVisualization(const rclcpp::NodeOptions&)[m[Kâ€™ previously defined here
   10 |         [01;36m[KPlanningVisualization[m[K(const rclcpp::NodeOptions & options) : Node("planning_visualization", options) {}
      |         [01;36m[K^~~~~~~~~~~~~~~~~~~~~[m[K
[01m[K/home/tony/webots_ws/src/traj_publish/src/traj_pub.cpp:[m[K In constructor â€˜[01m[KTrajectoryPublisher::TrajectoryPublisher(std::string)[m[Kâ€™:
[01m[K/home/tony/webots_ws/src/traj_publish/src/traj_pub.cpp:9:9:[m[K [01;31m[Kerror: [m[Kâ€˜[01m[Kvisualization_[m[Kâ€™ was not declared in this scope; did you mean â€˜[01m[Kvisualization_msgs[m[Kâ€™?
    9 |         [01;31m[Kvisualization_[m[K.reset(new PlanningVisualization(get_node_options()));
      |         [01;31m[K^~~~~~~~~~~~~~[m[K
      |         [32m[Kvisualization_msgs[m[K
[01m[K/home/tony/webots_ws/src/traj_publish/src/traj_pub.cpp:[m[K In member function â€˜[01m[Kvoid TrajectoryPublisher::publishTrajectory()[m[Kâ€™:
[01m[K/home/tony/webots_ws/src/traj_publish/src/traj_pub.cpp:115:9:[m[K [01;31m[Kerror: [m[Kâ€˜[01m[Kvisualization_[m[Kâ€™ was not declared in this scope; did you mean â€˜[01m[Kvisualization_msgs[m[Kâ€™?
  115 |         [01;31m[Kvisualization_[m[K->displayTraj(trajectory, 0);
      |         [01;31m[K^~~~~~~~~~~~~~[m[K
      |         [32m[Kvisualization_msgs[m[K
make[2]: *** [CMakeFiles/traj_pub.dir/build.make:76: CMakeFiles/traj_pub.dir/src/traj_visualization.cpp.o] Error 1
make[2]: *** Waiting for unfinished jobs....
make[2]: *** [CMakeFiles/traj_pub.dir/build.make:63: CMakeFiles/traj_pub.dir/src/traj_pub.cpp.o] Error 1
make[1]: *** [CMakeFiles/Makefile2:78: CMakeFiles/traj_pub.dir/all] Error 2
make: *** [Makefile:141: all] Error 2
