-- Found ament_cmake: 0.9.12 (/opt/ros/foxy/share/ament_cmake/cmake)
-- Using PYTHON_EXECUTABLE: /usr/bin/python3
-- Found rclcpp: 2.4.3 (/opt/ros/foxy/share/rclcpp/cmake)
-- Using all available rosidl_typesupport_c: rosidl_typesupport_fastrtps_c;rosidl_typesupport_introspection_c
-- Found rosidl_adapter: 1.3.1 (/opt/ros/foxy/share/rosidl_adapter/cmake)
-- Using all available rosidl_typesupport_cpp: rosidl_typesupport_fastrtps_cpp;rosidl_typesupport_introspection_cpp
-- Found rmw_implementation_cmake: 1.0.4 (/opt/ros/foxy/share/rmw_implementation_cmake/cmake)
-- Using RMW implementation 'rmw_fastrtps_cpp' as default
-- Found nav_msgs: 2.0.5 (/opt/ros/foxy/share/nav_msgs/cmake)
-- Found traj_interfaces: 0.0.0 (/home/tony/webots_ws/install/traj_interfaces/share/traj_interfaces/cmake)
-- Found ament_lint_auto: 0.9.8 (/opt/ros/foxy/share/ament_lint_auto/cmake)
-- Added test 'copyright' to check source files copyright and LICENSE
-- Added test 'cppcheck' to perform static code analysis on C / C++ code
-- Configured cppcheck include dirs: 
-- Configured cppcheck exclude dirs and/or files: 
-- Added test 'cpplint' to check C / C++ code against the Google style
-- Configured cpplint exclude dirs and/or files: 
-- Added test 'lint_cmake' to check CMake code style
-- Added test 'uncrustify' to check C / C++ code style
-- Configured uncrustify additional arguments: 
-- Added test 'xmllint' to check XML markup files
-- Configuring done
-- Generating done
-- Build files have been written to: /home/tony/webots_ws/build/traj_publish
[35m[1mScanning dependencies of target traj_pub[0m
[ 66%] [32mBuilding CXX object CMakeFiles/traj_pub.dir/src/traj_pub.cpp.o[0m
[ 66%] [32mBuilding CXX object CMakeFiles/traj_pub.dir/src/traj_visualization.cpp.o[0m
[01m[K/home/tony/webots_ws/src/traj_publish/src/traj_visualization.cpp:3:1:[m[K [01;31m[Kerror: [m[Kredefinition of â€˜[01m[KPlanningVisualization::PlanningVisualization(const rclcpp::NodeOptions&)[m[Kâ€™
    3 | [01;31m[KPlanningVisualization[m[K::PlanningVisualization(const rclcpp::NodeOptions & options) : Node("planning_visualization", options)
      | [01;31m[K^~~~~~~~~~~~~~~~~~~~~[m[K
In file included from [01m[K/home/tony/webots_ws/src/traj_publish/src/traj_visualization.cpp:1[m[K:
[01m[K/home/tony/webots_ws/src/traj_publish/include/traj_visualization.hpp:10:9:[m[K [01;36m[Knote: [m[Kâ€˜[01m[KPlanningVisualization::PlanningVisualization(const rclcpp::NodeOptions&)[m[Kâ€™ previously defined here
   10 |         [01;36m[KPlanningVisualization[m[K(const rclcpp::NodeOptions & options) : Node("planning_visualization", options) {}
      |         [01;36m[K^~~~~~~~~~~~~~~~~~~~~[m[K
[01m[K/home/tony/webots_ws/src/traj_publish/src/traj_pub.cpp:[m[K In constructor â€˜[01m[KTrajectoryPublisher::TrajectoryPublisher(std::string)[m[Kâ€™:
[01m[K/home/tony/webots_ws/src/traj_publish/src/traj_pub.cpp:9:9:[m[K [01;31m[Kerror: [m[Kâ€˜[01m[Kvisualization_[m[Kâ€™ was not declared in this scope; did you mean â€˜[01m[Kvisualization_msgs[m[Kâ€™?
    9 |         [01;31m[Kvisualization_[m[K.reset(new PlanningVisualization(get_node_options()));
      |         [01;31m[K^~~~~~~~~~~~~~[m[K
      |         [32m[Kvisualization_msgs[m[K
[01m[K/home/tony/webots_ws/src/traj_publish/src/traj_pub.cpp:[m[K In member function â€˜[01m[Kvoid TrajectoryPublisher::publishTrajectory()[m[Kâ€™:
[01m[K/home/tony/webots_ws/src/traj_publish/src/traj_pub.cpp:115:9:[m[K [01;31m[Kerror: [m[Kâ€˜[01m[Kvisualization_[m[Kâ€™ was not declared in this scope; did you mean â€˜[01m[Kvisualization_msgs[m[Kâ€™?
  115 |         [01;31m[Kvisualization_[m[K->displayTraj(trajectory, 0);
      |         [01;31m[K^~~~~~~~~~~~~~[m[K
      |         [32m[Kvisualization_msgs[m[K
make[2]: *** [CMakeFiles/traj_pub.dir/build.make:76: CMakeFiles/traj_pub.dir/src/traj_visualization.cpp.o] Error 1
make[2]: *** Waiting for unfinished jobs....
make[2]: *** [CMakeFiles/traj_pub.dir/build.make:63: CMakeFiles/traj_pub.dir/src/traj_pub.cpp.o] Error 1
make[1]: *** [CMakeFiles/Makefile2:78: CMakeFiles/traj_pub.dir/all] Error 2
make: *** [Makefile:141: all] Error 2
