[35m[1mScanning dependencies of target traj_pub[0m
[ 33%] [32mBuilding CXX object CMakeFiles/traj_pub.dir/src/traj_pub.cpp.o[0m
[01m[K/home/tony/webots_ws/src/traj_publish/src/traj_pub.cpp:[m[K In member function â€˜[01m[Kvoid TrajectoryPublisher::publishBspline()[m[Kâ€™:
[01m[K/home/tony/webots_ws/src/traj_publish/src/traj_pub.cpp:40:32:[m[K [01;35m[Kwarning: [m[Kleft operand of comma operator has no effect [[01;35m[K-Wunused-value[m[K]
   40 |            0.0, 0.0, 0.0, 0.0; [01;35m[K0[m[K,0, 0.0,// ç¬¬ä¸‰è¡Œï¼šzåæ ‡
      |                                [01;35m[K^[m[K
[01m[K/home/tony/webots_ws/src/traj_publish/src/traj_pub.cpp:40:37:[m[K [01;35m[Kwarning: [m[Kright operand of comma operator has no effect [[01;35m[K-Wunused-value[m[K]
   40 |            0.0, 0.0, 0.0, 0.0; 0,0, [01;35m[K0.0[m[K,// ç¬¬ä¸‰è¡Œï¼šzåæ ‡
      |                                     [01;35m[K^~~[m[K
[01m[K/home/tony/webots_ws/src/traj_publish/src/traj_pub.cpp:41:47:[m[K [01;35m[Kwarning: [m[Kright operand of comma operator has no effect [[01;35m[K-Wunused-value[m[K]
   41 |         bspline.pos_pts.reserve(pos_pts.cols()[01;35m[K)[m[K; // é¢„ç•™è¶³å¤Ÿçš„ç©ºé—´æ¥å­˜å‚¨æ§åˆ¶ç‚¹
      |                                               [01;35m[K^[m[K
[01m[K/home/tony/webots_ws/src/traj_publish/src/traj_pub.cpp:56:9:[m[K [01;31m[Kerror: [m[Kâ€˜[01m[Kmid_knota[m[Kâ€™ was not declared in this scope
   56 |         [01;31m[Kmid_knota[m[K = Eigen::VectorXd::LinSpaced(mid, 0.0, pos_pts.cols());
      |         [01;31m[K^~~~~~~~~[m[K
make[2]: *** [CMakeFiles/traj_pub.dir/build.make:63: CMakeFiles/traj_pub.dir/src/traj_pub.cpp.o] Error 1
make[1]: *** [CMakeFiles/Makefile2:78: CMakeFiles/traj_pub.dir/all] Error 2
make: *** [Makefile:141: all] Error 2
