[0.011s] Invoking command in '/home/tony/webots_ws/build/traj_publish': /usr/bin/cmake --build /home/tony/webots_ws/build/traj_publish -- -j16 -l16
[0.040s] -- Found ament_cmake: 0.9.12 (/opt/ros/foxy/share/ament_cmake/cmake)
[0.060s] -- Using PYTHON_EXECUTABLE: /usr/bin/python3
[0.203s] -- Found rclcpp: 2.4.3 (/opt/ros/foxy/share/rclcpp/cmake)
[0.230s] -- Using all available rosidl_typesupport_c: rosidl_typesupport_fastrtps_c;rosidl_typesupport_introspection_c
[0.234s] -- Found rosidl_adapter: 1.3.1 (/opt/ros/foxy/share/rosidl_adapter/cmake)
[0.336s] -- Using all available rosidl_typesupport_cpp: rosidl_typesupport_fastrtps_cpp;rosidl_typesupport_introspection_cpp
[0.370s] -- Found rmw_implementation_cmake: 1.0.4 (/opt/ros/foxy/share/rmw_implementation_cmake/cmake)
[0.371s] -- Using RMW implementation 'rmw_fastrtps_cpp' as default
[0.479s] -- Found nav_msgs: 2.0.5 (/opt/ros/foxy/share/nav_msgs/cmake)
[0.564s] -- Found traj_publish: 0.0.0 (/home/tony/webots_ws/install/traj_publish/share/traj_publish/cmake)
[0.564s] -- Found ament_lint_auto: 0.9.8 (/opt/ros/foxy/share/ament_lint_auto/cmake)
[0.606s] Error parsing '/home/tony/webots_ws/src/traj_publish/package.xml':
[0.699s] Traceback (most recent call last):
[0.699s]   File "/opt/ros/foxy/share/ament_cmake_core/cmake/core/package_xml_2_cmake.py", line 143, in <module>
[0.699s]     main()
[0.699s]   File "/opt/ros/foxy/share/ament_cmake_core/cmake/core/package_xml_2_cmake.py", line 52, in main
[0.699s]     raise e
[0.700s]   File "/opt/ros/foxy/share/ament_cmake_core/cmake/core/package_xml_2_cmake.py", line 48, in main
[0.700s]     package = parse_package_string(
[0.700s]   File "/usr/lib/python3/dist-packages/catkin_pkg/package.py", line 788, in parse_package_string
[0.700s]     pkg.validate(warnings=warnings)
[0.700s]   File "/usr/lib/python3/dist-packages/catkin_pkg/package.py", line 330, in validate
[0.700s]     raise InvalidPackage('\n'.join(errors), self.filename)
[0.700s] catkin_pkg.package.InvalidPackage: Error(s) in package '/home/tony/webots_ws/src/traj_publish/package.xml':
[0.700s] The package "traj_publish" must not "build_depend" on a package with the same name as this package
[0.700s] The package "traj_publish" must not "build_export_depend" on a package with the same name as this package
[0.700s] The package "traj_publish" must not "exec_depend" on a package with the same name as this package
[0.714s] CMake Error at /opt/ros/foxy/share/ament_cmake_core/cmake/core/ament_package_xml.cmake:94 (message):
[0.714s]   execute_process(/usr/bin/python3
[0.714s]   /opt/ros/foxy/share/ament_cmake_core/cmake/core/package_xml_2_cmake.py
[0.714s]   /home/tony/webots_ws/src/traj_publish/package.xml
[0.714s]   /home/tony/webots_ws/build/traj_publish/ament_cmake_core/package.cmake)
[0.714s]   returned error code 1
[0.714s] Call Stack (most recent call first):
[0.714s]   /opt/ros/foxy/share/ament_cmake_core/cmake/core/ament_package_xml.cmake:49 (_ament_package_xml)
[0.715s]   /opt/ros/foxy/share/ament_lint_auto/cmake/ament_lint_auto_find_test_dependencies.cmake:31 (ament_package_xml)
[0.715s]   CMakeLists.txt:33 (ament_lint_auto_find_test_dependencies)
[0.715s] 
[0.715s] 
[0.718s] -- Configuring incomplete, errors occurred!
[0.718s] See also "/home/tony/webots_ws/build/traj_publish/CMakeFiles/CMakeOutput.log".
[0.718s] See also "/home/tony/webots_ws/build/traj_publish/CMakeFiles/CMakeError.log".
[0.728s] make: *** [Makefile:266: cmake_check_build_system] Error 1
[0.731s] Invoked command in '/home/tony/webots_ws/build/traj_publish' returned '2': /usr/bin/cmake --build /home/tony/webots_ws/build/traj_publish -- -j16 -l16
