[0.016s] Invoking command in '/home/tony/webots_ws/build/mpc_controller': CMAKE_PREFIX_PATH=/home/tony/webots_ws/install/motor_interfaces:/home/tony/webots_ws/install/traj_publish:/home/tony/webots_ws/install/my_package:/home/tony/webots_ws/install/my_mir_package:/opt/ros/foxy PYTHONPATH=/home/tony/webots_ws/install/motor_interfaces/lib/python3.8/site-packages:/home/tony/webots_ws/install/my_package/lib/python3.8/site-packages:/home/tony/webots_ws/install/my_mir_package/lib/python3.8/site-packages:/opt/ros/foxy/lib/python3.8/site-packages /usr/bin/cmake --build /home/tony/webots_ws/build/mpc_controller -- -j16 -l16
[0.051s] -- Found ament_cmake: 0.9.12 (/opt/ros/foxy/share/ament_cmake/cmake)
[0.073s] -- Using PYTHON_EXECUTABLE: /usr/bin/python3
[0.224s] -- Found rclcpp: 2.4.3 (/opt/ros/foxy/share/rclcpp/cmake)
[0.251s] -- Using all available rosidl_typesupport_c: rosidl_typesupport_fastrtps_c;rosidl_typesupport_introspection_c
[0.253s] -- Found rosidl_adapter: 1.3.1 (/opt/ros/foxy/share/rosidl_adapter/cmake)
[0.357s] -- Using all available rosidl_typesupport_cpp: rosidl_typesupport_fastrtps_cpp;rosidl_typesupport_introspection_cpp
[0.392s] -- Found rmw_implementation_cmake: 1.0.4 (/opt/ros/foxy/share/rmw_implementation_cmake/cmake)
[0.393s] -- Using RMW implementation 'rmw_fastrtps_cpp' as default
[0.494s] -- Found geometry_msgs: 2.0.5 (/opt/ros/foxy/share/geometry_msgs/cmake)
[0.518s] -- Found nav_msgs: 2.0.5 (/opt/ros/foxy/share/nav_msgs/cmake)
[0.568s] -- Found tf2: 0.13.14 (/opt/ros/foxy/share/tf2/cmake)
[0.576s] -- Found tf2_geometry_msgs: 0.13.14 (/opt/ros/foxy/share/tf2_geometry_msgs/cmake)
[0.584s] -- Found eigen3_cmake_module: 0.1.1 (/opt/ros/foxy/share/eigen3_cmake_module/cmake)
[0.586s] -- Found Eigen3: TRUE (found version "3.4.0") 
[0.891s] -- Found motor_interfaces: 0.0.0 (/home/tony/webots_ws/install/motor_interfaces/share/motor_interfaces/cmake)
[0.896s] -- Found ament_lint_auto: 0.9.8 (/opt/ros/foxy/share/ament_lint_auto/cmake)
[0.949s] -- Added test 'copyright' to check source files copyright and LICENSE
[0.951s] -- Added test 'cppcheck' to perform static code analysis on C / C++ code
[0.951s] -- Configured cppcheck include dirs: 
[0.951s] -- Configured cppcheck exclude dirs and/or files: 
[0.952s] -- Added test 'cpplint' to check C / C++ code against the Google style
[0.952s] -- Configured cpplint exclude dirs and/or files: 
[0.953s] -- Added test 'lint_cmake' to check CMake code style
[0.954s] -- Added test 'uncrustify' to check C / C++ code style
[0.954s] -- Configured uncrustify additional arguments: 
[0.954s] -- Added test 'xmllint' to check XML markup files
[0.960s] -- Configuring done
[0.971s] -- Generating done
[0.973s] -- Build files have been written to: /home/tony/webots_ws/build/mpc_controller
[1.003s] [35m[1mScanning dependencies of target control_node[0m
[1.063s] [ 50%] [32mBuilding CXX object CMakeFiles/control_node.dir/src/control_node.cpp.o[0m
[2.148s] In file included from [01m[K/home/tony/webots_ws/src/qpOASES/include/qpOASES/QProblemB.hpp:1014[m[K,
[2.148s]                  from [01m[K/home/tony/webots_ws/src/qpOASES/include/qpOASES.hpp:66[m[K,
[2.148s]                  from [01m[K/home/tony/webots_ws/src/mpc_controller/include/mpc_controller/mpc_controller.hpp:4[m[K,
[2.148s]                  from [01m[K/home/tony/webots_ws/src/mpc_controller/src/control_node.cpp:5[m[K:
[2.148s] [01m[K/home/tony/webots_ws/src/qpOASES/include/qpOASES/QProblemB.ipp:[m[K In member function ‘[01m[Kvoid qpOASES::QProblemB::applyGivens(qpOASES::real_t, qpOASES::real_t, qpOASES::real_t, qpOASES::real_t, qpOASES::real_t, qpOASES::real_t&, qpOASES::real_t&) const[m[K’:
[2.148s] [01m[K/home/tony/webots_ws/src/qpOASES/include/qpOASES/QProblemB.ipp:447:64:[m[K [01;35m[Kwarning: [m[Kunused parameter ‘[01m[Knu[m[K’ [[01;35m[K-Wunused-parameter[m[K]
[2.148s]   447 | inline void QProblemB::applyGivens( real_t c, real_t s, [01;35m[Kreal_t nu[m[K, real_t xold, real_t yold,
[2.149s]       |                                                         [01;35m[K~~~~~~~^~[m[K
[2.149s] In file included from [01m[K/home/tony/webots_ws/src/qpOASES/include/qpOASES/QProblem.hpp:43[m[K,
[2.149s]                  from [01m[K/home/tony/webots_ws/src/qpOASES/include/qpOASES.hpp:67[m[K,
[2.149s]                  from [01m[K/home/tony/webots_ws/src/mpc_controller/include/mpc_controller/mpc_controller.hpp:4[m[K,
[2.149s]                  from [01m[K/home/tony/webots_ws/src/mpc_controller/src/control_node.cpp:5[m[K:
[2.149s] [01m[K/home/tony/webots_ws/src/qpOASES/include/qpOASES/ConstraintProduct.hpp:[m[K In copy constructor ‘[01m[KqpOASES::ConstraintProduct::ConstraintProduct(const qpOASES::ConstraintProduct&)[m[K’:
[2.149s] [01m[K/home/tony/webots_ws/src/qpOASES/include/qpOASES/ConstraintProduct.hpp:64:47:[m[K [01;35m[Kwarning: [m[Kunused parameter ‘[01m[KtoCopy[m[K’ [[01;35m[K-Wunused-parameter[m[K]
[2.149s]    64 |   ConstraintProduct( [01;35m[Kconst ConstraintProduct &toCopy[m[K /**< Rhs object. */
[2.149s]       |                      [01;35m[K~~~~~~~~~~~~~~~~~~~~~~~~~^~~~~~[m[K
[2.149s] [01m[K/home/tony/webots_ws/src/qpOASES/include/qpOASES/ConstraintProduct.hpp:[m[K In member function ‘[01m[KqpOASES::ConstraintProduct& qpOASES::ConstraintProduct::operator=(const qpOASES::ConstraintProduct&)[m[K’:
[2.149s] [01m[K/home/tony/webots_ws/src/qpOASES/include/qpOASES/ConstraintProduct.hpp:71:58:[m[K [01;35m[Kwarning: [m[Kunused parameter ‘[01m[KtoCopy[m[K’ [[01;35m[K-Wunused-parameter[m[K]
[2.150s]    71 |   ConstraintProduct &operator=( [01;35m[Kconst ConstraintProduct &toCopy[m[K /**< Rhs object. */
[2.150s]       |                                 [01;35m[K~~~~~~~~~~~~~~~~~~~~~~~~~^~~~~~[m[K
[2.948s] [01m[K/home/tony/webots_ws/src/mpc_controller/src/control_node.cpp:[m[K In member function ‘[01m[Kvoid control_node::traj_callback(nav_msgs::msg::Path_<std::allocator<void> >::SharedPtr)[m[K’:
[2.948s] [01m[K/home/tony/webots_ws/src/mpc_controller/src/control_node.cpp:95:41:[m[K [01;31m[Kerror: [m[K‘[01m[Kusing element_type = struct nav_msgs::msg::Path_<std::allocator<void> >[m[K’ {aka ‘[01m[Kstruct nav_msgs::msg::Path_<std::allocator<void> >[m[K’} has no member named ‘[01m[Kpos_pts[m[K’; did you mean ‘[01m[Kposes[m[K’?
[2.948s]    95 |     {   Eigen::MatrixXd pos_pts(3, msg->[01;31m[Kpos_pts[m[K.size());
[2.948s]       |                                         [01;31m[K^~~~~~~[m[K
[2.948s]       |                                         [32m[Kposes[m[K
[2.948s] [01m[K/home/tony/webots_ws/src/mpc_controller/src/control_node.cpp:97:27:[m[K [01;35m[Kwarning: [m[Kcomparison of integer expressions of different signedness: ‘[01m[Kint[m[K’ and ‘[01m[Kstd::vector<geometry_msgs::msg::PoseStamped_<std::allocator<void> >, std::allocator<geometry_msgs::msg::PoseStamped_<std::allocator<void> > > >::size_type[m[K’ {aka ‘[01m[Klong unsigned int[m[K’} [[01;35m[K-Wsign-compare[m[K]
[2.948s]    97 |         for (int i = 0; [01;35m[Ki < msg->poses.size()[m[K; i++)
[2.948s]       |                         [01;35m[K~~^~~~~~~~~~~~~~~~~~~[m[K
[2.949s] [01m[K/home/tony/webots_ws/src/mpc_controller/src/control_node.cpp:106:32:[m[K [01;31m[Kerror: [m[Kno matching function for call to ‘[01m[Kstd::vector<bspline_planner::UniformBspline>::push_back(Eigen::MatrixXd&)[m[K’
[2.949s]   106 |         traj_.push_back(pos_pts[01;31m[K)[m[K;
[2.949s]       |                                [01;31m[K^[m[K
[2.949s] In file included from [01m[K/usr/include/c++/9/vector:67[m[K,
[2.949s]                  from [01m[K/opt/ros/foxy/include/rosidl_runtime_cpp/bounded_vector.hpp:22[m[K,
[2.949s]                  from [01m[K/opt/ros/foxy/include/std_msgs/msg/detail/u_int8__struct.hpp:8[m[K,
[2.949s]                  from [01m[K/opt/ros/foxy/include/std_msgs/msg/u_int8.hpp:7[m[K,
[2.949s]                  from [01m[K/home/tony/webots_ws/src/mpc_controller/src/control_node.cpp:3[m[K:
[2.949s] [01m[K/usr/include/c++/9/bits/stl_vector.h:1184:7:[m[K [01;36m[Knote: [m[Kcandidate: ‘[01m[Kvoid std::vector<_Tp, _Alloc>::push_back(const value_type&) [with _Tp = bspline_planner::UniformBspline; _Alloc = std::allocator<bspline_planner::UniformBspline>; std::vector<_Tp, _Alloc>::value_type = bspline_planner::UniformBspline][m[K’
[2.950s]  1184 |       [01;36m[Kpush_back[m[K(const value_type& __x)
[2.950s]       |       [01;36m[K^~~~~~~~~[m[K
[2.950s] [01m[K/usr/include/c++/9/bits/stl_vector.h:1184:35:[m[K [01;36m[Knote: [m[K  no known conversion for argument 1 from ‘[01m[KEigen::MatrixXd[m[K’ {aka ‘[01m[KEigen::Matrix<double, -1, -1>[m[K’} to ‘[01m[Kconst value_type&[m[K’ {aka ‘[01m[Kconst bspline_planner::UniformBspline&[m[K’}
[2.950s]  1184 |       push_back([01;36m[Kconst value_type& __x[m[K)
[2.950s]       |                 [01;36m[K~~~~~~~~~~~~~~~~~~^~~[m[K
[2.950s] [01m[K/usr/include/c++/9/bits/stl_vector.h:1200:7:[m[K [01;36m[Knote: [m[Kcandidate: ‘[01m[Kvoid std::vector<_Tp, _Alloc>::push_back(std::vector<_Tp, _Alloc>::value_type&&) [with _Tp = bspline_planner::UniformBspline; _Alloc = std::allocator<bspline_planner::UniformBspline>; std::vector<_Tp, _Alloc>::value_type = bspline_planner::UniformBspline][m[K’
[2.950s]  1200 |       [01;36m[Kpush_back[m[K(value_type&& __x)
[2.950s]       |       [01;36m[K^~~~~~~~~[m[K
[2.950s] [01m[K/usr/include/c++/9/bits/stl_vector.h:1200:30:[m[K [01;36m[Knote: [m[K  no known conversion for argument 1 from ‘[01m[KEigen::MatrixXd[m[K’ {aka ‘[01m[KEigen::Matrix<double, -1, -1>[m[K’} to ‘[01m[Kstd::vector<bspline_planner::UniformBspline>::value_type&&[m[K’ {aka ‘[01m[Kbspline_planner::UniformBspline&&[m[K’}
[2.950s]  1200 |       push_back([01;36m[Kvalue_type&& __x[m[K)
[2.950s]       |                 [01;36m[K~~~~~~~~~~~~~^~~[m[K
[2.983s] [01m[K/home/tony/webots_ws/src/mpc_controller/src/control_node.cpp:[m[K In member function ‘[01m[Kvoid control_node::MPC_calculate(double&)[m[K’:
[2.983s] [01m[K/home/tony/webots_ws/src/mpc_controller/src/control_node.cpp:231:15:[m[K [01;31m[Kerror: [m[K‘[01m[Kmpc_controller[m[K’ was not declared in this scope; did you mean ‘[01m[KMPC_controller[m[K’?
[2.983s]   231 |         u_k = [01;31m[Kmpc_controller[m[K.MPC_Solve_qp(X_k, X_r, U_r, N); // 当前状态，参考状态，参考输入，预测步数
[2.983s]       |               [01;31m[K^~~~~~~~~~~~~~[m[K
[2.983s]       |               [32m[KMPC_controller[m[K
[2.984s] [01m[K/home/tony/webots_ws/src/mpc_controller/src/control_node.cpp:235:13:[m[K [01;31m[Kerror: [m[K‘[01m[Kcmd[m[K’ was not declared in this scope
[2.984s]   235 |             [01;31m[Kcmd[m[K.linear.x = -u_k.col(0)(0);
[2.984s]       |             [01;31m[K^~~[m[K
[2.995s] [01m[K/home/tony/webots_ws/src/mpc_controller/src/control_node.cpp:239:13:[m[K [01;31m[Kerror: [m[K‘[01m[Kcmd[m[K’ was not declared in this scope
[2.995s]   239 |             [01;31m[Kcmd[m[K.linear.x = u_k.col(0)(0);
[2.995s]       |             [01;31m[K^~~[m[K
[2.997s] [01m[K/home/tony/webots_ws/src/mpc_controller/src/control_node.cpp:242:9:[m[K [01;31m[Kerror: [m[K‘[01m[Kcmd[m[K’ was not declared in this scope
[2.997s]   242 |         [01;31m[Kcmd[m[K.angular.z = u_k.col(0)(1);
[2.997s]       |         [01;31m[K^~~[m[K
[2.999s] [01m[K/home/tony/webots_ws/src/mpc_controller/src/control_node.cpp:247:13:[m[K [01;31m[Kerror: [m[K‘[01m[KROS_WARN[m[K’ was not declared in this scope
[2.999s]   247 |             [01;31m[KROS_WARN[m[K("U r :");
[2.999s]       |             [01;31m[K^~~~~~~~[m[K
[2.999s] [01m[K/home/tony/webots_ws/src/mpc_controller/src/control_node.cpp:248:31:[m[K [01;35m[Kwarning: [m[Kcomparison of integer expressions of different signedness: ‘[01m[Kint[m[K’ and ‘[01m[Kstd::vector<Eigen::Matrix<double, 2, 1> >::size_type[m[K’ {aka ‘[01m[Klong unsigned int[m[K’} [[01;35m[K-Wsign-compare[m[K]
[2.999s]   248 |             for (int i = 0; [01;35m[Ki < U_r.size()[m[K; i++)
[2.999s]       |                             [01;35m[K~~^~~~~~~~~~~~[m[K
[3.004s] [01m[K/home/tony/webots_ws/src/mpc_controller/src/control_node.cpp:266:9:[m[K [01;31m[Kerror: [m[K‘[01m[Kvel_cmd_pub[m[K’ was not declared in this scope
[3.005s]   266 |         [01;31m[Kvel_cmd_pub[m[K.publish(cmd);
[3.005s]       |         [01;31m[K^~~~~~~~~~~[m[K
[3.005s] [01m[K/home/tony/webots_ws/src/mpc_controller/src/control_node.cpp:130:16:[m[K [01;35m[Kwarning: [m[Kunused variable ‘[01m[Kyaw_start[m[K’ [[01;35m[K-Wunused-variable[m[K]
[3.005s]   130 |         double [01;35m[Kyaw_start[m[K = atan2(vel_start(1), vel_start(0));       // 初始航向角
[3.005s]       |                [01;35m[K^~~~~~~~~[m[K
[3.007s] [01m[K/home/tony/webots_ws/src/mpc_controller/src/control_node.cpp:[m[K In member function ‘[01m[Kvoid control_node::cmdCallback()[m[K’:
[3.007s] [01m[K/home/tony/webots_ws/src/mpc_controller/src/control_node.cpp:272:13:[m[K [01;31m[Kerror: [m[K‘[01m[Kstop_command[m[K’ was not declared in this scope
[3.007s]   272 |         if ([01;31m[Kstop_command[m[K.data == 1)
[3.007s]       |             [01;31m[K^~~~~~~~~~~~[m[K
[3.009s] [01m[K/home/tony/webots_ws/src/mpc_controller/src/control_node.cpp:276:13:[m[K [01;31m[Kerror: [m[K‘[01m[Kvel_cmd_pub[m[K’ was not declared in this scope
[3.009s]   276 |             [01;31m[Kvel_cmd_pub[m[K.publish(motor_cmd);
[3.009s]       |             [01;31m[K^~~~~~~~~~~[m[K
[3.009s] [01m[K/home/tony/webots_ws/src/mpc_controller/src/control_node.cpp:283:31:[m[K [01;31m[Kerror: [m[K‘[01m[Kros[m[K’ has not been declared
[3.009s]   283 |         rclcpp::Time time_s = [01;31m[Kros[m[K::Time::now();
[3.009s]       |                               [01;31m[K^~~[m[K
[3.009s] [01m[K/home/tony/webots_ws/src/mpc_controller/src/control_node.cpp:284:47:[m[K [01;31m[Kerror: [m[K‘[01m[Kclass rclcpp::Duration[m[K’ has no member named ‘[01m[KtoSec[m[K’
[3.010s]   284 |         double t_cur = (time_s - start_time_).[01;31m[KtoSec[m[K();
[3.010s]       |                                               [01;31m[K^~~~~[m[K
[3.010s] [01m[K/home/tony/webots_ws/src/mpc_controller/src/control_node.cpp:285:55:[m[K [01;31m[Kerror: [m[K‘[01m[Know[m[K’ is not a member of ‘[01m[Krclcpp::Time[m[K’
[3.010s]   285 |         static rclcpp::Time time_last = rclcpp::Time::[01;31m[Know[m[K();
[3.010s]       |                                                       [01;31m[K^~~[m[K
[3.011s] [01m[K/home/tony/webots_ws/src/mpc_controller/src/control_node.cpp:300:13:[m[K [01;31m[Kerror: [m[K‘[01m[Kvel_cmd_pub[m[K’ was not declared in this scope
[3.011s]   300 |             [01;31m[Kvel_cmd_pub[m[K.publish(motor_cmd);
[3.011s]       |             [01;31m[K^~~~~~~~~~~[m[K
[3.019s] [01m[K/home/tony/webots_ws/src/mpc_controller/src/control_node.cpp:[m[K In function ‘[01m[Kint main(int, char**)[m[K’:
[3.019s] [01m[K/home/tony/webots_ws/src/mpc_controller/src/control_node.cpp:318:139:[m[K [01;31m[Kerror: [m[Kinvalid use of ‘[01m[Kthis[m[K’ in non-member function
[3.020s]   318 | timer(std::chrono::milliseconds(30), std::bind(&control_node::cmdCallback, [01;31m[Kthis[m[K));
[3.020s]       |                                                                            [01;31m[K^~~~[m[K
[3.020s] 
[3.651s] In file included from [01m[K/usr/include/x86_64-linux-gnu/c++/9/bits/c++allocator.h:33[m[K,
[3.651s]                  from [01m[K/usr/include/c++/9/bits/allocator.h:46[m[K,
[3.651s]                  from [01m[K/usr/include/c++/9/memory:63[m[K,
[3.651s]                  from [01m[K/opt/ros/foxy/include/rosidl_runtime_cpp/bounded_vector.hpp:19[m[K,
[3.651s]                  from [01m[K/opt/ros/foxy/include/std_msgs/msg/detail/u_int8__struct.hpp:8[m[K,
[3.652s]                  from [01m[K/opt/ros/foxy/include/std_msgs/msg/u_int8.hpp:7[m[K,
[3.652s]                  from [01m[K/home/tony/webots_ws/src/mpc_controller/src/control_node.cpp:3[m[K:
[3.652s] /usr/include/c++/9/ext/new_allocator.h: In instantiation of ‘[01m[Kvoid __gnu_cxx::new_allocator<_Tp>::construct(_Up*, _Args&& ...) [with _Up = control_node; _Args = {const char (&)[13]}; _Tp = control_node][m[K’:
[3.652s] [01m[K/usr/include/c++/9/bits/alloc_traits.h:483:4:[m[K   required from ‘[01m[Kstatic void std::allocator_traits<std::allocator<_Tp> >::construct(std::allocator_traits<std::allocator<_Tp> >::allocator_type&, _Up*, _Args&& ...) [with _Up = control_node; _Args = {const char (&)[13]}; _Tp = control_node; std::allocator_traits<std::allocator<_Tp> >::allocator_type = std::allocator<control_node>][m[K’
[3.652s] [01m[K/usr/include/c++/9/bits/shared_ptr_base.h:548:39:[m[K   required from ‘[01m[Kstd::_Sp_counted_ptr_inplace<_Tp, _Alloc, _Lp>::_Sp_counted_ptr_inplace(_Alloc, _Args&& ...) [with _Args = {const char (&)[13]}; _Tp = control_node; _Alloc = std::allocator<control_node>; __gnu_cxx::_Lock_policy _Lp = __gnu_cxx::_S_atomic][m[K’
[3.652s] [01m[K/usr/include/c++/9/bits/shared_ptr_base.h:679:16:[m[K   required from ‘[01m[Kstd::__shared_count<_Lp>::__shared_count(_Tp*&, std::_Sp_alloc_shared_tag<_Alloc>, _Args&& ...) [with _Tp = control_node; _Alloc = std::allocator<control_node>; _Args = {const char (&)[13]}; __gnu_cxx::_Lock_policy _Lp = __gnu_cxx::_S_atomic][m[K’
[3.652s] [01m[K/usr/include/c++/9/bits/shared_ptr_base.h:1344:71:[m[K   required from ‘[01m[Kstd::__shared_ptr<_Tp, _Lp>::__shared_ptr(std::_Sp_alloc_shared_tag<_Tp>, _Args&& ...) [with _Alloc = std::allocator<control_node>; _Args = {const char (&)[13]}; _Tp = control_node; __gnu_cxx::_Lock_policy _Lp = __gnu_cxx::_S_atomic][m[K’
[3.652s] [01m[K/usr/include/c++/9/bits/shared_ptr.h:359:59:[m[K   required from ‘[01m[Kstd::shared_ptr<_Tp>::shared_ptr(std::_Sp_alloc_shared_tag<_Tp>, _Args&& ...) [with _Alloc = std::allocator<control_node>; _Args = {const char (&)[13]}; _Tp = control_node][m[K’
[3.652s] [01m[K/usr/include/c++/9/bits/shared_ptr.h:701:14:[m[K   required from ‘[01m[Kstd::shared_ptr<_Tp> std::allocate_shared(const _Alloc&, _Args&& ...) [with _Tp = control_node; _Alloc = std::allocator<control_node>; _Args = {const char (&)[13]}][m[K’
[3.652s] [01m[K/usr/include/c++/9/bits/shared_ptr.h:717:39:[m[K   required from ‘[01m[Kstd::shared_ptr<_Tp> std::make_shared(_Args&& ...) [with _Tp = control_node; _Args = {const char (&)[13]}][m[K’
[3.652s] [01m[K/home/tony/webots_ws/src/mpc_controller/src/control_node.cpp:316:62:[m[K   required from here
[3.652s] [01m[K/usr/include/c++/9/ext/new_allocator.h:146:4:[m[K [01;31m[Kerror: [m[K‘[01m[Kcontrol_node::control_node(std::string)[m[K’ is private within this context
[3.652s]   146 |  { [01;31m[K::new((void *)__p) _Up(std::forward<_Args>(__args)...)[m[K; }
[3.652s]       |    [01;31m[K^~~~~~~~~~~~~~~~~~~~~~~~~~~~~~~~~~~~~~~~~~~~~~~~~~~~~~[m[K
[3.652s] [01m[K/home/tony/webots_ws/src/mpc_controller/src/control_node.cpp:40:5:[m[K [01;36m[Knote: [m[Kdeclared private here
[3.653s]    40 |     [01;36m[Kcontrol_node[m[K(std::string node_name) : Node(node_name)
[3.653s]       |     [01;36m[K^~~~~~~~~~~~[m[K
[5.282s] make[2]: *** [CMakeFiles/control_node.dir/build.make:63: CMakeFiles/control_node.dir/src/control_node.cpp.o] Error 1
[5.282s] make[1]: *** [CMakeFiles/Makefile2:78: CMakeFiles/control_node.dir/all] Error 2
[5.282s] make: *** [Makefile:141: all] Error 2
[5.286s] Invoked command in '/home/tony/webots_ws/build/mpc_controller' returned '2': CMAKE_PREFIX_PATH=/home/tony/webots_ws/install/motor_interfaces:/home/tony/webots_ws/install/traj_publish:/home/tony/webots_ws/install/my_package:/home/tony/webots_ws/install/my_mir_package:/opt/ros/foxy PYTHONPATH=/home/tony/webots_ws/install/motor_interfaces/lib/python3.8/site-packages:/home/tony/webots_ws/install/my_package/lib/python3.8/site-packages:/home/tony/webots_ws/install/my_mir_package/lib/python3.8/site-packages:/opt/ros/foxy/lib/python3.8/site-packages /usr/bin/cmake --build /home/tony/webots_ws/build/mpc_controller -- -j16 -l16
