[35m[1mScanning dependencies of target traj_pub[0m
[ 33%] [32mBuilding CXX object CMakeFiles/traj_pub.dir/src/traj_pub.cpp.o[0m
[01m[K/home/tony/webots_ws/src/traj_publish/src/traj_pub.cpp:[m[K In member function â€˜[01m[Kvoid TrajectoryPublisher::publishBspline()[m[Kâ€™:
[01m[K/home/tony/webots_ws/src/traj_publish/src/traj_pub.cpp:81:9:[m[K [01;31m[Kerror: [m[Kâ€˜[01m[Kbspline_visualization_[m[Kâ€™ was not declared in this scope; did you mean â€˜[01m[Kvisualization_[m[Kâ€™?
   81 |         [01;31m[Kbspline_visualization_[m[K->publish(marker);
      |         [01;31m[K^~~~~~~~~~~~~~~~~~~~~~[m[K
      |         [32m[Kvisualization_[m[K
[01m[K/home/tony/webots_ws/src/traj_publish/src/traj_pub.cpp:81:41:[m[K [01;31m[Kerror: [m[Kâ€˜[01m[Kmarker[m[Kâ€™ was not declared in this scope
   81 |         bspline_visualization_->publish([01;31m[Kmarker[m[K);
      |                                         [01;31m[K^~~~~~[m[K
make[2]: *** [CMakeFiles/traj_pub.dir/build.make:63: CMakeFiles/traj_pub.dir/src/traj_pub.cpp.o] Error 1
make[1]: *** [CMakeFiles/Makefile2:78: CMakeFiles/traj_pub.dir/all] Error 2
make: *** [Makefile:141: all] Error 2
