[0.025s] Invoking command in '/home/tony/webots_ws/build/mpc_controller': CMAKE_PREFIX_PATH=/home/tony/webots_ws/install/traj_interfaces:/home/tony/webots_ws/install/motor_interfaces:/home/tony/webots_ws/install/traj_publish:/home/tony/webots_ws/install/my_package:/home/tony/webots_ws/install/my_mir_package:/opt/ros/foxy PYTHONPATH=/home/tony/webots_ws/install/traj_interfaces/lib/python3.8/site-packages:/home/tony/webots_ws/install/motor_interfaces/lib/python3.8/site-packages:/home/tony/webots_ws/install/my_package/lib/python3.8/site-packages:/home/tony/webots_ws/install/my_mir_package/lib/python3.8/site-packages:/opt/ros/foxy/lib/python3.8/site-packages /usr/bin/cmake --build /home/tony/webots_ws/build/mpc_controller -- -j16 -l16
[0.096s] [35m[1mScanning dependencies of target control_node[0m
[0.152s] [ 50%] [32mBuilding CXX object CMakeFiles/control_node.dir/src/control_node.cpp.o[0m
[1.206s] In file included from [01m[K/home/tony/webots_ws/src/qpOASES/include/qpOASES/QProblemB.hpp:1014[m[K,
[1.206s]                  from [01m[K/home/tony/webots_ws/src/qpOASES/include/qpOASES.hpp:66[m[K,
[1.206s]                  from [01m[K/home/tony/webots_ws/src/mpc_controller/include/mpc_controller/mpc_controller.hpp:4[m[K,
[1.206s]                  from [01m[K/home/tony/webots_ws/src/mpc_controller/src/control_node.cpp:5[m[K:
[1.206s] [01m[K/home/tony/webots_ws/src/qpOASES/include/qpOASES/QProblemB.ipp:[m[K In member function ‚Äò[01m[Kvoid qpOASES::QProblemB::applyGivens(qpOASES::real_t, qpOASES::real_t, qpOASES::real_t, qpOASES::real_t, qpOASES::real_t, qpOASES::real_t&, qpOASES::real_t&) const[m[K‚Äô:
[1.207s] [01m[K/home/tony/webots_ws/src/qpOASES/include/qpOASES/QProblemB.ipp:447:64:[m[K [01;35m[Kwarning: [m[Kunused parameter ‚Äò[01m[Knu[m[K‚Äô [[01;35m[K-Wunused-parameter[m[K]
[1.207s]   447 | inline void QProblemB::applyGivens( real_t c, real_t s, [01;35m[Kreal_t nu[m[K, real_t xold, real_t yold,
[1.207s]       |                                                         [01;35m[K~~~~~~~^~[m[K
[1.207s] In file included from [01m[K/home/tony/webots_ws/src/qpOASES/include/qpOASES/QProblem.hpp:43[m[K,
[1.207s]                  from [01m[K/home/tony/webots_ws/src/qpOASES/include/qpOASES.hpp:67[m[K,
[1.207s]                  from [01m[K/home/tony/webots_ws/src/mpc_controller/include/mpc_controller/mpc_controller.hpp:4[m[K,
[1.207s]                  from [01m[K/home/tony/webots_ws/src/mpc_controller/src/control_node.cpp:5[m[K:
[1.207s] [01m[K/home/tony/webots_ws/src/qpOASES/include/qpOASES/ConstraintProduct.hpp:[m[K In copy constructor ‚Äò[01m[KqpOASES::ConstraintProduct::ConstraintProduct(const qpOASES::ConstraintProduct&)[m[K‚Äô:
[1.207s] [01m[K/home/tony/webots_ws/src/qpOASES/include/qpOASES/ConstraintProduct.hpp:64:47:[m[K [01;35m[Kwarning: [m[Kunused parameter ‚Äò[01m[KtoCopy[m[K‚Äô [[01;35m[K-Wunused-parameter[m[K]
[1.207s]    64 |   ConstraintProduct( [01;35m[Kconst ConstraintProduct &toCopy[m[K /**< Rhs object. */
[1.207s]       |                      [01;35m[K~~~~~~~~~~~~~~~~~~~~~~~~~^~~~~~[m[K
[1.207s] [01m[K/home/tony/webots_ws/src/qpOASES/include/qpOASES/ConstraintProduct.hpp:[m[K In member function ‚Äò[01m[KqpOASES::ConstraintProduct& qpOASES::ConstraintProduct::operator=(const qpOASES::ConstraintProduct&)[m[K‚Äô:
[1.207s] [01m[K/home/tony/webots_ws/src/qpOASES/include/qpOASES/ConstraintProduct.hpp:71:58:[m[K [01;35m[Kwarning: [m[Kunused parameter ‚Äò[01m[KtoCopy[m[K‚Äô [[01;35m[K-Wunused-parameter[m[K]
[1.207s]    71 |   ConstraintProduct &operator=( [01;35m[Kconst ConstraintProduct &toCopy[m[K /**< Rhs object. */
[1.207s]       |                                 [01;35m[K~~~~~~~~~~~~~~~~~~~~~~~~~^~~~~~[m[K
[1.985s] [01m[K/home/tony/webots_ws/src/mpc_controller/src/control_node.cpp:[m[K In constructor ‚Äò[01m[Kcontrol_node::control_node(std::string)[m[K‚Äô:
[1.985s] [01m[K/home/tony/webots_ws/src/mpc_controller/src/control_node.cpp:50:9:[m[K [01;31m[Kerror: [m[K‚Äò[01m[Ksub_bspline_msg[m[K‚Äô was not declared in this scope; did you mean ‚Äò[01m[Ksub_bspline_mag[m[K‚Äô?
[1.985s]    50 |         [01;31m[Ksub_bspline_msg[m[K = this->create_subscription<traj_interfaces::msg::Bspline>("/traj_pub/bspline_traj", 10, std::bind(&control_node::traj_callback, this, std::placeholders::_1));
[1.985s]       |         [01;31m[K^~~~~~~~~~~~~~~[m[K
[1.985s]       |         [32m[Ksub_bspline_mag[m[K
[2.000s] [01m[K/home/tony/webots_ws/src/mpc_controller/src/control_node.cpp:[m[K In member function ‚Äò[01m[Kvoid control_node::traj_callback(nav_msgs::msg::Path_<std::allocator<void> >::SharedPtr)[m[K‚Äô:
[2.000s] [01m[K/home/tony/webots_ws/src/mpc_controller/src/control_node.cpp:103:36:[m[K [01;31m[Kerror: [m[K‚Äò[01m[Kusing element_type = struct nav_msgs::msg::Path_<std::allocator<void> >[m[K‚Äô {aka ‚Äò[01m[Kstruct nav_msgs::msg::Path_<std::allocator<void> >[m[K‚Äô} has no member named ‚Äò[01m[Kknots[m[K‚Äô
[2.000s]   103 |         Eigen::VectorXd knots(msg->[01;31m[Kknots[m[K.size());
[2.000s]       |                                    [01;31m[K^~~~~[m[K
[2.000s] [01m[K/home/tony/webots_ws/src/mpc_controller/src/control_node.cpp:105:37:[m[K [01;31m[Kerror: [m[K‚Äò[01m[Kusing element_type = struct nav_msgs::msg::Path_<std::allocator<void> >[m[K‚Äô {aka ‚Äò[01m[Kstruct nav_msgs::msg::Path_<std::allocator<void> >[m[K‚Äô} has no member named ‚Äò[01m[Kknots[m[K‚Äô
[2.000s]   105 |         for (size_t i = 0; i < msg->[01;31m[Kknots[m[K.size(); ++i)
[2.000s]       |                                     [01;31m[K^~~~~[m[K
[2.000s] [01m[K/home/tony/webots_ws/src/mpc_controller/src/control_node.cpp:107:29:[m[K [01;31m[Kerror: [m[K‚Äò[01m[Kusing element_type = struct nav_msgs::msg::Path_<std::allocator<void> >[m[K‚Äô {aka ‚Äò[01m[Kstruct nav_msgs::msg::Path_<std::allocator<void> >[m[K‚Äô} has no member named ‚Äò[01m[Kknots[m[K‚Äô
[2.000s]   107 |             knots(i) = msg->[01;31m[Kknots[m[K[i];
[2.001s]       |                             [01;31m[K^~~~~[m[K
[2.001s] [01m[K/home/tony/webots_ws/src/mpc_controller/src/control_node.cpp:110:37:[m[K [01;31m[Kerror: [m[K‚Äò[01m[Kusing element_type = struct nav_msgs::msg::Path_<std::allocator<void> >[m[K‚Äô {aka ‚Äò[01m[Kstruct nav_msgs::msg::Path_<std::allocator<void> >[m[K‚Äô} has no member named ‚Äò[01m[Kpos_pts[m[K‚Äô; did you mean ‚Äò[01m[Kposes[m[K‚Äô?
[2.001s]   110 |         for (size_t i = 0; i < msg->[01;31m[Kpos_pts[m[K.size(); ++i)
[2.001s]       |                                     [01;31m[K^~~~~~~[m[K
[2.001s]       |                                     [32m[Kposes[m[K
[2.001s] [01m[K/home/tony/webots_ws/src/mpc_controller/src/control_node.cpp:112:34:[m[K [01;31m[Kerror: [m[K‚Äò[01m[Kusing element_type = struct nav_msgs::msg::Path_<std::allocator<void> >[m[K‚Äô {aka ‚Äò[01m[Kstruct nav_msgs::msg::Path_<std::allocator<void> >[m[K‚Äô} has no member named ‚Äò[01m[Kpos_pts[m[K‚Äô; did you mean ‚Äò[01m[Kposes[m[K‚Äô?
[2.002s]   112 |             pos_pts(0, i) = msg->[01;31m[Kpos_pts[m[K[i].x;
[2.002s]       |                                  [01;31m[K^~~~~~~[m[K
[2.002s]       |                                  [32m[Kposes[m[K
[2.002s] [01m[K/home/tony/webots_ws/src/mpc_controller/src/control_node.cpp:113:34:[m[K [01;31m[Kerror: [m[K‚Äò[01m[Kusing element_type = struct nav_msgs::msg::Path_<std::allocator<void> >[m[K‚Äô {aka ‚Äò[01m[Kstruct nav_msgs::msg::Path_<std::allocator<void> >[m[K‚Äô} has no member named ‚Äò[01m[Kpos_pts[m[K‚Äô; did you mean ‚Äò[01m[Kposes[m[K‚Äô?
[2.002s]   113 |             pos_pts(1, i) = msg->[01;31m[Kpos_pts[m[K[i].y;
[2.002s]       |                                  [01;31m[K^~~~~~~[m[K
[2.002s]       |                                  [32m[Kposes[m[K
[2.002s] [01m[K/home/tony/webots_ws/src/mpc_controller/src/control_node.cpp:114:34:[m[K [01;31m[Kerror: [m[K‚Äò[01m[Kusing element_type = struct nav_msgs::msg::Path_<std::allocator<void> >[m[K‚Äô {aka ‚Äò[01m[Kstruct nav_msgs::msg::Path_<std::allocator<void> >[m[K‚Äô} has no member named ‚Äò[01m[Kpos_pts[m[K‚Äô; did you mean ‚Äò[01m[Kposes[m[K‚Äô?
[2.002s]   114 |             pos_pts(2, i) = msg->[01;31m[Kpos_pts[m[K[i].z;
[2.002s]       |                                  [01;31m[K^~~~~~~[m[K
[2.002s]       |                                  [32m[Kposes[m[K
[2.003s] [01m[K/home/tony/webots_ws/src/mpc_controller/src/control_node.cpp:117:64:[m[K [01;31m[Kerror: [m[K‚Äò[01m[Kusing element_type = struct nav_msgs::msg::Path_<std::allocator<void> >[m[K‚Äô {aka ‚Äò[01m[Kstruct nav_msgs::msg::Path_<std::allocator<void> >[m[K‚Äô} has no member named ‚Äò[01m[Korder[m[K‚Äô
[2.003s]   117 |         bspline_planner::UniformBspline pos_traj(pos_pts, msg->[01;31m[Korder[m[K, 0.1);
[2.003s]       |                                                                [01;31m[K^~~~~[m[K
[2.003s] [01m[K/home/tony/webots_ws/src/mpc_controller/src/control_node.cpp:120:28:[m[K [01;31m[Kerror: [m[K‚Äò[01m[Kusing element_type = struct nav_msgs::msg::Path_<std::allocator<void> >[m[K‚Äô {aka ‚Äò[01m[Kstruct nav_msgs::msg::Path_<std::allocator<void> >[m[K‚Äô} has no member named ‚Äò[01m[Kstart_time[m[K‚Äô
[2.003s]   120 |         start_time_ = msg->[01;31m[Kstart_time[m[K;
[2.003s]       |                            [01;31m[K^~~~~~~~~~[m[K
[2.004s] [01m[K/home/tony/webots_ws/src/mpc_controller/src/control_node.cpp:121:9:[m[K [01;31m[Kerror: [m[K‚Äò[01m[Ktraj_id_[m[K‚Äô was not declared in this scope; did you mean ‚Äò[01m[Ktraj_[m[K‚Äô?
[2.004s]   121 |         [01;31m[Ktraj_id_[m[K = msg->traj_id;
[2.004s]       |         [01;31m[K^~~~~~~~[m[K
[2.004s]       |         [32m[Ktraj_[m[K
[2.004s] [01m[K/home/tony/webots_ws/src/mpc_controller/src/control_node.cpp:121:25:[m[K [01;31m[Kerror: [m[K‚Äò[01m[Kusing element_type = struct nav_msgs::msg::Path_<std::allocator<void> >[m[K‚Äô {aka ‚Äò[01m[Kstruct nav_msgs::msg::Path_<std::allocator<void> >[m[K‚Äô} has no member named ‚Äò[01m[Ktraj_id[m[K‚Äô
[2.004s]   121 |         traj_id_ = msg->[01;31m[Ktraj_id[m[K;
[2.005s]       |                         [01;31m[K^~~~~~~[m[K
[2.005s] [01m[K/home/tony/webots_ws/src/mpc_controller/src/control_node.cpp:124:32:[m[K [01;31m[Kerror: [m[Kno matching function for call to ‚Äò[01m[Kstd::vector<bspline_planner::UniformBspline>::push_back(Eigen::MatrixXd&)[m[K‚Äô
[2.005s]   124 |         traj_.push_back(pos_pts[01;31m[K)[m[K;
[2.005s]       |                                [01;31m[K^[m[K
[2.005s] In file included from [01m[K/usr/include/c++/9/vector:67[m[K,
[2.005s]                  from [01m[K/opt/ros/foxy/include/rosidl_runtime_cpp/bounded_vector.hpp:22[m[K,
[2.005s]                  from [01m[K/opt/ros/foxy/include/std_msgs/msg/detail/u_int8__struct.hpp:8[m[K,
[2.005s]                  from [01m[K/opt/ros/foxy/include/std_msgs/msg/u_int8.hpp:7[m[K,
[2.005s]                  from [01m[K/home/tony/webots_ws/src/mpc_controller/src/control_node.cpp:3[m[K:
[2.005s] [01m[K/usr/include/c++/9/bits/stl_vector.h:1184:7:[m[K [01;36m[Knote: [m[Kcandidate: ‚Äò[01m[Kvoid std::vector<_Tp, _Alloc>::push_back(const value_type&) [with _Tp = bspline_planner::UniformBspline; _Alloc = std::allocator<bspline_planner::UniformBspline>; std::vector<_Tp, _Alloc>::value_type = bspline_planner::UniformBspline][m[K‚Äô
[2.005s]  1184 |       [01;36m[Kpush_back[m[K(const value_type& __x)
[2.005s]       |       [01;36m[K^~~~~~~~~[m[K
[2.005s] [01m[K/usr/include/c++/9/bits/stl_vector.h:1184:35:[m[K [01;36m[Knote: [m[K  no known conversion for argument 1 from ‚Äò[01m[KEigen::MatrixXd[m[K‚Äô {aka ‚Äò[01m[KEigen::Matrix<double, -1, -1>[m[K‚Äô} to ‚Äò[01m[Kconst value_type&[m[K‚Äô {aka ‚Äò[01m[Kconst bspline_planner::UniformBspline&[m[K‚Äô}
[2.006s]  1184 |       push_back([01;36m[Kconst value_type& __x[m[K)
[2.006s]       |                 [01;36m[K~~~~~~~~~~~~~~~~~~^~~[m[K
[2.006s] [01m[K/usr/include/c++/9/bits/stl_vector.h:1200:7:[m[K [01;36m[Knote: [m[Kcandidate: ‚Äò[01m[Kvoid std::vector<_Tp, _Alloc>::push_back(std::vector<_Tp, _Alloc>::value_type&&) [with _Tp = bspline_planner::UniformBspline; _Alloc = std::allocator<bspline_planner::UniformBspline>; std::vector<_Tp, _Alloc>::value_type = bspline_planner::UniformBspline][m[K‚Äô
[2.006s]  1200 |       [01;36m[Kpush_back[m[K(value_type&& __x)
[2.006s]       |       [01;36m[K^~~~~~~~~[m[K
[2.006s] [01m[K/usr/include/c++/9/bits/stl_vector.h:1200:30:[m[K [01;36m[Knote: [m[K  no known conversion for argument 1 from ‚Äò[01m[KEigen::MatrixXd[m[K‚Äô {aka ‚Äò[01m[KEigen::Matrix<double, -1, -1>[m[K‚Äô} to ‚Äò[01m[Kstd::vector<bspline_planner::UniformBspline>::value_type&&[m[K‚Äô {aka ‚Äò[01m[Kbspline_planner::UniformBspline&&[m[K‚Äô}
[2.006s]  1200 |       push_back([01;36m[Kvalue_type&& __x[m[K)
[2.006s]       |                 [01;36m[K~~~~~~~~~~~~~^~~[m[K
[2.035s] [01m[K/home/tony/webots_ws/src/mpc_controller/src/control_node.cpp:[m[K In member function ‚Äò[01m[Kvoid control_node::MPC_calculate(double&)[m[K‚Äô:
[2.036s] [01m[K/home/tony/webots_ws/src/mpc_controller/src/control_node.cpp:251:29:[m[K [01;31m[Kerror: [m[Kexpected primary-expression before ‚Äò[01m[K.[m[K‚Äô token
[2.036s]   251 |         u_k = MPC_controller[01;31m[K.[m[KMPC_Solve_qp(X_k, X_r, U_r, N); // ÂΩìÂâçÁä∂ÊÄÅÔºåÂèÇËÄÉÁä∂ÊÄÅÔºåÂèÇËÄÉËæìÂÖ•ÔºåÈ¢ÑÊµãÊ≠•Êï∞
[2.036s]       |                             [01;31m[K^[m[K
[2.048s] [01m[K/home/tony/webots_ws/src/mpc_controller/src/control_node.cpp:271:13:[m[K [01;31m[Kerror: [m[K‚Äò[01m[KROS_WARN[m[K‚Äô was not declared in this scope
[2.048s]   271 |             [01;31m[KROS_WARN[m[K("U r :");
[2.048s]       |             [01;31m[K^~~~~~~~[m[K
[2.048s] [01m[K/home/tony/webots_ws/src/mpc_controller/src/control_node.cpp:272:31:[m[K [01;35m[Kwarning: [m[Kcomparison of integer expressions of different signedness: ‚Äò[01m[Kint[m[K‚Äô and ‚Äò[01m[Kstd::vector<Eigen::Matrix<double, 2, 1> >::size_type[m[K‚Äô {aka ‚Äò[01m[Klong unsigned int[m[K‚Äô} [[01;35m[K-Wsign-compare[m[K]
[2.048s]   272 |             for (int i = 0; [01;35m[Ki < U_r.size()[m[K; i++)
[2.048s]       |                             [01;35m[K~~^~~~~~~~~~~~[m[K
[2.051s] [01m[K/home/tony/webots_ws/src/mpc_controller/src/control_node.cpp:290:23:[m[K [01;31m[Kerror: [m[K‚Äò[01m[Kusing SharedPtr = class std::shared_ptr<rclcpp::Publisher<motor_interfaces::msg::Motor_<std::allocator<void> > > >[m[K‚Äô {aka ‚Äò[01m[Kclass std::shared_ptr<rclcpp::Publisher<motor_interfaces::msg::Motor_<std::allocator<void> > > >[m[K‚Äô} has no member named ‚Äò[01m[Kpublish[m[K‚Äô
[2.052s]   290 |         pub_motor_cmd.[01;31m[Kpublish[m[K(motor_cmd);
[2.052s]       |                       [01;31m[K^~~~~~~[m[K
[2.052s] [01m[K/home/tony/webots_ws/src/mpc_controller/src/control_node.cpp:150:16:[m[K [01;35m[Kwarning: [m[Kunused variable ‚Äò[01m[Kyaw_start[m[K‚Äô [[01;35m[K-Wunused-variable[m[K]
[2.052s]   150 |         double [01;35m[Kyaw_start[m[K = atan2(vel_start(1), vel_start(0));       // ÂàùÂßãËà™ÂêëËßí
[2.052s]       |                [01;35m[K^~~~~~~~~[m[K
[2.054s] [01m[K/home/tony/webots_ws/src/mpc_controller/src/control_node.cpp:[m[K In member function ‚Äò[01m[Kvoid control_node::cmdCallback()[m[K‚Äô:
[2.054s] [01m[K/home/tony/webots_ws/src/mpc_controller/src/control_node.cpp:296:13:[m[K [01;31m[Kerror: [m[K‚Äò[01m[Kstop_command[m[K‚Äô was not declared in this scope
[2.054s]   296 |         if ([01;31m[Kstop_command[m[K.data == 1)
[2.054s]       |             [01;31m[K^~~~~~~~~~~~[m[K
[2.056s] [01m[K/home/tony/webots_ws/src/mpc_controller/src/control_node.cpp:300:13:[m[K [01;31m[Kerror: [m[K‚Äò[01m[Kvel_cmd_pub[m[K‚Äô was not declared in this scope
[2.056s]   300 |             [01;31m[Kvel_cmd_pub[m[K.publish(motor_cmd);
[2.056s]       |             [01;31m[K^~~~~~~~~~~[m[K
[2.056s] [01m[K/home/tony/webots_ws/src/mpc_controller/src/control_node.cpp:309:47:[m[K [01;31m[Kerror: [m[K‚Äò[01m[Kclass rclcpp::Duration[m[K‚Äô has no member named ‚Äò[01m[KtoSec[m[K‚Äô
[2.056s]   309 |         double t_cur = (time_s - start_time_).[01;31m[KtoSec[m[K();
[2.057s]       |                                               [01;31m[K^~~~~[m[K
[2.059s] [01m[K/home/tony/webots_ws/src/mpc_controller/src/control_node.cpp:325:13:[m[K [01;31m[Kerror: [m[K‚Äò[01m[Kvel_cmd_pub[m[K‚Äô was not declared in this scope
[2.059s]   325 |             [01;31m[Kvel_cmd_pub[m[K->publish(motor_cmd);
[2.059s]       |             [01;31m[K^~~~~~~~~~~[m[K
[2.067s] [01m[K/home/tony/webots_ws/src/mpc_controller/src/control_node.cpp:[m[K In function ‚Äò[01m[Kint main(int, char**)[m[K‚Äô:
[2.067s] [01m[K/home/tony/webots_ws/src/mpc_controller/src/control_node.cpp:343:139:[m[K [01;31m[Kerror: [m[Kinvalid use of ‚Äò[01m[Kthis[m[K‚Äô in non-member function
[2.067s]   343 | timer(std::chrono::milliseconds(30), std::bind(&control_node::cmdCallback, [01;31m[Kthis[m[K));
[2.067s]       |                                                                            [01;31m[K^~~~[m[K
[2.067s] 
[2.671s] In file included from [01m[K/usr/include/x86_64-linux-gnu/c++/9/bits/c++allocator.h:33[m[K,
[2.671s]                  from [01m[K/usr/include/c++/9/bits/allocator.h:46[m[K,
[2.671s]                  from [01m[K/usr/include/c++/9/memory:63[m[K,
[2.671s]                  from [01m[K/opt/ros/foxy/include/rosidl_runtime_cpp/bounded_vector.hpp:19[m[K,
[2.671s]                  from [01m[K/opt/ros/foxy/include/std_msgs/msg/detail/u_int8__struct.hpp:8[m[K,
[2.672s]                  from [01m[K/opt/ros/foxy/include/std_msgs/msg/u_int8.hpp:7[m[K,
[2.672s]                  from [01m[K/home/tony/webots_ws/src/mpc_controller/src/control_node.cpp:3[m[K:
[2.672s] /usr/include/c++/9/ext/new_allocator.h: In instantiation of ‚Äò[01m[Kvoid __gnu_cxx::new_allocator<_Tp>::construct(_Up*, _Args&& ...) [with _Up = control_node; _Args = {const char (&)[13]}; _Tp = control_node][m[K‚Äô:
[2.672s] [01m[K/usr/include/c++/9/bits/alloc_traits.h:483:4:[m[K   required from ‚Äò[01m[Kstatic void std::allocator_traits<std::allocator<_Tp> >::construct(std::allocator_traits<std::allocator<_Tp> >::allocator_type&, _Up*, _Args&& ...) [with _Up = control_node; _Args = {const char (&)[13]}; _Tp = control_node; std::allocator_traits<std::allocator<_Tp> >::allocator_type = std::allocator<control_node>][m[K‚Äô
[2.672s] [01m[K/usr/include/c++/9/bits/shared_ptr_base.h:548:39:[m[K   required from ‚Äò[01m[Kstd::_Sp_counted_ptr_inplace<_Tp, _Alloc, _Lp>::_Sp_counted_ptr_inplace(_Alloc, _Args&& ...) [with _Args = {const char (&)[13]}; _Tp = control_node; _Alloc = std::allocator<control_node>; __gnu_cxx::_Lock_policy _Lp = __gnu_cxx::_S_atomic][m[K‚Äô
[2.672s] [01m[K/usr/include/c++/9/bits/shared_ptr_base.h:679:16:[m[K   required from ‚Äò[01m[Kstd::__shared_count<_Lp>::__shared_count(_Tp*&, std::_Sp_alloc_shared_tag<_Alloc>, _Args&& ...) [with _Tp = control_node; _Alloc = std::allocator<control_node>; _Args = {const char (&)[13]}; __gnu_cxx::_Lock_policy _Lp = __gnu_cxx::_S_atomic][m[K‚Äô
[2.672s] [01m[K/usr/include/c++/9/bits/shared_ptr_base.h:1344:71:[m[K   required from ‚Äò[01m[Kstd::__shared_ptr<_Tp, _Lp>::__shared_ptr(std::_Sp_alloc_shared_tag<_Tp>, _Args&& ...) [with _Alloc = std::allocator<control_node>; _Args = {const char (&)[13]}; _Tp = control_node; __gnu_cxx::_Lock_policy _Lp = __gnu_cxx::_S_atomic][m[K‚Äô
[2.672s] [01m[K/usr/include/c++/9/bits/shared_ptr.h:359:59:[m[K   required from ‚Äò[01m[Kstd::shared_ptr<_Tp>::shared_ptr(std::_Sp_alloc_shared_tag<_Tp>, _Args&& ...) [with _Alloc = std::allocator<control_node>; _Args = {const char (&)[13]}; _Tp = control_node][m[K‚Äô
[2.672s] [01m[K/usr/include/c++/9/bits/shared_ptr.h:701:14:[m[K   required from ‚Äò[01m[Kstd::shared_ptr<_Tp> std::allocate_shared(const _Alloc&, _Args&& ...) [with _Tp = control_node; _Alloc = std::allocator<control_node>; _Args = {const char (&)[13]}][m[K‚Äô
[2.672s] [01m[K/usr/include/c++/9/bits/shared_ptr.h:717:39:[m[K   required from ‚Äò[01m[Kstd::shared_ptr<_Tp> std::make_shared(_Args&& ...) [with _Tp = control_node; _Args = {const char (&)[13]}][m[K‚Äô
[2.672s] [01m[K/home/tony/webots_ws/src/mpc_controller/src/control_node.cpp:341:62:[m[K   required from here
[2.672s] [01m[K/usr/include/c++/9/ext/new_allocator.h:146:4:[m[K [01;31m[Kerror: [m[K‚Äò[01m[Kcontrol_node::control_node(std::string)[m[K‚Äô is private within this context
[2.672s]   146 |  { [01;31m[K::new((void *)__p) _Up(std::forward<_Args>(__args)...)[m[K; }
[2.672s]       |    [01;31m[K^~~~~~~~~~~~~~~~~~~~~~~~~~~~~~~~~~~~~~~~~~~~~~~~~~~~~~[m[K
[2.672s] [01m[K/home/tony/webots_ws/src/mpc_controller/src/control_node.cpp:45:5:[m[K [01;36m[Knote: [m[Kdeclared private here
[2.673s]    45 |     [01;36m[Kcontrol_node[m[K(std::string node_name) : Node(node_name)
[2.673s]       |     [01;36m[K^~~~~~~~~~~~[m[K
[4.129s] make[2]: *** [CMakeFiles/control_node.dir/build.make:63: CMakeFiles/control_node.dir/src/control_node.cpp.o] Error 1
[4.129s] make[1]: *** [CMakeFiles/Makefile2:78: CMakeFiles/control_node.dir/all] Error 2
[4.130s] make: *** [Makefile:141: all] Error 2
[4.132s] Invoked command in '/home/tony/webots_ws/build/mpc_controller' returned '2': CMAKE_PREFIX_PATH=/home/tony/webots_ws/install/traj_interfaces:/home/tony/webots_ws/install/motor_interfaces:/home/tony/webots_ws/install/traj_publish:/home/tony/webots_ws/install/my_package:/home/tony/webots_ws/install/my_mir_package:/opt/ros/foxy PYTHONPATH=/home/tony/webots_ws/install/traj_interfaces/lib/python3.8/site-packages:/home/tony/webots_ws/install/motor_interfaces/lib/python3.8/site-packages:/home/tony/webots_ws/install/my_package/lib/python3.8/site-packages:/home/tony/webots_ws/install/my_mir_package/lib/python3.8/site-packages:/opt/ros/foxy/lib/python3.8/site-packages /usr/bin/cmake --build /home/tony/webots_ws/build/mpc_controller -- -j16 -l16
