[0.026s] Invoking command in '/home/tony/webots_ws/build/multi_mpc_controller': CMAKE_PREFIX_PATH=/home/tony/webots_ws/install/traj_interfaces:/home/tony/webots_ws/install/motor_interfaces:/home/tony/webots_ws/install/action_interfaces:/home/tony/webots_ws/install/traj_publish:/home/tony/webots_ws/install/multi_traj_publish:/home/tony/webots_ws/install/multi_mpc_controller:/home/tony/webots_ws/install/mpc_controller:/home/tony/webots_ws/install/post_train:/home/tony/webots_ws/install/my_package:/home/tony/webots_ws/install/my_mir_package:/home/tony/webots_ws/install/multi_mir_package:/opt/ros/foxy PYTHONPATH=/home/tony/webots_ws/install/traj_interfaces/lib/python3.8/site-packages:/home/tony/webots_ws/install/motor_interfaces/lib/python3.8/site-packages:/home/tony/webots_ws/install/action_interfaces/lib/python3.8/site-packages:/home/tony/webots_ws/install/rl_rvo_nav/lib/python3.8/site-packages:/home/tony/webots_ws/install/post_train/lib/python3.8/site-packages:/home/tony/webots_ws/install/my_package/lib/python3.8/site-packages:/home/tony/webots_ws/install/my_mir_package/lib/python3.8/site-packages:/home/tony/webots_ws/install/multi_mir_package/lib/python3.8/site-packages:/home/tony/webots_ws/install/ir_sim/lib/python3.8/site-packages:/opt/ros/foxy/lib/python3.8/site-packages:/home/tony/webots_ws/intelligent-robot-simulator/:/home/tony/webots_ws/rl_rvo_nav/ /usr/bin/cmake --build /home/tony/webots_ws/build/multi_mpc_controller -- -j16 -l16
[0.091s] [35m[1mScanning dependencies of target multi_control_node[0m
[0.173s] [ 25%] [32mBuilding CXX object CMakeFiles/multi_control_node.dir/src/multi_control_node.cpp.o[0m
[1.206s] In file included from [01m[K/home/tony/webots_ws/src/qpOASES/include/qpOASES/QProblemB.hpp:1014[m[K,
[1.206s]                  from [01m[K/home/tony/webots_ws/src/qpOASES/include/qpOASES.hpp:66[m[K,
[1.206s]                  from [01m[K/home/tony/webots_ws/src/multi_mpc_controller/include/mpc_controller/mpc_controller.hpp:4[m[K,
[1.206s]                  from [01m[K/home/tony/webots_ws/src/multi_mpc_controller/src/multi_control_node.cpp:5[m[K:
[1.206s] [01m[K/home/tony/webots_ws/src/qpOASES/include/qpOASES/QProblemB.ipp:[m[K In member function â€˜[01m[Kvoid qpOASES::QProblemB::applyGivens(qpOASES::real_t, qpOASES::real_t, qpOASES::real_t, qpOASES::real_t, qpOASES::real_t, qpOASES::real_t&, qpOASES::real_t&) const[m[Kâ€™:
[1.206s] [01m[K/home/tony/webots_ws/src/qpOASES/include/qpOASES/QProblemB.ipp:447:64:[m[K [01;35m[Kwarning: [m[Kunused parameter â€˜[01m[Knu[m[Kâ€™ [[01;35m[K-Wunused-parameter[m[K]
[1.206s]   447 | inline void QProblemB::applyGivens( real_t c, real_t s, [01;35m[Kreal_t nu[m[K, real_t xold, real_t yold,
[1.207s]       |                                                         [01;35m[K~~~~~~~^~[m[K
[1.207s] In file included from [01m[K/home/tony/webots_ws/src/qpOASES/include/qpOASES/QProblem.hpp:43[m[K,
[1.207s]                  from [01m[K/home/tony/webots_ws/src/qpOASES/include/qpOASES.hpp:67[m[K,
[1.207s]                  from [01m[K/home/tony/webots_ws/src/multi_mpc_controller/include/mpc_controller/mpc_controller.hpp:4[m[K,
[1.207s]                  from [01m[K/home/tony/webots_ws/src/multi_mpc_controller/src/multi_control_node.cpp:5[m[K:
[1.207s] [01m[K/home/tony/webots_ws/src/qpOASES/include/qpOASES/ConstraintProduct.hpp:[m[K In copy constructor â€˜[01m[KqpOASES::ConstraintProduct::ConstraintProduct(const qpOASES::ConstraintProduct&)[m[Kâ€™:
[1.207s] [01m[K/home/tony/webots_ws/src/qpOASES/include/qpOASES/ConstraintProduct.hpp:64:47:[m[K [01;35m[Kwarning: [m[Kunused parameter â€˜[01m[KtoCopy[m[Kâ€™ [[01;35m[K-Wunused-parameter[m[K]
[1.207s]    64 |   ConstraintProduct( [01;35m[Kconst ConstraintProduct &toCopy[m[K /**< Rhs object. */
[1.207s]       |                      [01;35m[K~~~~~~~~~~~~~~~~~~~~~~~~~^~~~~~[m[K
[1.207s] [01m[K/home/tony/webots_ws/src/qpOASES/include/qpOASES/ConstraintProduct.hpp:[m[K In member function â€˜[01m[KqpOASES::ConstraintProduct& qpOASES::ConstraintProduct::operator=(const qpOASES::ConstraintProduct&)[m[Kâ€™:
[1.207s] [01m[K/home/tony/webots_ws/src/qpOASES/include/qpOASES/ConstraintProduct.hpp:71:58:[m[K [01;35m[Kwarning: [m[Kunused parameter â€˜[01m[KtoCopy[m[Kâ€™ [[01;35m[K-Wunused-parameter[m[K]
[1.207s]    71 |   ConstraintProduct &operator=( [01;35m[Kconst ConstraintProduct &toCopy[m[K /**< Rhs object. */
[1.207s]       |                                 [01;35m[K~~~~~~~~~~~~~~~~~~~~~~~~~^~~~~~[m[K
[2.032s] [01m[K/home/tony/webots_ws/src/multi_mpc_controller/src/multi_control_node.cpp:[m[K In member function â€˜[01m[Kvoid control_node::action_callback(action_interfaces::msg::Action_<std::allocator<void> >::SharedPtr)[m[Kâ€™:
[2.032s] [01m[K/home/tony/webots_ws/src/multi_mpc_controller/src/multi_control_node.cpp:341:37:[m[K [01;31m[Kerror: [m[Kâ€˜[01m[Kusing element_type = struct action_interfaces::msg::Action_<std::allocator<void> >[m[Kâ€™ {aka â€˜[01m[Kstruct action_interfaces::msg::Action_<std::allocator<void> >[m[Kâ€™} has no member named â€˜[01m[Kactions[m[Kâ€™; did you mean â€˜[01m[Kaction[m[Kâ€™?
[2.032s]   341 |         action_queue.push_back(msg->[01;31m[Kactions[m[K);
[2.033s]       |                                     [01;31m[K^~~~~~~[m[K
[2.033s]       |                                     [32m[Kaction[m[K
[2.033s] [01m[K/home/tony/webots_ws/src/multi_mpc_controller/src/multi_control_node.cpp:342:24:[m[K [01;31m[Kerror: [m[Kâ€˜[01m[Kusing element_type = struct action_interfaces::msg::Action_<std::allocator<void> >[m[Kâ€™ {aka â€˜[01m[Kstruct action_interfaces::msg::Action_<std::allocator<void> >[m[Kâ€™} has no member named â€˜[01m[Kactions[m[Kâ€™; did you mean â€˜[01m[Kaction[m[Kâ€™?
[2.033s]   342 |         actions = msg->[01;31m[Kactions[m[K;
[2.033s]       |                        [01;31m[K^~~~~~~[m[K
[2.033s]       |                        [32m[Kaction[m[K
[2.033s] [01m[K/home/tony/webots_ws/src/multi_mpc_controller/src/multi_control_node.cpp:[m[K In member function â€˜[01m[Kvoid control_node::train_control(int&)[m[Kâ€™:
[2.033s] [01m[K/home/tony/webots_ws/src/multi_mpc_controller/src/multi_control_node.cpp:356:18:[m[K [01;35m[Kwarning: [m[Kunused variable â€˜[01m[Kangular_v[m[Kâ€™ [[01;35m[K-Wunused-variable[m[K]
[2.033s]   356 |             auto [01;35m[Kangular_v[m[K = (cur_angle - pre_angle) / t_step;
[2.033s]       |                  [01;35m[K^~~~~~~~~[m[K
[2.033s] [01m[K/home/tony/webots_ws/src/multi_mpc_controller/src/multi_control_node.cpp:360:18:[m[K [01;35m[Kwarning: [m[Kunused variable â€˜[01m[Kangular_v[m[Kâ€™ [[01;35m[K-Wunused-variable[m[K]
[2.033s]   360 |             auto [01;35m[Kangular_v[m[K = 0;
[2.033s]       |                  [01;35m[K^~~~~~~~~[m[K
[2.035s] [01m[K/home/tony/webots_ws/src/multi_mpc_controller/src/multi_control_node.cpp:362:44:[m[K [01;31m[Kerror: [m[Kâ€˜[01m[Kangular_v[m[Kâ€™ was not declared in this scope
[2.035s]   362 |         motor_cmd.left_speed = (linear_v - [01;31m[Kangular_v[m[K * HALF_DISTANCE_BETWEEN_WHEELS) / WHEEL_RADIUS;
[2.035s]       |                                            [01;31m[K^~~~~~~~~[m[K
[2.082s] [01m[K/home/tony/webots_ws/src/multi_mpc_controller/src/multi_control_node.cpp:[m[K In member function â€˜[01m[Kvoid control_node::MPC_calculate(double&, int&)[m[Kâ€™:
[2.083s] [01m[K/home/tony/webots_ws/src/multi_mpc_controller/src/multi_control_node.cpp:528:35:[m[K [01;35m[Kwarning: [m[Kcomparison of integer expressions of different signedness: â€˜[01m[Kint[m[Kâ€™ and â€˜[01m[Kstd::vector<Eigen::Matrix<double, 2, 1> >::size_type[m[Kâ€™ {aka â€˜[01m[Klong unsigned int[m[Kâ€™} [[01;35m[K-Wsign-compare[m[K]
[2.083s]   528 |                 for (int i = 0; [01;35m[Ki < U_r.size()[m[K; i++)
[2.083s]       |                                 [01;35m[K~~^~~~~~~~~~~~[m[K
[2.086s] [01m[K/home/tony/webots_ws/src/multi_mpc_controller/src/multi_control_node.cpp:404:16:[m[K [01;35m[Kwarning: [m[Kunused variable â€˜[01m[Kyaw_start[m[Kâ€™ [[01;35m[K-Wunused-variable[m[K]
[2.086s]   404 |         double [01;35m[Kyaw_start[m[K = atan2(vel_start(1), vel_start(0));       // åˆå§‹èˆªå‘è§’
[2.086s]       |                [01;35m[K^~~~~~~~~[m[K
[4.762s] make[2]: *** [CMakeFiles/multi_control_node.dir/build.make:63: CMakeFiles/multi_control_node.dir/src/multi_control_node.cpp.o] Error 1
[4.762s] make[1]: *** [CMakeFiles/Makefile2:78: CMakeFiles/multi_control_node.dir/all] Error 2
[4.763s] make: *** [Makefile:141: all] Error 2
[4.765s] Invoked command in '/home/tony/webots_ws/build/multi_mpc_controller' returned '2': CMAKE_PREFIX_PATH=/home/tony/webots_ws/install/traj_interfaces:/home/tony/webots_ws/install/motor_interfaces:/home/tony/webots_ws/install/action_interfaces:/home/tony/webots_ws/install/traj_publish:/home/tony/webots_ws/install/multi_traj_publish:/home/tony/webots_ws/install/multi_mpc_controller:/home/tony/webots_ws/install/mpc_controller:/home/tony/webots_ws/install/post_train:/home/tony/webots_ws/install/my_package:/home/tony/webots_ws/install/my_mir_package:/home/tony/webots_ws/install/multi_mir_package:/opt/ros/foxy PYTHONPATH=/home/tony/webots_ws/install/traj_interfaces/lib/python3.8/site-packages:/home/tony/webots_ws/install/motor_interfaces/lib/python3.8/site-packages:/home/tony/webots_ws/install/action_interfaces/lib/python3.8/site-packages:/home/tony/webots_ws/install/rl_rvo_nav/lib/python3.8/site-packages:/home/tony/webots_ws/install/post_train/lib/python3.8/site-packages:/home/tony/webots_ws/install/my_package/lib/python3.8/site-packages:/home/tony/webots_ws/install/my_mir_package/lib/python3.8/site-packages:/home/tony/webots_ws/install/multi_mir_package/lib/python3.8/site-packages:/home/tony/webots_ws/install/ir_sim/lib/python3.8/site-packages:/opt/ros/foxy/lib/python3.8/site-packages:/home/tony/webots_ws/intelligent-robot-simulator/:/home/tony/webots_ws/rl_rvo_nav/ /usr/bin/cmake --build /home/tony/webots_ws/build/multi_mpc_controller -- -j16 -l16
