In file included from [01m[K/home/tony/webots_ws/src/qpOASES/include/qpOASES/QProblemB.hpp:1014[m[K,
                 from [01m[K/home/tony/webots_ws/src/qpOASES/include/qpOASES.hpp:66[m[K,
                 from [01m[K/home/tony/webots_ws/src/mpc_controller/include/mpc_controller/mpc_controller.hpp:4[m[K,
                 from [01m[K/home/tony/webots_ws/src/mpc_controller/src/control_node.cpp:5[m[K:
[01m[K/home/tony/webots_ws/src/qpOASES/include/qpOASES/QProblemB.ipp:[m[K In member function â€˜[01m[Kvoid qpOASES::QProblemB::applyGivens(qpOASES::real_t, qpOASES::real_t, qpOASES::real_t, qpOASES::real_t, qpOASES::real_t, qpOASES::real_t&, qpOASES::real_t&) const[m[Kâ€™:
[01m[K/home/tony/webots_ws/src/qpOASES/include/qpOASES/QProblemB.ipp:447:64:[m[K [01;35m[Kwarning: [m[Kunused parameter â€˜[01m[Knu[m[Kâ€™ [[01;35m[K-Wunused-parameter[m[K]
  447 | inline void QProblemB::applyGivens( real_t c, real_t s, [01;35m[Kreal_t nu[m[K, real_t xold, real_t yold,
      |                                                         [01;35m[K~~~~~~~^~[m[K
In file included from [01m[K/home/tony/webots_ws/src/qpOASES/include/qpOASES/QProblem.hpp:43[m[K,
                 from [01m[K/home/tony/webots_ws/src/qpOASES/include/qpOASES.hpp:67[m[K,
                 from [01m[K/home/tony/webots_ws/src/mpc_controller/include/mpc_controller/mpc_controller.hpp:4[m[K,
                 from [01m[K/home/tony/webots_ws/src/mpc_controller/src/control_node.cpp:5[m[K:
[01m[K/home/tony/webots_ws/src/qpOASES/include/qpOASES/ConstraintProduct.hpp:[m[K In copy constructor â€˜[01m[KqpOASES::ConstraintProduct::ConstraintProduct(const qpOASES::ConstraintProduct&)[m[Kâ€™:
[01m[K/home/tony/webots_ws/src/qpOASES/include/qpOASES/ConstraintProduct.hpp:64:47:[m[K [01;35m[Kwarning: [m[Kunused parameter â€˜[01m[KtoCopy[m[Kâ€™ [[01;35m[K-Wunused-parameter[m[K]
   64 |   ConstraintProduct( [01;35m[Kconst ConstraintProduct &toCopy[m[K /**< Rhs object. */
      |                      [01;35m[K~~~~~~~~~~~~~~~~~~~~~~~~~^~~~~~[m[K
[01m[K/home/tony/webots_ws/src/qpOASES/include/qpOASES/ConstraintProduct.hpp:[m[K In member function â€˜[01m[KqpOASES::ConstraintProduct& qpOASES::ConstraintProduct::operator=(const qpOASES::ConstraintProduct&)[m[Kâ€™:
[01m[K/home/tony/webots_ws/src/qpOASES/include/qpOASES/ConstraintProduct.hpp:71:58:[m[K [01;35m[Kwarning: [m[Kunused parameter â€˜[01m[KtoCopy[m[Kâ€™ [[01;35m[K-Wunused-parameter[m[K]
   71 |   ConstraintProduct &operator=( [01;35m[Kconst ConstraintProduct &toCopy[m[K /**< Rhs object. */
      |                                 [01;35m[K~~~~~~~~~~~~~~~~~~~~~~~~~^~~~~~[m[K
[01m[K/home/tony/webots_ws/src/mpc_controller/src/control_node.cpp:[m[K In member function â€˜[01m[Kvoid control_node::MPC_calculate(double&)[m[Kâ€™:
[01m[K/home/tony/webots_ws/src/mpc_controller/src/control_node.cpp:323:31:[m[K [01;35m[Kwarning: [m[Kcomparison of integer expressions of different signedness: â€˜[01m[Kint[m[Kâ€™ and â€˜[01m[Kstd::vector<Eigen::Matrix<double, 2, 1> >::size_type[m[Kâ€™ {aka â€˜[01m[Klong unsigned int[m[Kâ€™} [[01;35m[K-Wsign-compare[m[K]
  323 |             for (int i = 0; [01;35m[Ki < U_r.size()[m[K; i++)
      |                             [01;35m[K~~^~~~~~~~~~~~[m[K
[01m[K/home/tony/webots_ws/src/mpc_controller/src/control_node.cpp:201:16:[m[K [01;35m[Kwarning: [m[Kunused variable â€˜[01m[Kyaw_start[m[Kâ€™ [[01;35m[K-Wunused-variable[m[K]
  201 |         double [01;35m[Kyaw_start[m[K = atan2(vel_start(1), vel_start(0));       // åˆå§‹èˆªå‘è§’
      |                [01;35m[K^~~~~~~~~[m[K
/usr/bin/ld: CMakeFiles/control_node.dir/src/control_node.cpp.o: in function `control_node::traj_callback(std::shared_ptr<traj_interfaces::msg::Bspline_<std::allocator<void> > >)':
control_node.cpp:(.text._ZN12control_node13traj_callbackESt10shared_ptrIN15traj_interfaces3msg8Bspline_ISaIvEEEE[_ZN12control_node13traj_callbackESt10shared_ptrIN15traj_interfaces3msg8Bspline_ISaIvEEEE]+0x292): undefined reference to `bspline_planner::UniformBspline::UniformBspline(Eigen::Matrix<double, -1, -1, 0, -1, -1> const&, int const&, double const&)'
/usr/bin/ld: control_node.cpp:(.text._ZN12control_node13traj_callbackESt10shared_ptrIN15traj_interfaces3msg8Bspline_ISaIvEEEE[_ZN12control_node13traj_callbackESt10shared_ptrIN15traj_interfaces3msg8Bspline_ISaIvEEEE]+0x2ab): undefined reference to `bspline_planner::UniformBspline::setKnot(Eigen::Matrix<double, -1, 1, 0, -1, 1> const&)'
/usr/bin/ld: control_node.cpp:(.text._ZN12control_node13traj_callbackESt10shared_ptrIN15traj_interfaces3msg8Bspline_ISaIvEEEE[_ZN12control_node13traj_callbackESt10shared_ptrIN15traj_interfaces3msg8Bspline_ISaIvEEEE]+0x32b): undefined reference to `bspline_planner::UniformBspline::getDerivative()'
/usr/bin/ld: control_node.cpp:(.text._ZN12control_node13traj_callbackESt10shared_ptrIN15traj_interfaces3msg8Bspline_ISaIvEEEE[_ZN12control_node13traj_callbackESt10shared_ptrIN15traj_interfaces3msg8Bspline_ISaIvEEEE]+0x34a): undefined reference to `bspline_planner::UniformBspline::~UniformBspline()'
/usr/bin/ld: control_node.cpp:(.text._ZN12control_node13traj_callbackESt10shared_ptrIN15traj_interfaces3msg8Bspline_ISaIvEEEE[_ZN12control_node13traj_callbackESt10shared_ptrIN15traj_interfaces3msg8Bspline_ISaIvEEEE]+0x36d): undefined reference to `bspline_planner::UniformBspline::getDerivative()'
/usr/bin/ld: control_node.cpp:(.text._ZN12control_node13traj_callbackESt10shared_ptrIN15traj_interfaces3msg8Bspline_ISaIvEEEE[_ZN12control_node13traj_callbackESt10shared_ptrIN15traj_interfaces3msg8Bspline_ISaIvEEEE]+0x38c): undefined reference to `bspline_planner::UniformBspline::~UniformBspline()'
/usr/bin/ld: control_node.cpp:(.text._ZN12control_node13traj_callbackESt10shared_ptrIN15traj_interfaces3msg8Bspline_ISaIvEEEE[_ZN12control_node13traj_callbackESt10shared_ptrIN15traj_interfaces3msg8Bspline_ISaIvEEEE]+0x3a5): undefined reference to `bspline_planner::UniformBspline::getTimeSum()'
/usr/bin/ld: control_node.cpp:(.text._ZN12control_node13traj_callbackESt10shared_ptrIN15traj_interfaces3msg8Bspline_ISaIvEEEE[_ZN12control_node13traj_callbackESt10shared_ptrIN15traj_interfaces3msg8Bspline_ISaIvEEEE]+0x3c7): undefined reference to `bspline_planner::UniformBspline::~UniformBspline()'
/usr/bin/ld: control_node.cpp:(.text._ZN12control_node13traj_callbackESt10shared_ptrIN15traj_interfaces3msg8Bspline_ISaIvEEEE[_ZN12control_node13traj_callbackESt10shared_ptrIN15traj_interfaces3msg8Bspline_ISaIvEEEE]+0x40e): undefined reference to `bspline_planner::UniformBspline::~UniformBspline()'
/usr/bin/ld: control_node.cpp:(.text._ZN12control_node13traj_callbackESt10shared_ptrIN15traj_interfaces3msg8Bspline_ISaIvEEEE[_ZN12control_node13traj_callbackESt10shared_ptrIN15traj_interfaces3msg8Bspline_ISaIvEEEE]+0x423): undefined reference to `bspline_planner::UniformBspline::~UniformBspline()'
/usr/bin/ld: control_node.cpp:(.text._ZN12control_node13traj_callbackESt10shared_ptrIN15traj_interfaces3msg8Bspline_ISaIvEEEE[_ZN12control_node13traj_callbackESt10shared_ptrIN15traj_interfaces3msg8Bspline_ISaIvEEEE]+0x43b): undefined reference to `bspline_planner::UniformBspline::~UniformBspline()'
/usr/bin/ld: CMakeFiles/control_node.dir/src/control_node.cpp.o: in function `control_node::MPC_calculate(double&)':
control_node.cpp:(.text._ZN12control_node13MPC_calculateERd[_ZN12control_node13MPC_calculateERd]+0x11b): undefined reference to `bspline_planner::UniformBspline::evaluateDeBoor(double const&)'
/usr/bin/ld: control_node.cpp:(.text._ZN12control_node13MPC_calculateERd[_ZN12control_node13MPC_calculateERd]+0x1d8): undefined reference to `bspline_planner::UniformBspline::evaluateDeBoor(double const&)'
/usr/bin/ld: control_node.cpp:(.text._ZN12control_node13MPC_calculateERd[_ZN12control_node13MPC_calculateERd]+0x2a6): undefined reference to `bspline_planner::UniformBspline::evaluateDeBoor(double const&)'
/usr/bin/ld: control_node.cpp:(.text._ZN12control_node13MPC_calculateERd[_ZN12control_node13MPC_calculateERd]+0x2fb): undefined reference to `bspline_planner::UniformBspline::evaluateDeBoor(double const&)'
/usr/bin/ld: control_node.cpp:(.text._ZN12control_node13MPC_calculateERd[_ZN12control_node13MPC_calculateERd]+0x3b6): undefined reference to `bspline_planner::UniformBspline::evaluateDeBoor(double const&)'
/usr/bin/ld: CMakeFiles/control_node.dir/src/control_node.cpp.o:control_node.cpp:(.text._ZN12control_node13MPC_calculateERd[_ZN12control_node13MPC_calculateERd]+0x40b): more undefined references to `bspline_planner::UniformBspline::evaluateDeBoor(double const&)' follow
/usr/bin/ld: CMakeFiles/control_node.dir/src/control_node.cpp.o: in function `control_node::MPC_calculate(double&)':
control_node.cpp:(.text._ZN12control_node13MPC_calculateERd[_ZN12control_node13MPC_calculateERd]+0xa16): undefined reference to `MPC_controller::MPC_Solve_qp(Eigen::Matrix<double, 3, 1, 0, 3, 1>, std::vector<Eigen::Matrix<double, 3, 1, 0, 3, 1>, std::allocator<Eigen::Matrix<double, 3, 1, 0, 3, 1> > >, std::vector<Eigen::Matrix<double, 2, 1, 0, 2, 1>, std::allocator<Eigen::Matrix<double, 2, 1, 0, 2, 1> > >, int)'
/usr/bin/ld: CMakeFiles/control_node.dir/src/control_node.cpp.o: in function `void __gnu_cxx::new_allocator<bspline_planner::UniformBspline>::destroy<bspline_planner::UniformBspline>(bspline_planner::UniformBspline*)':
control_node.cpp:(.text._ZN9__gnu_cxx13new_allocatorIN15bspline_planner14UniformBsplineEE7destroyIS2_EEvPT_[_ZN9__gnu_cxx13new_allocatorIN15bspline_planner14UniformBsplineEE7destroyIS2_EEvPT_]+0x1c): undefined reference to `bspline_planner::UniformBspline::~UniformBspline()'
/usr/bin/ld: CMakeFiles/control_node.dir/src/control_node.cpp.o: in function `void std::_Destroy<bspline_planner::UniformBspline>(bspline_planner::UniformBspline*)':
control_node.cpp:(.text._ZSt8_DestroyIN15bspline_planner14UniformBsplineEEvPT_[_ZSt8_DestroyIN15bspline_planner14UniformBsplineEEvPT_]+0x18): undefined reference to `bspline_planner::UniformBspline::~UniformBspline()'
collect2: error: ld returned 1 exit status
make[2]: *** [CMakeFiles/control_node.dir/build.make:182: control_node] Error 1
make[1]: *** [CMakeFiles/Makefile2:78: CMakeFiles/control_node.dir/all] Error 2
make: *** [Makefile:141: all] Error 2
