[0.031s] Invoking command in '/home/tony/webots_ws/build/mpc_controller': CMAKE_PREFIX_PATH=/home/tony/webots_ws/install/traj_interfaces:/home/tony/webots_ws/install/motor_interfaces:/home/tony/webots_ws/install/traj_publish:/home/tony/webots_ws/install/my_package:/home/tony/webots_ws/install/my_mir_package:/opt/ros/foxy PYTHONPATH=/home/tony/webots_ws/install/traj_interfaces/lib/python3.8/site-packages:/home/tony/webots_ws/install/motor_interfaces/lib/python3.8/site-packages:/home/tony/webots_ws/install/my_package/lib/python3.8/site-packages:/home/tony/webots_ws/install/my_mir_package/lib/python3.8/site-packages:/opt/ros/foxy/lib/python3.8/site-packages /usr/bin/cmake --build /home/tony/webots_ws/build/mpc_controller -- -j16 -l16
[0.093s] [35m[1mScanning dependencies of target control_node[0m
[0.152s] [ 50%] [32mBuilding CXX object CMakeFiles/control_node.dir/src/control_node.cpp.o[0m
[1.224s] In file included from [01m[K/home/tony/webots_ws/src/qpOASES/include/qpOASES/QProblemB.hpp:1014[m[K,
[1.224s]                  from [01m[K/home/tony/webots_ws/src/qpOASES/include/qpOASES.hpp:66[m[K,
[1.224s]                  from [01m[K/home/tony/webots_ws/src/mpc_controller/include/mpc_controller/mpc_controller.hpp:4[m[K,
[1.224s]                  from [01m[K/home/tony/webots_ws/src/mpc_controller/src/control_node.cpp:5[m[K:
[1.225s] [01m[K/home/tony/webots_ws/src/qpOASES/include/qpOASES/QProblemB.ipp:[m[K In member function â€˜[01m[Kvoid qpOASES::QProblemB::applyGivens(qpOASES::real_t, qpOASES::real_t, qpOASES::real_t, qpOASES::real_t, qpOASES::real_t, qpOASES::real_t&, qpOASES::real_t&) const[m[Kâ€™:
[1.225s] [01m[K/home/tony/webots_ws/src/qpOASES/include/qpOASES/QProblemB.ipp:447:64:[m[K [01;35m[Kwarning: [m[Kunused parameter â€˜[01m[Knu[m[Kâ€™ [[01;35m[K-Wunused-parameter[m[K]
[1.225s]   447 | inline void QProblemB::applyGivens( real_t c, real_t s, [01;35m[Kreal_t nu[m[K, real_t xold, real_t yold,
[1.225s]       |                                                         [01;35m[K~~~~~~~^~[m[K
[1.225s] In file included from [01m[K/home/tony/webots_ws/src/qpOASES/include/qpOASES/QProblem.hpp:43[m[K,
[1.225s]                  from [01m[K/home/tony/webots_ws/src/qpOASES/include/qpOASES.hpp:67[m[K,
[1.225s]                  from [01m[K/home/tony/webots_ws/src/mpc_controller/include/mpc_controller/mpc_controller.hpp:4[m[K,
[1.225s]                  from [01m[K/home/tony/webots_ws/src/mpc_controller/src/control_node.cpp:5[m[K:
[1.225s] [01m[K/home/tony/webots_ws/src/qpOASES/include/qpOASES/ConstraintProduct.hpp:[m[K In copy constructor â€˜[01m[KqpOASES::ConstraintProduct::ConstraintProduct(const qpOASES::ConstraintProduct&)[m[Kâ€™:
[1.225s] [01m[K/home/tony/webots_ws/src/qpOASES/include/qpOASES/ConstraintProduct.hpp:64:47:[m[K [01;35m[Kwarning: [m[Kunused parameter â€˜[01m[KtoCopy[m[Kâ€™ [[01;35m[K-Wunused-parameter[m[K]
[1.225s]    64 |   ConstraintProduct( [01;35m[Kconst ConstraintProduct &toCopy[m[K /**< Rhs object. */
[1.225s]       |                      [01;35m[K~~~~~~~~~~~~~~~~~~~~~~~~~^~~~~~[m[K
[1.225s] [01m[K/home/tony/webots_ws/src/qpOASES/include/qpOASES/ConstraintProduct.hpp:[m[K In member function â€˜[01m[KqpOASES::ConstraintProduct& qpOASES::ConstraintProduct::operator=(const qpOASES::ConstraintProduct&)[m[Kâ€™:
[1.225s] [01m[K/home/tony/webots_ws/src/qpOASES/include/qpOASES/ConstraintProduct.hpp:71:58:[m[K [01;35m[Kwarning: [m[Kunused parameter â€˜[01m[KtoCopy[m[Kâ€™ [[01;35m[K-Wunused-parameter[m[K]
[1.225s]    71 |   ConstraintProduct &operator=( [01;35m[Kconst ConstraintProduct &toCopy[m[K /**< Rhs object. */
[1.226s]       |                                 [01;35m[K~~~~~~~~~~~~~~~~~~~~~~~~~^~~~~~[m[K
[2.078s] [01m[K/home/tony/webots_ws/src/mpc_controller/src/control_node.cpp:[m[K In member function â€˜[01m[Kvoid control_node::MPC_calculate(double&)[m[Kâ€™:
[2.078s] [01m[K/home/tony/webots_ws/src/mpc_controller/src/control_node.cpp:323:31:[m[K [01;35m[Kwarning: [m[Kcomparison of integer expressions of different signedness: â€˜[01m[Kint[m[Kâ€™ and â€˜[01m[Kstd::vector<Eigen::Matrix<double, 2, 1> >::size_type[m[Kâ€™ {aka â€˜[01m[Klong unsigned int[m[Kâ€™} [[01;35m[K-Wsign-compare[m[K]
[2.078s]   323 |             for (int i = 0; [01;35m[Ki < U_r.size()[m[K; i++)
[2.078s]       |                             [01;35m[K~~^~~~~~~~~~~~[m[K
[2.081s] [01m[K/home/tony/webots_ws/src/mpc_controller/src/control_node.cpp:201:16:[m[K [01;35m[Kwarning: [m[Kunused variable â€˜[01m[Kyaw_start[m[Kâ€™ [[01;35m[K-Wunused-variable[m[K]
[2.081s]   201 |         double [01;35m[Kyaw_start[m[K = atan2(vel_start(1), vel_start(0));       // åˆå§‹èˆªå‘è§’
[2.082s]       |                [01;35m[K^~~~~~~~~[m[K
[7.340s] [100%] [32m[1mLinking CXX executable control_node[0m
[7.677s] /usr/bin/ld: CMakeFiles/control_node.dir/src/control_node.cpp.o: in function `control_node::traj_callback(std::shared_ptr<traj_interfaces::msg::Bspline_<std::allocator<void> > >)':
[7.677s] control_node.cpp:(.text._ZN12control_node13traj_callbackESt10shared_ptrIN15traj_interfaces3msg8Bspline_ISaIvEEEE[_ZN12control_node13traj_callbackESt10shared_ptrIN15traj_interfaces3msg8Bspline_ISaIvEEEE]+0x292): undefined reference to `bspline_planner::UniformBspline::UniformBspline(Eigen::Matrix<double, -1, -1, 0, -1, -1> const&, int const&, double const&)'
[7.677s] /usr/bin/ld: control_node.cpp:(.text._ZN12control_node13traj_callbackESt10shared_ptrIN15traj_interfaces3msg8Bspline_ISaIvEEEE[_ZN12control_node13traj_callbackESt10shared_ptrIN15traj_interfaces3msg8Bspline_ISaIvEEEE]+0x2ab): undefined reference to `bspline_planner::UniformBspline::setKnot(Eigen::Matrix<double, -1, 1, 0, -1, 1> const&)'
[7.677s] /usr/bin/ld: control_node.cpp:(.text._ZN12control_node13traj_callbackESt10shared_ptrIN15traj_interfaces3msg8Bspline_ISaIvEEEE[_ZN12control_node13traj_callbackESt10shared_ptrIN15traj_interfaces3msg8Bspline_ISaIvEEEE]+0x32b): undefined reference to `bspline_planner::UniformBspline::getDerivative()'
[7.677s] /usr/bin/ld: control_node.cpp:(.text._ZN12control_node13traj_callbackESt10shared_ptrIN15traj_interfaces3msg8Bspline_ISaIvEEEE[_ZN12control_node13traj_callbackESt10shared_ptrIN15traj_interfaces3msg8Bspline_ISaIvEEEE]+0x34a): undefined reference to `bspline_planner::UniformBspline::~UniformBspline()'
[7.677s] /usr/bin/ld: control_node.cpp:(.text._ZN12control_node13traj_callbackESt10shared_ptrIN15traj_interfaces3msg8Bspline_ISaIvEEEE[_ZN12control_node13traj_callbackESt10shared_ptrIN15traj_interfaces3msg8Bspline_ISaIvEEEE]+0x36d): undefined reference to `bspline_planner::UniformBspline::getDerivative()'
[7.677s] /usr/bin/ld: control_node.cpp:(.text._ZN12control_node13traj_callbackESt10shared_ptrIN15traj_interfaces3msg8Bspline_ISaIvEEEE[_ZN12control_node13traj_callbackESt10shared_ptrIN15traj_interfaces3msg8Bspline_ISaIvEEEE]+0x38c): undefined reference to `bspline_planner::UniformBspline::~UniformBspline()'
[7.677s] /usr/bin/ld: control_node.cpp:(.text._ZN12control_node13traj_callbackESt10shared_ptrIN15traj_interfaces3msg8Bspline_ISaIvEEEE[_ZN12control_node13traj_callbackESt10shared_ptrIN15traj_interfaces3msg8Bspline_ISaIvEEEE]+0x3a5): undefined reference to `bspline_planner::UniformBspline::getTimeSum()'
[7.677s] /usr/bin/ld: control_node.cpp:(.text._ZN12control_node13traj_callbackESt10shared_ptrIN15traj_interfaces3msg8Bspline_ISaIvEEEE[_ZN12control_node13traj_callbackESt10shared_ptrIN15traj_interfaces3msg8Bspline_ISaIvEEEE]+0x3c7): undefined reference to `bspline_planner::UniformBspline::~UniformBspline()'
[7.677s] /usr/bin/ld: control_node.cpp:(.text._ZN12control_node13traj_callbackESt10shared_ptrIN15traj_interfaces3msg8Bspline_ISaIvEEEE[_ZN12control_node13traj_callbackESt10shared_ptrIN15traj_interfaces3msg8Bspline_ISaIvEEEE]+0x40e): undefined reference to `bspline_planner::UniformBspline::~UniformBspline()'
[7.677s] /usr/bin/ld: control_node.cpp:(.text._ZN12control_node13traj_callbackESt10shared_ptrIN15traj_interfaces3msg8Bspline_ISaIvEEEE[_ZN12control_node13traj_callbackESt10shared_ptrIN15traj_interfaces3msg8Bspline_ISaIvEEEE]+0x423): undefined reference to `bspline_planner::UniformBspline::~UniformBspline()'
[7.678s] /usr/bin/ld: control_node.cpp:(.text._ZN12control_node13traj_callbackESt10shared_ptrIN15traj_interfaces3msg8Bspline_ISaIvEEEE[_ZN12control_node13traj_callbackESt10shared_ptrIN15traj_interfaces3msg8Bspline_ISaIvEEEE]+0x43b): undefined reference to `bspline_planner::UniformBspline::~UniformBspline()'
[7.678s] /usr/bin/ld: CMakeFiles/control_node.dir/src/control_node.cpp.o: in function `control_node::MPC_calculate(double&)':
[7.678s] control_node.cpp:(.text._ZN12control_node13MPC_calculateERd[_ZN12control_node13MPC_calculateERd]+0x11b): undefined reference to `bspline_planner::UniformBspline::evaluateDeBoor(double const&)'
[7.678s] /usr/bin/ld: control_node.cpp:(.text._ZN12control_node13MPC_calculateERd[_ZN12control_node13MPC_calculateERd]+0x1d8): undefined reference to `bspline_planner::UniformBspline::evaluateDeBoor(double const&)'
[7.678s] /usr/bin/ld: control_node.cpp:(.text._ZN12control_node13MPC_calculateERd[_ZN12control_node13MPC_calculateERd]+0x2a6): undefined reference to `bspline_planner::UniformBspline::evaluateDeBoor(double const&)'
[7.678s] /usr/bin/ld: control_node.cpp:(.text._ZN12control_node13MPC_calculateERd[_ZN12control_node13MPC_calculateERd]+0x2fb): undefined reference to `bspline_planner::UniformBspline::evaluateDeBoor(double const&)'
[7.678s] /usr/bin/ld: control_node.cpp:(.text._ZN12control_node13MPC_calculateERd[_ZN12control_node13MPC_calculateERd]+0x3b6): undefined reference to `bspline_planner::UniformBspline::evaluateDeBoor(double const&)'
[7.678s] /usr/bin/ld: CMakeFiles/control_node.dir/src/control_node.cpp.o:control_node.cpp:(.text._ZN12control_node13MPC_calculateERd[_ZN12control_node13MPC_calculateERd]+0x40b): more undefined references to `bspline_planner::UniformBspline::evaluateDeBoor(double const&)' follow
[7.678s] /usr/bin/ld: CMakeFiles/control_node.dir/src/control_node.cpp.o: in function `control_node::MPC_calculate(double&)':
[7.678s] control_node.cpp:(.text._ZN12control_node13MPC_calculateERd[_ZN12control_node13MPC_calculateERd]+0xa16): undefined reference to `MPC_controller::MPC_Solve_qp(Eigen::Matrix<double, 3, 1, 0, 3, 1>, std::vector<Eigen::Matrix<double, 3, 1, 0, 3, 1>, std::allocator<Eigen::Matrix<double, 3, 1, 0, 3, 1> > >, std::vector<Eigen::Matrix<double, 2, 1, 0, 2, 1>, std::allocator<Eigen::Matrix<double, 2, 1, 0, 2, 1> > >, int)'
[7.678s] /usr/bin/ld: CMakeFiles/control_node.dir/src/control_node.cpp.o: in function `void __gnu_cxx::new_allocator<bspline_planner::UniformBspline>::destroy<bspline_planner::UniformBspline>(bspline_planner::UniformBspline*)':
[7.678s] control_node.cpp:(.text._ZN9__gnu_cxx13new_allocatorIN15bspline_planner14UniformBsplineEE7destroyIS2_EEvPT_[_ZN9__gnu_cxx13new_allocatorIN15bspline_planner14UniformBsplineEE7destroyIS2_EEvPT_]+0x1c): undefined reference to `bspline_planner::UniformBspline::~UniformBspline()'
[7.678s] /usr/bin/ld: CMakeFiles/control_node.dir/src/control_node.cpp.o: in function `void std::_Destroy<bspline_planner::UniformBspline>(bspline_planner::UniformBspline*)':
[7.678s] control_node.cpp:(.text._ZSt8_DestroyIN15bspline_planner14UniformBsplineEEvPT_[_ZSt8_DestroyIN15bspline_planner14UniformBsplineEEvPT_]+0x18): undefined reference to `bspline_planner::UniformBspline::~UniformBspline()'
[7.686s] collect2: error: ld returned 1 exit status
[7.687s] make[2]: *** [CMakeFiles/control_node.dir/build.make:182: control_node] Error 1
[7.688s] make[1]: *** [CMakeFiles/Makefile2:78: CMakeFiles/control_node.dir/all] Error 2
[7.689s] make: *** [Makefile:141: all] Error 2
[7.691s] Invoked command in '/home/tony/webots_ws/build/mpc_controller' returned '2': CMAKE_PREFIX_PATH=/home/tony/webots_ws/install/traj_interfaces:/home/tony/webots_ws/install/motor_interfaces:/home/tony/webots_ws/install/traj_publish:/home/tony/webots_ws/install/my_package:/home/tony/webots_ws/install/my_mir_package:/opt/ros/foxy PYTHONPATH=/home/tony/webots_ws/install/traj_interfaces/lib/python3.8/site-packages:/home/tony/webots_ws/install/motor_interfaces/lib/python3.8/site-packages:/home/tony/webots_ws/install/my_package/lib/python3.8/site-packages:/home/tony/webots_ws/install/my_mir_package/lib/python3.8/site-packages:/opt/ros/foxy/lib/python3.8/site-packages /usr/bin/cmake --build /home/tony/webots_ws/build/mpc_controller -- -j16 -l16
