[0.032s] Invoking command in '/home/tony/webots_ws/build/mpc_controller': CMAKE_PREFIX_PATH=/home/tony/webots_ws/install/traj_interfaces:/home/tony/webots_ws/install/motor_interfaces:/home/tony/webots_ws/install/traj_publish:/home/tony/webots_ws/install/my_package:/home/tony/webots_ws/install/my_mir_package:/opt/ros/foxy PYTHONPATH=/home/tony/webots_ws/install/traj_interfaces/lib/python3.8/site-packages:/home/tony/webots_ws/install/motor_interfaces/lib/python3.8/site-packages:/home/tony/webots_ws/install/my_package/lib/python3.8/site-packages:/home/tony/webots_ws/install/my_mir_package/lib/python3.8/site-packages:/opt/ros/foxy/lib/python3.8/site-packages /usr/bin/cmake --build /home/tony/webots_ws/build/mpc_controller -- -j16 -l16
[0.069s] -- Found ament_cmake: 0.9.12 (/opt/ros/foxy/share/ament_cmake/cmake)
[0.094s] -- Using PYTHON_EXECUTABLE: /usr/bin/python3
[0.248s] -- Found rclcpp: 2.4.3 (/opt/ros/foxy/share/rclcpp/cmake)
[0.274s] -- Using all available rosidl_typesupport_c: rosidl_typesupport_fastrtps_c;rosidl_typesupport_introspection_c
[0.276s] -- Found rosidl_adapter: 1.3.1 (/opt/ros/foxy/share/rosidl_adapter/cmake)
[0.391s] -- Using all available rosidl_typesupport_cpp: rosidl_typesupport_fastrtps_cpp;rosidl_typesupport_introspection_cpp
[0.429s] -- Found rmw_implementation_cmake: 1.0.4 (/opt/ros/foxy/share/rmw_implementation_cmake/cmake)
[0.430s] -- Using RMW implementation 'rmw_fastrtps_cpp' as default
[0.535s] -- Found geometry_msgs: 2.0.5 (/opt/ros/foxy/share/geometry_msgs/cmake)
[0.560s] -- Found nav_msgs: 2.0.5 (/opt/ros/foxy/share/nav_msgs/cmake)
[0.623s] -- Found tf2: 0.13.14 (/opt/ros/foxy/share/tf2/cmake)
[0.647s] -- Found tf2_geometry_msgs: 0.13.14 (/opt/ros/foxy/share/tf2_geometry_msgs/cmake)
[0.658s] -- Found eigen3_cmake_module: 0.1.1 (/opt/ros/foxy/share/eigen3_cmake_module/cmake)
[0.932s] -- Found motor_interfaces: 0.0.0 (/home/tony/webots_ws/install/motor_interfaces/share/motor_interfaces/cmake)
[0.939s] -- Found traj_interfaces: 0.0.0 (/home/tony/webots_ws/install/traj_interfaces/share/traj_interfaces/cmake)
[0.982s] -- Found ament_lint_auto: 0.9.8 (/opt/ros/foxy/share/ament_lint_auto/cmake)
[1.035s] -- Added test 'copyright' to check source files copyright and LICENSE
[1.036s] -- Added test 'cppcheck' to perform static code analysis on C / C++ code
[1.036s] -- Configured cppcheck include dirs: 
[1.036s] -- Configured cppcheck exclude dirs and/or files: 
[1.037s] -- Added test 'cpplint' to check C / C++ code against the Google style
[1.037s] -- Configured cpplint exclude dirs and/or files: 
[1.037s] -- Added test 'lint_cmake' to check CMake code style
[1.038s] -- Added test 'uncrustify' to check C / C++ code style
[1.038s] -- Configured uncrustify additional arguments: 
[1.038s] -- Added test 'xmllint' to check XML markup files
[1.044s] -- Configuring done
[1.055s] -- Generating done
[1.057s] -- Build files have been written to: /home/tony/webots_ws/build/mpc_controller
[1.087s] [35m[1mScanning dependencies of target control_node[0m
[1.145s] [ 50%] [32mBuilding CXX object CMakeFiles/control_node.dir/src/control_node.cpp.o[0m
[2.237s] In file included from [01m[K/home/tony/webots_ws/src/qpOASES/include/qpOASES/QProblemB.hpp:1014[m[K,
[2.237s]                  from [01m[K/home/tony/webots_ws/src/qpOASES/include/qpOASES.hpp:66[m[K,
[2.237s]                  from [01m[K/home/tony/webots_ws/src/mpc_controller/include/mpc_controller/mpc_controller.hpp:4[m[K,
[2.237s]                  from [01m[K/home/tony/webots_ws/src/mpc_controller/src/control_node.cpp:5[m[K:
[2.237s] [01m[K/home/tony/webots_ws/src/qpOASES/include/qpOASES/QProblemB.ipp:[m[K In member function ‘[01m[Kvoid qpOASES::QProblemB::applyGivens(qpOASES::real_t, qpOASES::real_t, qpOASES::real_t, qpOASES::real_t, qpOASES::real_t, qpOASES::real_t&, qpOASES::real_t&) const[m[K’:
[2.237s] [01m[K/home/tony/webots_ws/src/qpOASES/include/qpOASES/QProblemB.ipp:447:64:[m[K [01;35m[Kwarning: [m[Kunused parameter ‘[01m[Knu[m[K’ [[01;35m[K-Wunused-parameter[m[K]
[2.237s]   447 | inline void QProblemB::applyGivens( real_t c, real_t s, [01;35m[Kreal_t nu[m[K, real_t xold, real_t yold,
[2.237s]       |                                                         [01;35m[K~~~~~~~^~[m[K
[2.238s] In file included from [01m[K/home/tony/webots_ws/src/qpOASES/include/qpOASES/QProblem.hpp:43[m[K,
[2.238s]                  from [01m[K/home/tony/webots_ws/src/qpOASES/include/qpOASES.hpp:67[m[K,
[2.238s]                  from [01m[K/home/tony/webots_ws/src/mpc_controller/include/mpc_controller/mpc_controller.hpp:4[m[K,
[2.238s]                  from [01m[K/home/tony/webots_ws/src/mpc_controller/src/control_node.cpp:5[m[K:
[2.238s] [01m[K/home/tony/webots_ws/src/qpOASES/include/qpOASES/ConstraintProduct.hpp:[m[K In copy constructor ‘[01m[KqpOASES::ConstraintProduct::ConstraintProduct(const qpOASES::ConstraintProduct&)[m[K’:
[2.238s] [01m[K/home/tony/webots_ws/src/qpOASES/include/qpOASES/ConstraintProduct.hpp:64:47:[m[K [01;35m[Kwarning: [m[Kunused parameter ‘[01m[KtoCopy[m[K’ [[01;35m[K-Wunused-parameter[m[K]
[2.238s]    64 |   ConstraintProduct( [01;35m[Kconst ConstraintProduct &toCopy[m[K /**< Rhs object. */
[2.238s]       |                      [01;35m[K~~~~~~~~~~~~~~~~~~~~~~~~~^~~~~~[m[K
[2.238s] [01m[K/home/tony/webots_ws/src/qpOASES/include/qpOASES/ConstraintProduct.hpp:[m[K In member function ‘[01m[KqpOASES::ConstraintProduct& qpOASES::ConstraintProduct::operator=(const qpOASES::ConstraintProduct&)[m[K’:
[2.238s] [01m[K/home/tony/webots_ws/src/qpOASES/include/qpOASES/ConstraintProduct.hpp:71:58:[m[K [01;35m[Kwarning: [m[Kunused parameter ‘[01m[KtoCopy[m[K’ [[01;35m[K-Wunused-parameter[m[K]
[2.238s]    71 |   ConstraintProduct &operator=( [01;35m[Kconst ConstraintProduct &toCopy[m[K /**< Rhs object. */
[2.238s]       |                                 [01;35m[K~~~~~~~~~~~~~~~~~~~~~~~~~^~~~~~[m[K
[3.037s] [01m[K/home/tony/webots_ws/src/mpc_controller/src/control_node.cpp:[m[K At global scope:
[3.037s] [01m[K/home/tony/webots_ws/src/mpc_controller/src/control_node.cpp:58:48:[m[K [01;31m[Kerror: [m[K‘[01m[Kbspline[m[K’ is not a member of ‘[01m[Ktraj_interfaces::msg[m[K’; did you mean ‘[01m[KBspline[m[K’?
[3.038s]    58 |     rclcpp::Subscription<traj_interfaces::msg::[01;31m[Kbspline[m[K>::SharedPtr sub_bspline_mag;
[3.038s]       |                                                [01;31m[K^~~~~~~[m[K
[3.038s]       |                                                [32m[KBspline[m[K
[3.038s] [01m[K/home/tony/webots_ws/src/mpc_controller/src/control_node.cpp:58:48:[m[K [01;31m[Kerror: [m[K‘[01m[Kbspline[m[K’ is not a member of ‘[01m[Ktraj_interfaces::msg[m[K’; did you mean ‘[01m[KBspline[m[K’?
[3.038s]    58 |     rclcpp::Subscription<traj_interfaces::msg::[01;31m[Kbspline[m[K>::SharedPtr sub_bspline_mag;
[3.038s]       |                                                [01;31m[K^~~~~~~[m[K
[3.038s]       |                                                [32m[KBspline[m[K
[3.038s] [01m[K/home/tony/webots_ws/src/mpc_controller/src/control_node.cpp:58:55:[m[K [01;31m[Kerror: [m[Ktemplate argument 1 is invalid
[3.038s]    58 |     rclcpp::Subscription<traj_interfaces::msg::bspline[01;31m[K>[m[K::SharedPtr sub_bspline_mag;
[3.038s]       |                                                       [01;31m[K^[m[K
[3.038s] [01m[K/home/tony/webots_ws/src/mpc_controller/src/control_node.cpp:58:55:[m[K [01;31m[Kerror: [m[Ktemplate argument 3 is invalid
[3.038s] [01m[K/home/tony/webots_ws/src/mpc_controller/src/control_node.cpp:58:58:[m[K [01;31m[Kerror: [m[Kexpected ‘[01m[K;[m[K’ at end of member declaration
[3.038s]    58 |     rclcpp::Subscription<traj_interfaces::msg::bspline>::[01;31m[KSharedPtr[m[K sub_bspline_mag;
[3.038s]       |                                                          [01;31m[K^~~~~~~~~[m[K
[3.038s]       |                                                                   [32m[K;[m[K
[3.039s] [01m[K/home/tony/webots_ws/src/mpc_controller/src/control_node.cpp:58:68:[m[K [01;31m[Kerror: [m[K‘[01m[Ksub_bspline_mag[m[K’ does not name a type
[3.039s]    58 |     rclcpp::Subscription<traj_interfaces::msg::bspline>::SharedPtr [01;31m[Ksub_bspline_mag[m[K;
[3.039s]       |                                                                    [01;31m[K^~~~~~~~~~~~~~~[m[K
[3.054s] [01m[K/home/tony/webots_ws/src/mpc_controller/src/control_node.cpp:[m[K In constructor ‘[01m[Kcontrol_node::control_node(std::string)[m[K’:
[3.054s] [01m[K/home/tony/webots_ws/src/mpc_controller/src/control_node.cpp:50:9:[m[K [01;31m[Kerror: [m[K‘[01m[Ksub_bspline_msg[m[K’ was not declared in this scope
[3.054s]    50 |         [01;31m[Ksub_bspline_msg[m[K = this->create_subscription<traj_interfaces::msg::bspline>("/traj_pub/bspline_traj", 10, std::bind(&control_node::traj_callback, this, std::placeholders::_1));
[3.054s]       |         [01;31m[K^~~~~~~~~~~~~~~[m[K
[3.054s] [01m[K/home/tony/webots_ws/src/mpc_controller/src/control_node.cpp:50:75:[m[K [01;31m[Kerror: [m[K‘[01m[Kbspline[m[K’ is not a member of ‘[01m[Ktraj_interfaces::msg[m[K’; did you mean ‘[01m[KBspline[m[K’?
[3.054s]    50 |         sub_bspline_msg = this->create_subscription<traj_interfaces::msg::[01;31m[Kbspline[m[K>("/traj_pub/bspline_traj", 10, std::bind(&control_node::traj_callback, this, std::placeholders::_1));
[3.054s]       |                                                                           [01;31m[K^~~~~~~[m[K
[3.054s]       |                                                                           [32m[KBspline[m[K
[3.054s] [01m[K/home/tony/webots_ws/src/mpc_controller/src/control_node.cpp:50:75:[m[K [01;31m[Kerror: [m[K‘[01m[Kbspline[m[K’ is not a member of ‘[01m[Ktraj_interfaces::msg[m[K’; did you mean ‘[01m[KBspline[m[K’?
[3.054s]    50 |         sub_bspline_msg = this->create_subscription<traj_interfaces::msg::[01;31m[Kbspline[m[K>("/traj_pub/bspline_traj", 10, std::bind(&control_node::traj_callback, this, std::placeholders::_1));
[3.054s]       |                                                                           [01;31m[K^~~~~~~[m[K
[3.054s]       |                                                                           [32m[KBspline[m[K
[3.055s] [01m[K/home/tony/webots_ws/src/mpc_controller/src/control_node.cpp:50:182:[m[K [01;31m[Kerror: [m[Kno matching function for call to ‘[01m[Kcontrol_node::create_subscription<<expression error> >(const char [23], int, std::_Bind_helper<false, void (control_node::*)(std::shared_ptr<nav_msgs::msg::Path_<std::allocator<void> > >), control_node*, const std::_Placeholder<1>&>::type)[m[K’
[3.055s]    50 | ", 10, std::bind(&control_node::traj_callback, this, std::placeholders::_1)[01;31m[K)[m[K;
[3.055s]       |                                                                            [01;31m[K^[m[K
[3.055s] 
[3.055s] In file included from [01m[K/opt/ros/foxy/include/rclcpp/node.hpp:1224[m[K,
[3.055s]                  from [01m[K/opt/ros/foxy/include/rclcpp/executors/single_threaded_executor.hpp:28[m[K,
[3.055s]                  from [01m[K/opt/ros/foxy/include/rclcpp/executors.hpp:22[m[K,
[3.055s]                  from [01m[K/opt/ros/foxy/include/rclcpp/rclcpp.hpp:146[m[K,
[3.055s]                  from [01m[K/home/tony/webots_ws/src/mpc_controller/src/control_node.cpp:4[m[K:
[3.056s] [01m[K/opt/ros/foxy/include/rclcpp/node_impl.hpp:91:1:[m[K [01;36m[Knote: [m[Kcandidate: ‘[01m[Ktemplate<class MessageT, class CallbackT, class AllocatorT, class CallbackMessageT, class SubscriptionT, class MessageMemoryStrategyT> std::shared_ptr<SubscriptionT> rclcpp::Node::create_subscription(const string&, const rclcpp::QoS&, CallbackT&&, const rclcpp::SubscriptionOptionsWithAllocator<AllocatorT>&, typename MessageMemoryStrategyT::SharedPtr)[m[K’
[3.056s]    91 | [01;36m[KNode[m[K::create_subscription(
[3.056s]       | [01;36m[K^~~~[m[K
[3.056s] [01m[K/opt/ros/foxy/include/rclcpp/node_impl.hpp:91:1:[m[K [01;36m[Knote: [m[K  template argument deduction/substitution failed:
[3.056s] [01m[K/home/tony/webots_ws/src/mpc_controller/src/control_node.cpp:50:182:[m[K [01;31m[Kerror: [m[Ktemplate argument 1 is invalid
[3.056s]    50 | ", 10, std::bind(&control_node::traj_callback, this, std::placeholders::_1)[01;31m[K)[m[K;
[3.056s]       |                                                                            [01;31m[K^[m[K
[3.056s] 
[3.063s] [01m[K/home/tony/webots_ws/src/mpc_controller/src/control_node.cpp:[m[K In member function ‘[01m[Kvoid control_node::traj_callback(nav_msgs::msg::Path_<std::allocator<void> >::SharedPtr)[m[K’:
[3.063s] [01m[K/home/tony/webots_ws/src/mpc_controller/src/control_node.cpp:103:36:[m[K [01;31m[Kerror: [m[K‘[01m[Kusing element_type = struct nav_msgs::msg::Path_<std::allocator<void> >[m[K’ {aka ‘[01m[Kstruct nav_msgs::msg::Path_<std::allocator<void> >[m[K’} has no member named ‘[01m[Kknots[m[K’
[3.063s]   103 |         Eigen::VectorXd knots(msg->[01;31m[Kknots[m[K.size());
[3.063s]       |                                    [01;31m[K^~~~~[m[K
[3.063s] [01m[K/home/tony/webots_ws/src/mpc_controller/src/control_node.cpp:105:37:[m[K [01;31m[Kerror: [m[K‘[01m[Kusing element_type = struct nav_msgs::msg::Path_<std::allocator<void> >[m[K’ {aka ‘[01m[Kstruct nav_msgs::msg::Path_<std::allocator<void> >[m[K’} has no member named ‘[01m[Kknots[m[K’
[3.063s]   105 |         for (size_t i = 0; i < msg->[01;31m[Kknots[m[K.size(); ++i)
[3.063s]       |                                     [01;31m[K^~~~~[m[K
[3.064s] [01m[K/home/tony/webots_ws/src/mpc_controller/src/control_node.cpp:107:29:[m[K [01;31m[Kerror: [m[K‘[01m[Kusing element_type = struct nav_msgs::msg::Path_<std::allocator<void> >[m[K’ {aka ‘[01m[Kstruct nav_msgs::msg::Path_<std::allocator<void> >[m[K’} has no member named ‘[01m[Kknots[m[K’
[3.064s]   107 |             knots(i) = msg->[01;31m[Kknots[m[K[i];
[3.064s]       |                             [01;31m[K^~~~~[m[K
[3.064s] [01m[K/home/tony/webots_ws/src/mpc_controller/src/control_node.cpp:110:37:[m[K [01;31m[Kerror: [m[K‘[01m[Kusing element_type = struct nav_msgs::msg::Path_<std::allocator<void> >[m[K’ {aka ‘[01m[Kstruct nav_msgs::msg::Path_<std::allocator<void> >[m[K’} has no member named ‘[01m[Kpos_pts[m[K’; did you mean ‘[01m[Kposes[m[K’?
[3.064s]   110 |         for (size_t i = 0; i < msg->[01;31m[Kpos_pts[m[K.size(); ++i)
[3.064s]       |                                     [01;31m[K^~~~~~~[m[K
[3.064s]       |                                     [32m[Kposes[m[K
[3.065s] [01m[K/home/tony/webots_ws/src/mpc_controller/src/control_node.cpp:112:34:[m[K [01;31m[Kerror: [m[K‘[01m[Kusing element_type = struct nav_msgs::msg::Path_<std::allocator<void> >[m[K’ {aka ‘[01m[Kstruct nav_msgs::msg::Path_<std::allocator<void> >[m[K’} has no member named ‘[01m[Kpos_pts[m[K’; did you mean ‘[01m[Kposes[m[K’?
[3.065s]   112 |             pos_pts(0, i) = msg->[01;31m[Kpos_pts[m[K[i].x;
[3.065s]       |                                  [01;31m[K^~~~~~~[m[K
[3.065s]       |                                  [32m[Kposes[m[K
[3.065s] [01m[K/home/tony/webots_ws/src/mpc_controller/src/control_node.cpp:113:34:[m[K [01;31m[Kerror: [m[K‘[01m[Kusing element_type = struct nav_msgs::msg::Path_<std::allocator<void> >[m[K’ {aka ‘[01m[Kstruct nav_msgs::msg::Path_<std::allocator<void> >[m[K’} has no member named ‘[01m[Kpos_pts[m[K’; did you mean ‘[01m[Kposes[m[K’?
[3.065s]   113 |             pos_pts(1, i) = msg->[01;31m[Kpos_pts[m[K[i].y;
[3.065s]       |                                  [01;31m[K^~~~~~~[m[K
[3.065s]       |                                  [32m[Kposes[m[K
[3.065s] [01m[K/home/tony/webots_ws/src/mpc_controller/src/control_node.cpp:114:34:[m[K [01;31m[Kerror: [m[K‘[01m[Kusing element_type = struct nav_msgs::msg::Path_<std::allocator<void> >[m[K’ {aka ‘[01m[Kstruct nav_msgs::msg::Path_<std::allocator<void> >[m[K’} has no member named ‘[01m[Kpos_pts[m[K’; did you mean ‘[01m[Kposes[m[K’?
[3.065s]   114 |             pos_pts(2, i) = msg->[01;31m[Kpos_pts[m[K[i].z;
[3.066s]       |                                  [01;31m[K^~~~~~~[m[K
[3.066s]       |                                  [32m[Kposes[m[K
[3.066s] [01m[K/home/tony/webots_ws/src/mpc_controller/src/control_node.cpp:117:64:[m[K [01;31m[Kerror: [m[K‘[01m[Kusing element_type = struct nav_msgs::msg::Path_<std::allocator<void> >[m[K’ {aka ‘[01m[Kstruct nav_msgs::msg::Path_<std::allocator<void> >[m[K’} has no member named ‘[01m[Korder[m[K’
[3.066s]   117 |         bspline_planner::UniformBspline pos_traj(pos_pts, msg->[01;31m[Korder[m[K, 0.1);
[3.066s]       |                                                                [01;31m[K^~~~~[m[K
[3.066s] [01m[K/home/tony/webots_ws/src/mpc_controller/src/control_node.cpp:120:28:[m[K [01;31m[Kerror: [m[K‘[01m[Kusing element_type = struct nav_msgs::msg::Path_<std::allocator<void> >[m[K’ {aka ‘[01m[Kstruct nav_msgs::msg::Path_<std::allocator<void> >[m[K’} has no member named ‘[01m[Kstart_time[m[K’
[3.066s]   120 |         start_time_ = msg->[01;31m[Kstart_time[m[K;
[3.066s]       |                            [01;31m[K^~~~~~~~~~[m[K
[3.067s] [01m[K/home/tony/webots_ws/src/mpc_controller/src/control_node.cpp:121:9:[m[K [01;31m[Kerror: [m[K‘[01m[Ktraj_id_[m[K’ was not declared in this scope; did you mean ‘[01m[Ktraj_[m[K’?
[3.067s]   121 |         [01;31m[Ktraj_id_[m[K = msg->traj_id;
[3.067s]       |         [01;31m[K^~~~~~~~[m[K
[3.067s]       |         [32m[Ktraj_[m[K
[3.067s] [01m[K/home/tony/webots_ws/src/mpc_controller/src/control_node.cpp:121:25:[m[K [01;31m[Kerror: [m[K‘[01m[Kusing element_type = struct nav_msgs::msg::Path_<std::allocator<void> >[m[K’ {aka ‘[01m[Kstruct nav_msgs::msg::Path_<std::allocator<void> >[m[K’} has no member named ‘[01m[Ktraj_id[m[K’
[3.068s]   121 |         traj_id_ = msg->[01;31m[Ktraj_id[m[K;
[3.068s]       |                         [01;31m[K^~~~~~~[m[K
[3.068s] [01m[K/home/tony/webots_ws/src/mpc_controller/src/control_node.cpp:124:32:[m[K [01;31m[Kerror: [m[Kno matching function for call to ‘[01m[Kstd::vector<bspline_planner::UniformBspline>::push_back(Eigen::MatrixXd&)[m[K’
[3.068s]   124 |         traj_.push_back(pos_pts[01;31m[K)[m[K;
[3.068s]       |                                [01;31m[K^[m[K
[3.068s] In file included from [01m[K/usr/include/c++/9/vector:67[m[K,
[3.068s]                  from [01m[K/opt/ros/foxy/include/rosidl_runtime_cpp/bounded_vector.hpp:22[m[K,
[3.068s]                  from [01m[K/opt/ros/foxy/include/std_msgs/msg/detail/u_int8__struct.hpp:8[m[K,
[3.068s]                  from [01m[K/opt/ros/foxy/include/std_msgs/msg/u_int8.hpp:7[m[K,
[3.068s]                  from [01m[K/home/tony/webots_ws/src/mpc_controller/src/control_node.cpp:3[m[K:
[3.068s] [01m[K/usr/include/c++/9/bits/stl_vector.h:1184:7:[m[K [01;36m[Knote: [m[Kcandidate: ‘[01m[Kvoid std::vector<_Tp, _Alloc>::push_back(const value_type&) [with _Tp = bspline_planner::UniformBspline; _Alloc = std::allocator<bspline_planner::UniformBspline>; std::vector<_Tp, _Alloc>::value_type = bspline_planner::UniformBspline][m[K’
[3.068s]  1184 |       [01;36m[Kpush_back[m[K(const value_type& __x)
[3.068s]       |       [01;36m[K^~~~~~~~~[m[K
[3.068s] [01m[K/usr/include/c++/9/bits/stl_vector.h:1184:35:[m[K [01;36m[Knote: [m[K  no known conversion for argument 1 from ‘[01m[KEigen::MatrixXd[m[K’ {aka ‘[01m[KEigen::Matrix<double, -1, -1>[m[K’} to ‘[01m[Kconst value_type&[m[K’ {aka ‘[01m[Kconst bspline_planner::UniformBspline&[m[K’}
[3.068s]  1184 |       push_back([01;36m[Kconst value_type& __x[m[K)
[3.068s]       |                 [01;36m[K~~~~~~~~~~~~~~~~~~^~~[m[K
[3.068s] [01m[K/usr/include/c++/9/bits/stl_vector.h:1200:7:[m[K [01;36m[Knote: [m[Kcandidate: ‘[01m[Kvoid std::vector<_Tp, _Alloc>::push_back(std::vector<_Tp, _Alloc>::value_type&&) [with _Tp = bspline_planner::UniformBspline; _Alloc = std::allocator<bspline_planner::UniformBspline>; std::vector<_Tp, _Alloc>::value_type = bspline_planner::UniformBspline][m[K’
[3.069s]  1200 |       [01;36m[Kpush_back[m[K(value_type&& __x)
[3.069s]       |       [01;36m[K^~~~~~~~~[m[K
[3.069s] [01m[K/usr/include/c++/9/bits/stl_vector.h:1200:30:[m[K [01;36m[Knote: [m[K  no known conversion for argument 1 from ‘[01m[KEigen::MatrixXd[m[K’ {aka ‘[01m[KEigen::Matrix<double, -1, -1>[m[K’} to ‘[01m[Kstd::vector<bspline_planner::UniformBspline>::value_type&&[m[K’ {aka ‘[01m[Kbspline_planner::UniformBspline&&[m[K’}
[3.069s]  1200 |       push_back([01;36m[Kvalue_type&& __x[m[K)
[3.069s]       |                 [01;36m[K~~~~~~~~~~~~~^~~[m[K
[3.098s] [01m[K/home/tony/webots_ws/src/mpc_controller/src/control_node.cpp:[m[K In member function ‘[01m[Kvoid control_node::MPC_calculate(double&)[m[K’:
[3.099s] [01m[K/home/tony/webots_ws/src/mpc_controller/src/control_node.cpp:251:29:[m[K [01;31m[Kerror: [m[Kexpected primary-expression before ‘[01m[K.[m[K’ token
[3.099s]   251 |         u_k = MPC_controller[01;31m[K.[m[KMPC_Solve_qp(X_k, X_r, U_r, N); // 当前状态，参考状态，参考输入，预测步数
[3.099s]       |                             [01;31m[K^[m[K
[3.111s] [01m[K/home/tony/webots_ws/src/mpc_controller/src/control_node.cpp:271:13:[m[K [01;31m[Kerror: [m[K‘[01m[KROS_WARN[m[K’ was not declared in this scope
[3.111s]   271 |             [01;31m[KROS_WARN[m[K("U r :");
[3.111s]       |             [01;31m[K^~~~~~~~[m[K
[3.111s] [01m[K/home/tony/webots_ws/src/mpc_controller/src/control_node.cpp:272:31:[m[K [01;35m[Kwarning: [m[Kcomparison of integer expressions of different signedness: ‘[01m[Kint[m[K’ and ‘[01m[Kstd::vector<Eigen::Matrix<double, 2, 1> >::size_type[m[K’ {aka ‘[01m[Klong unsigned int[m[K’} [[01;35m[K-Wsign-compare[m[K]
[3.111s]   272 |             for (int i = 0; [01;35m[Ki < U_r.size()[m[K; i++)
[3.111s]       |                             [01;35m[K~~^~~~~~~~~~~~[m[K
[3.114s] [01m[K/home/tony/webots_ws/src/mpc_controller/src/control_node.cpp:290:23:[m[K [01;31m[Kerror: [m[K‘[01m[Kusing SharedPtr = class std::shared_ptr<rclcpp::Publisher<motor_interfaces::msg::Motor_<std::allocator<void> > > >[m[K’ {aka ‘[01m[Kclass std::shared_ptr<rclcpp::Publisher<motor_interfaces::msg::Motor_<std::allocator<void> > > >[m[K’} has no member named ‘[01m[Kpublish[m[K’
[3.114s]   290 |         pub_motor_cmd.[01;31m[Kpublish[m[K(motor_cmd);
[3.114s]       |                       [01;31m[K^~~~~~~[m[K
[3.114s] [01m[K/home/tony/webots_ws/src/mpc_controller/src/control_node.cpp:150:16:[m[K [01;35m[Kwarning: [m[Kunused variable ‘[01m[Kyaw_start[m[K’ [[01;35m[K-Wunused-variable[m[K]
[3.115s]   150 |         double [01;35m[Kyaw_start[m[K = atan2(vel_start(1), vel_start(0));       // 初始航向角
[3.115s]       |                [01;35m[K^~~~~~~~~[m[K
[3.117s] [01m[K/home/tony/webots_ws/src/mpc_controller/src/control_node.cpp:[m[K In member function ‘[01m[Kvoid control_node::cmdCallback()[m[K’:
[3.117s] [01m[K/home/tony/webots_ws/src/mpc_controller/src/control_node.cpp:296:13:[m[K [01;31m[Kerror: [m[K‘[01m[Kstop_command[m[K’ was not declared in this scope
[3.118s]   296 |         if ([01;31m[Kstop_command[m[K.data == 1)
[3.118s]       |             [01;31m[K^~~~~~~~~~~~[m[K
[3.119s] [01m[K/home/tony/webots_ws/src/mpc_controller/src/control_node.cpp:300:13:[m[K [01;31m[Kerror: [m[K‘[01m[Kvel_cmd_pub[m[K’ was not declared in this scope
[3.119s]   300 |             [01;31m[Kvel_cmd_pub[m[K.publish(motor_cmd);
[3.119s]       |             [01;31m[K^~~~~~~~~~~[m[K
[3.119s] [01m[K/home/tony/webots_ws/src/mpc_controller/src/control_node.cpp:309:47:[m[K [01;31m[Kerror: [m[K‘[01m[Kclass rclcpp::Duration[m[K’ has no member named ‘[01m[KtoSec[m[K’
[3.119s]   309 |         double t_cur = (time_s - start_time_).[01;31m[KtoSec[m[K();
[3.119s]       |                                               [01;31m[K^~~~~[m[K
[3.121s] [01m[K/home/tony/webots_ws/src/mpc_controller/src/control_node.cpp:325:13:[m[K [01;31m[Kerror: [m[K‘[01m[Kvel_cmd_pub[m[K’ was not declared in this scope
[3.121s]   325 |             [01;31m[Kvel_cmd_pub[m[K->publish(motor_cmd);
[3.121s]       |             [01;31m[K^~~~~~~~~~~[m[K
[3.129s] [01m[K/home/tony/webots_ws/src/mpc_controller/src/control_node.cpp:[m[K In function ‘[01m[Kint main(int, char**)[m[K’:
[3.130s] [01m[K/home/tony/webots_ws/src/mpc_controller/src/control_node.cpp:343:139:[m[K [01;31m[Kerror: [m[Kinvalid use of ‘[01m[Kthis[m[K’ in non-member function
[3.130s]   343 | timer(std::chrono::milliseconds(30), std::bind(&control_node::cmdCallback, [01;31m[Kthis[m[K));
[3.130s]       |                                                                            [01;31m[K^~~~[m[K
[3.130s] 
[3.713s] In file included from [01m[K/usr/include/x86_64-linux-gnu/c++/9/bits/c++allocator.h:33[m[K,
[3.713s]                  from [01m[K/usr/include/c++/9/bits/allocator.h:46[m[K,
[3.713s]                  from [01m[K/usr/include/c++/9/memory:63[m[K,
[3.713s]                  from [01m[K/opt/ros/foxy/include/rosidl_runtime_cpp/bounded_vector.hpp:19[m[K,
[3.713s]                  from [01m[K/opt/ros/foxy/include/std_msgs/msg/detail/u_int8__struct.hpp:8[m[K,
[3.714s]                  from [01m[K/opt/ros/foxy/include/std_msgs/msg/u_int8.hpp:7[m[K,
[3.714s]                  from [01m[K/home/tony/webots_ws/src/mpc_controller/src/control_node.cpp:3[m[K:
[3.714s] /usr/include/c++/9/ext/new_allocator.h: In instantiation of ‘[01m[Kvoid __gnu_cxx::new_allocator<_Tp>::construct(_Up*, _Args&& ...) [with _Up = control_node; _Args = {const char (&)[13]}; _Tp = control_node][m[K’:
[3.714s] [01m[K/usr/include/c++/9/bits/alloc_traits.h:483:4:[m[K   required from ‘[01m[Kstatic void std::allocator_traits<std::allocator<_Tp> >::construct(std::allocator_traits<std::allocator<_Tp> >::allocator_type&, _Up*, _Args&& ...) [with _Up = control_node; _Args = {const char (&)[13]}; _Tp = control_node; std::allocator_traits<std::allocator<_Tp> >::allocator_type = std::allocator<control_node>][m[K’
[3.714s] [01m[K/usr/include/c++/9/bits/shared_ptr_base.h:548:39:[m[K   required from ‘[01m[Kstd::_Sp_counted_ptr_inplace<_Tp, _Alloc, _Lp>::_Sp_counted_ptr_inplace(_Alloc, _Args&& ...) [with _Args = {const char (&)[13]}; _Tp = control_node; _Alloc = std::allocator<control_node>; __gnu_cxx::_Lock_policy _Lp = __gnu_cxx::_S_atomic][m[K’
[3.714s] [01m[K/usr/include/c++/9/bits/shared_ptr_base.h:679:16:[m[K   required from ‘[01m[Kstd::__shared_count<_Lp>::__shared_count(_Tp*&, std::_Sp_alloc_shared_tag<_Alloc>, _Args&& ...) [with _Tp = control_node; _Alloc = std::allocator<control_node>; _Args = {const char (&)[13]}; __gnu_cxx::_Lock_policy _Lp = __gnu_cxx::_S_atomic][m[K’
[3.714s] [01m[K/usr/include/c++/9/bits/shared_ptr_base.h:1344:71:[m[K   required from ‘[01m[Kstd::__shared_ptr<_Tp, _Lp>::__shared_ptr(std::_Sp_alloc_shared_tag<_Tp>, _Args&& ...) [with _Alloc = std::allocator<control_node>; _Args = {const char (&)[13]}; _Tp = control_node; __gnu_cxx::_Lock_policy _Lp = __gnu_cxx::_S_atomic][m[K’
[3.714s] [01m[K/usr/include/c++/9/bits/shared_ptr.h:359:59:[m[K   required from ‘[01m[Kstd::shared_ptr<_Tp>::shared_ptr(std::_Sp_alloc_shared_tag<_Tp>, _Args&& ...) [with _Alloc = std::allocator<control_node>; _Args = {const char (&)[13]}; _Tp = control_node][m[K’
[3.714s] [01m[K/usr/include/c++/9/bits/shared_ptr.h:701:14:[m[K   required from ‘[01m[Kstd::shared_ptr<_Tp> std::allocate_shared(const _Alloc&, _Args&& ...) [with _Tp = control_node; _Alloc = std::allocator<control_node>; _Args = {const char (&)[13]}][m[K’
[3.714s] [01m[K/usr/include/c++/9/bits/shared_ptr.h:717:39:[m[K   required from ‘[01m[Kstd::shared_ptr<_Tp> std::make_shared(_Args&& ...) [with _Tp = control_node; _Args = {const char (&)[13]}][m[K’
[3.714s] [01m[K/home/tony/webots_ws/src/mpc_controller/src/control_node.cpp:341:62:[m[K   required from here
[3.714s] [01m[K/usr/include/c++/9/ext/new_allocator.h:146:4:[m[K [01;31m[Kerror: [m[K‘[01m[Kcontrol_node::control_node(std::string)[m[K’ is private within this context
[3.714s]   146 |  { [01;31m[K::new((void *)__p) _Up(std::forward<_Args>(__args)...)[m[K; }
[3.714s]       |    [01;31m[K^~~~~~~~~~~~~~~~~~~~~~~~~~~~~~~~~~~~~~~~~~~~~~~~~~~~~~[m[K
[3.714s] [01m[K/home/tony/webots_ws/src/mpc_controller/src/control_node.cpp:45:5:[m[K [01;36m[Knote: [m[Kdeclared private here
[3.714s]    45 |     [01;36m[Kcontrol_node[m[K(std::string node_name) : Node(node_name)
[3.715s]       |     [01;36m[K^~~~~~~~~~~~[m[K
[4.966s] make[2]: *** [CMakeFiles/control_node.dir/build.make:63: CMakeFiles/control_node.dir/src/control_node.cpp.o] Error 1
[4.966s] make[1]: *** [CMakeFiles/Makefile2:78: CMakeFiles/control_node.dir/all] Error 2
[4.966s] make: *** [Makefile:141: all] Error 2
[4.969s] Invoked command in '/home/tony/webots_ws/build/mpc_controller' returned '2': CMAKE_PREFIX_PATH=/home/tony/webots_ws/install/traj_interfaces:/home/tony/webots_ws/install/motor_interfaces:/home/tony/webots_ws/install/traj_publish:/home/tony/webots_ws/install/my_package:/home/tony/webots_ws/install/my_mir_package:/opt/ros/foxy PYTHONPATH=/home/tony/webots_ws/install/traj_interfaces/lib/python3.8/site-packages:/home/tony/webots_ws/install/motor_interfaces/lib/python3.8/site-packages:/home/tony/webots_ws/install/my_package/lib/python3.8/site-packages:/home/tony/webots_ws/install/my_mir_package/lib/python3.8/site-packages:/opt/ros/foxy/lib/python3.8/site-packages /usr/bin/cmake --build /home/tony/webots_ws/build/mpc_controller -- -j16 -l16
